Compose can now delegate builds to bake for better performance.
 To do so, set COMPOSE_BAKE=true.
#0 building with "default" instance using docker driver

#1 [app internal] load build definition from Dockerfile
#1 transferring dockerfile: 2.01kB done
#1 DONE 0.0s

#2 [app internal] load metadata for docker.io/library/node:18-bullseye
#2 DONE 0.2s

#3 [app internal] load metadata for docker.io/library/python:3.9-slim
#3 DONE 0.5s

#4 [app internal] load .dockerignore
#4 transferring context: 236B done
#4 DONE 0.0s

#5 [app backend-prod  1/11] FROM docker.io/library/python:3.9-slim@sha256:bef8d69306a7905f55cd523f5604de1dde45bbf745ba896dbb89f6d15c727170
#5 resolve docker.io/library/python:3.9-slim@sha256:bef8d69306a7905f55cd523f5604de1dde45bbf745ba896dbb89f6d15c727170 0.0s done
#5 DONE 0.0s

#6 [app backend-prod  2/11] WORKDIR /app
#6 CACHED

#7 [app internal] load build context
#7 transferring context: 5.23MB 0.1s done
#7 DONE 0.1s

#8 [app auth] library/node:pull token for registry-1.docker.io
#8 DONE 0.0s

#9 [app frontend-builder  1/12] FROM docker.io/library/node:18-bullseye@sha256:18771cbc2ddf2fa1b11ff793fcc12e583f7cc4599c2d5f9ab776e7e83e4aa42f
#9 resolve docker.io/library/node:18-bullseye@sha256:18771cbc2ddf2fa1b11ff793fcc12e583f7cc4599c2d5f9ab776e7e83e4aa42f
#9 resolve docker.io/library/node:18-bullseye@sha256:18771cbc2ddf2fa1b11ff793fcc12e583f7cc4599c2d5f9ab776e7e83e4aa42f 0.8s done
#9 DONE 0.8s

#10 [app frontend-builder  2/12] WORKDIR /app
#10 CACHED

#11 [app frontend-builder  3/12] COPY frontend/package.json ./frontend/
#11 DONE 0.0s

#12 [app backend-prod  3/11] RUN apt-get update && apt-get install -y     build-essential     && rm -rf /var/lib/apt/lists/*
#12 0.596 Get:1 http://deb.debian.org/debian bookworm InRelease [151 kB]
#12 0.684 Get:2 http://deb.debian.org/debian bookworm-updates InRelease [55.4 kB]
#12 0.711 Get:3 http://deb.debian.org/debian-security bookworm-security InRelease [48.0 kB]
#12 0.751 Get:4 http://deb.debian.org/debian bookworm/main arm64 Packages [8692 kB]
#12 ...

#13 [app frontend-builder  4/12] COPY frontend/yarn.lock ./frontend/
#13 DONE 0.0s

#14 [app frontend-builder  5/12] WORKDIR /app/frontend
#14 DONE 0.0s

#15 [app frontend-builder  6/12] RUN rm -rf node_modules
#15 DONE 0.1s

#12 [app backend-prod  3/11] RUN apt-get update && apt-get install -y     build-essential     && rm -rf /var/lib/apt/lists/*
#12 1.072 Get:5 http://deb.debian.org/debian bookworm-updates/main arm64 Packages [512 B]
#12 1.073 Get:6 http://deb.debian.org/debian-security bookworm-security/main arm64 Packages [254 kB]
#12 1.781 Fetched 9201 kB in 2s (5591 kB/s)
#12 1.781 Reading package lists...
#12 2.112 Reading package lists...
#12 2.429 Building dependency tree...
#12 2.517 Reading state information...
#12 2.649 The following additional packages will be installed:
#12 2.649   binutils binutils-aarch64-linux-gnu binutils-common bzip2 cpp cpp-12 dirmngr
#12 2.649   dpkg-dev fakeroot fontconfig-config fonts-dejavu-core g++ g++-12 gcc gcc-12
#12 2.649   gnupg gnupg-l10n gnupg-utils gpg gpg-agent gpg-wks-client gpg-wks-server
#12 2.649   gpgconf gpgsm libabsl20220623 libalgorithm-diff-perl
#12 2.649   libalgorithm-diff-xs-perl libalgorithm-merge-perl libaom3 libasan8
#12 2.649   libassuan0 libatomic1 libavif15 libbinutils libbrotli1 libbsd0 libc-dev-bin
#12 2.649   libc-devtools libc6-dev libcc1-0 libcrypt-dev libctf-nobfd0 libctf0
#12 2.649   libdav1d6 libde265-0 libdeflate0 libdpkg-perl libexpat1 libfakeroot
#12 2.649   libfile-fcntllock-perl libfontconfig1 libfreetype6 libgav1-1 libgcc-12-dev
#12 2.649   libgd3 libgdbm-compat4 libgomp1 libgprofng0 libheif1 libhwasan0 libisl23
#12 2.650   libitm1 libjansson4 libjbig0 libjpeg62-turbo libksba8 libldap-2.5-0
#12 2.650   libldap-common liblerc4 liblocale-gettext-perl liblsan0 libmpc3 libmpfr6
#12 2.650   libnpth0 libnsl-dev libnuma1 libperl5.36 libpng16-16 librav1e0 libsasl2-2
#12 2.650   libsasl2-modules libsasl2-modules-db libstdc++-12-dev libsvtav1enc1 libtiff6
#12 2.650   libtirpc-dev libtsan2 libubsan1 libwebp7 libx11-6 libx11-data libx265-199
#12 2.650   libxau6 libxcb1 libxdmcp6 libxpm4 libyuv0 linux-libc-dev make manpages
#12 2.650   manpages-dev patch perl perl-modules-5.36 pinentry-curses rpcsvc-proto
#12 2.650   xz-utils
#12 2.651 Suggested packages:
#12 2.651   binutils-doc bzip2-doc cpp-doc gcc-12-locales cpp-12-doc dbus-user-session
#12 2.651   libpam-systemd pinentry-gnome3 tor debian-keyring gcc-12-doc gcc-multilib
#12 2.651   autoconf automake libtool flex bison gdb gcc-doc parcimonie xloadimage
#12 2.651   scdaemon glibc-doc sensible-utils git bzr libgd-tools
#12 2.651   libsasl2-modules-gssapi-mit | libsasl2-modules-gssapi-heimdal
#12 2.651   libsasl2-modules-ldap libsasl2-modules-otp libsasl2-modules-sql
#12 2.651   libstdc++-12-doc make-doc man-browser ed diffutils-doc perl-doc
#12 2.651   libterm-readline-gnu-perl | libterm-readline-perl-perl
#12 2.651   libtap-harness-archive-perl pinentry-doc
#12 2.982 The following NEW packages will be installed:
#12 2.982   binutils binutils-aarch64-linux-gnu binutils-common build-essential bzip2
#12 2.982   cpp cpp-12 dirmngr dpkg-dev fakeroot fontconfig-config fonts-dejavu-core g++
#12 2.982   g++-12 gcc gcc-12 gnupg gnupg-l10n gnupg-utils gpg gpg-agent gpg-wks-client
#12 2.982   gpg-wks-server gpgconf gpgsm libabsl20220623 libalgorithm-diff-perl
#12 2.982   libalgorithm-diff-xs-perl libalgorithm-merge-perl libaom3 libasan8
#12 2.982   libassuan0 libatomic1 libavif15 libbinutils libbrotli1 libbsd0 libc-dev-bin
#12 2.982   libc-devtools libc6-dev libcc1-0 libcrypt-dev libctf-nobfd0 libctf0
#12 2.982   libdav1d6 libde265-0 libdeflate0 libdpkg-perl libexpat1 libfakeroot
#12 2.982   libfile-fcntllock-perl libfontconfig1 libfreetype6 libgav1-1 libgcc-12-dev
#12 2.982   libgd3 libgdbm-compat4 libgomp1 libgprofng0 libheif1 libhwasan0 libisl23
#12 2.982   libitm1 libjansson4 libjbig0 libjpeg62-turbo libksba8 libldap-2.5-0
#12 2.982   libldap-common liblerc4 liblocale-gettext-perl liblsan0 libmpc3 libmpfr6
#12 2.982   libnpth0 libnsl-dev libnuma1 libperl5.36 libpng16-16 librav1e0 libsasl2-2
#12 2.982   libsasl2-modules libsasl2-modules-db libstdc++-12-dev libsvtav1enc1 libtiff6
#12 2.982   libtirpc-dev libtsan2 libubsan1 libwebp7 libx11-6 libx11-data libx265-199
#12 2.982   libxau6 libxcb1 libxdmcp6 libxpm4 libyuv0 linux-libc-dev make manpages
#12 2.983   manpages-dev patch perl perl-modules-5.36 pinentry-curses rpcsvc-proto
#12 2.983   xz-utils
#12 3.049 0 upgraded, 108 newly installed, 0 to remove and 0 not upgraded.
#12 3.049 Need to get 88.1 MB of archives.
#12 3.049 After this operation, 356 MB of additional disk space will be used.
#12 3.049 Get:1 http://deb.debian.org/debian-security bookworm-security/main arm64 perl-modules-5.36 all 5.36.0-7+deb12u2 [2815 kB]
#12 3.185 Get:2 http://deb.debian.org/debian bookworm/main arm64 libgdbm-compat4 arm64 1.23-3 [48.0 kB]
#12 3.187 Get:3 http://deb.debian.org/debian-security bookworm-security/main arm64 libperl5.36 arm64 5.36.0-7+deb12u2 [4027 kB]
#12 3.253 Get:4 http://deb.debian.org/debian-security bookworm-security/main arm64 perl arm64 5.36.0-7+deb12u2 [239 kB]
#12 3.258 Get:5 http://deb.debian.org/debian bookworm/main arm64 liblocale-gettext-perl arm64 1.07-5 [15.1 kB]
#12 3.258 Get:6 http://deb.debian.org/debian bookworm/main arm64 bzip2 arm64 1.0.8-5+b1 [48.9 kB]
#12 3.259 Get:7 http://deb.debian.org/debian bookworm/main arm64 manpages all 6.03-2 [1332 kB]
#12 3.282 Get:8 http://deb.debian.org/debian-security bookworm-security/main arm64 xz-utils arm64 5.4.1-1 [469 kB]
#12 3.289 Get:9 http://deb.debian.org/debian bookworm/main arm64 binutils-common arm64 2.40-2 [2487 kB]
#12 3.319 Get:10 http://deb.debian.org/debian bookworm/main arm64 libbinutils arm64 2.40-2 [645 kB]
#12 3.333 Get:11 http://deb.debian.org/debian bookworm/main arm64 libctf-nobfd0 arm64 2.40-2 [144 kB]
#12 3.337 Get:12 http://deb.debian.org/debian bookworm/main arm64 libctf0 arm64 2.40-2 [79.2 kB]
#12 3.338 Get:13 http://deb.debian.org/debian bookworm/main arm64 libgprofng0 arm64 2.40-2 [680 kB]
#12 3.346 Get:14 http://deb.debian.org/debian bookworm/main arm64 libjansson4 arm64 2.14-2 [40.2 kB]
#12 3.346 Get:15 http://deb.debian.org/debian bookworm/main arm64 binutils-aarch64-linux-gnu arm64 2.40-2 [2637 kB]
#12 3.381 Get:16 http://deb.debian.org/debian bookworm/main arm64 binutils arm64 2.40-2 [64.9 kB]
#12 3.381 Get:17 http://deb.debian.org/debian bookworm/main arm64 libc-dev-bin arm64 2.36-9+deb12u10 [46.2 kB]
#12 3.382 Get:18 http://deb.debian.org/debian-security bookworm-security/main arm64 linux-libc-dev arm64 6.1.135-1 [2112 kB]
#12 3.403 Get:19 http://deb.debian.org/debian bookworm/main arm64 libcrypt-dev arm64 1:4.4.33-2 [121 kB]
#12 3.404 Get:20 http://deb.debian.org/debian bookworm/main arm64 libtirpc-dev arm64 1.3.3+ds-1 [194 kB]
#12 3.423 Get:21 http://deb.debian.org/debian bookworm/main arm64 libnsl-dev arm64 1.3.0-2 [66.1 kB]
#12 3.424 Get:22 http://deb.debian.org/debian bookworm/main arm64 rpcsvc-proto arm64 1.4.3-1 [59.7 kB]
#12 3.425 Get:23 http://deb.debian.org/debian bookworm/main arm64 libc6-dev arm64 2.36-9+deb12u10 [1431 kB]
#12 3.438 Get:24 http://deb.debian.org/debian bookworm/main arm64 libisl23 arm64 0.25-1.1 [610 kB]
#12 3.444 Get:25 http://deb.debian.org/debian bookworm/main arm64 libmpfr6 arm64 4.2.0-1 [600 kB]
#12 3.469 Get:26 http://deb.debian.org/debian bookworm/main arm64 libmpc3 arm64 1.3.1-1 [49.2 kB]
#12 3.474 Get:27 http://deb.debian.org/debian bookworm/main arm64 cpp-12 arm64 12.2.0-14 [8226 kB]
#12 3.591 Get:28 http://deb.debian.org/debian bookworm/main arm64 cpp arm64 4:12.2.0-3 [6832 B]
#12 3.591 Get:29 http://deb.debian.org/debian bookworm/main arm64 libcc1-0 arm64 12.2.0-14 [37.7 kB]
#12 3.592 Get:30 http://deb.debian.org/debian bookworm/main arm64 libgomp1 arm64 12.2.0-14 [104 kB]
#12 3.592 Get:31 http://deb.debian.org/debian bookworm/main arm64 libitm1 arm64 12.2.0-14 [23.9 kB]
#12 3.594 Get:32 http://deb.debian.org/debian bookworm/main arm64 libatomic1 arm64 12.2.0-14 [9536 B]
#12 3.594 Get:33 http://deb.debian.org/debian bookworm/main arm64 libasan8 arm64 12.2.0-14 [2095 kB]
#12 3.632 Get:34 http://deb.debian.org/debian bookworm/main arm64 liblsan0 arm64 12.2.0-14 [926 kB]
#12 3.640 Get:35 http://deb.debian.org/debian bookworm/main arm64 libtsan2 arm64 12.2.0-14 [2179 kB]
#12 3.668 Get:36 http://deb.debian.org/debian bookworm/main arm64 libubsan1 arm64 12.2.0-14 [862 kB]
#12 3.681 Get:37 http://deb.debian.org/debian bookworm/main arm64 libhwasan0 arm64 12.2.0-14 [998 kB]
#12 3.691 Get:38 http://deb.debian.org/debian bookworm/main arm64 libgcc-12-dev arm64 12.2.0-14 [959 kB]
#12 3.700 Get:39 http://deb.debian.org/debian bookworm/main arm64 gcc-12 arm64 12.2.0-14 [16.3 MB]
#12 3.919 Get:40 http://deb.debian.org/debian bookworm/main arm64 gcc arm64 4:12.2.0-3 [5244 B]
#12 3.919 Get:41 http://deb.debian.org/debian bookworm/main arm64 libstdc++-12-dev arm64 12.2.0-14 [2006 kB]
#12 3.940 Get:42 http://deb.debian.org/debian bookworm/main arm64 g++-12 arm64 12.2.0-14 [9071 kB]
#12 4.054 Get:43 http://deb.debian.org/debian bookworm/main arm64 g++ arm64 4:12.2.0-3 [1336 B]
#12 4.054 Get:44 http://deb.debian.org/debian bookworm/main arm64 make arm64 4.3-4.1 [391 kB]
#12 4.060 Get:45 http://deb.debian.org/debian bookworm/main arm64 libdpkg-perl all 1.21.22 [603 kB]
#12 4.062 Get:46 http://deb.debian.org/debian bookworm/main arm64 patch arm64 2.7.6-7 [121 kB]
#12 4.078 Get:47 http://deb.debian.org/debian bookworm/main arm64 dpkg-dev all 1.21.22 [1353 kB]
#12 4.092 Get:48 http://deb.debian.org/debian bookworm/main arm64 build-essential arm64 12.9 [7704 B]
#12 4.092 Get:49 http://deb.debian.org/debian bookworm/main arm64 libassuan0 arm64 2.5.5-5 [45.9 kB]
#12 4.092 Get:50 http://deb.debian.org/debian bookworm/main arm64 gpgconf arm64 2.2.40-1.1 [557 kB]
#12 4.096 Get:51 http://deb.debian.org/debian bookworm/main arm64 libksba8 arm64 1.6.3-2 [119 kB]
#12 4.098 Get:52 http://deb.debian.org/debian bookworm/main arm64 libsasl2-modules-db arm64 2.1.28+dfsg-10 [20.8 kB]
#12 4.098 Get:53 http://deb.debian.org/debian bookworm/main arm64 libsasl2-2 arm64 2.1.28+dfsg-10 [58.0 kB]
#12 4.098 Get:54 http://deb.debian.org/debian bookworm/main arm64 libldap-2.5-0 arm64 2.5.13+dfsg-5 [171 kB]
#12 4.099 Get:55 http://deb.debian.org/debian bookworm/main arm64 libnpth0 arm64 1.6-3 [18.6 kB]
#12 4.111 Get:56 http://deb.debian.org/debian bookworm/main arm64 dirmngr arm64 2.2.40-1.1 [770 kB]
#12 4.122 Get:57 http://deb.debian.org/debian bookworm/main arm64 libfakeroot arm64 1.31-1.2 [27.9 kB]
#12 4.126 Get:58 http://deb.debian.org/debian bookworm/main arm64 fakeroot arm64 1.31-1.2 [66.4 kB]
#12 4.128 Get:59 http://deb.debian.org/debian bookworm/main arm64 fonts-dejavu-core all 2.37-6 [1068 kB]
#12 4.139 Get:60 http://deb.debian.org/debian bookworm/main arm64 fontconfig-config arm64 2.14.1-4 [315 kB]
#12 4.145 Get:61 http://deb.debian.org/debian bookworm/main arm64 gnupg-l10n all 2.2.40-1.1 [1093 kB]
#12 4.156 Get:62 http://deb.debian.org/debian bookworm/main arm64 gnupg-utils arm64 2.2.40-1.1 [880 kB]
#12 4.168 Get:63 http://deb.debian.org/debian bookworm/main arm64 gpg arm64 2.2.40-1.1 [903 kB]
#12 4.178 Get:64 http://deb.debian.org/debian bookworm/main arm64 pinentry-curses arm64 1.2.1-1 [75.2 kB]
#12 4.181 Get:65 http://deb.debian.org/debian bookworm/main arm64 gpg-agent arm64 2.2.40-1.1 [673 kB]
#12 4.187 Get:66 http://deb.debian.org/debian bookworm/main arm64 gpg-wks-client arm64 2.2.40-1.1 [532 kB]
#12 4.192 Get:67 http://deb.debian.org/debian bookworm/main arm64 gpg-wks-server arm64 2.2.40-1.1 [524 kB]
#12 4.197 Get:68 http://deb.debian.org/debian bookworm/main arm64 gpgsm arm64 2.2.40-1.1 [651 kB]
#12 4.204 Get:69 http://deb.debian.org/debian bookworm/main arm64 gnupg all 2.2.40-1.1 [846 kB]
#12 4.234 Get:70 http://deb.debian.org/debian bookworm/main arm64 libabsl20220623 arm64 20220623.1-1 [363 kB]
#12 4.237 Get:71 http://deb.debian.org/debian bookworm/main arm64 libalgorithm-diff-perl all 1.201-1 [43.3 kB]
#12 4.237 Get:72 http://deb.debian.org/debian bookworm/main arm64 libalgorithm-diff-xs-perl arm64 0.04-8+b1 [11.2 kB]
#12 4.237 Get:73 http://deb.debian.org/debian bookworm/main arm64 libalgorithm-merge-perl all 0.08-5 [11.8 kB]
#12 4.238 Get:74 http://deb.debian.org/debian bookworm/main arm64 libaom3 arm64 3.6.0-1+deb12u1 [1379 kB]
#12 4.253 Get:75 http://deb.debian.org/debian bookworm/main arm64 libdav1d6 arm64 1.0.0-2+deb12u1 [275 kB]
#12 4.255 Get:76 http://deb.debian.org/debian bookworm/main arm64 libgav1-1 arm64 0.18.0-1+b1 [425 kB]
#12 4.273 Get:77 http://deb.debian.org/debian bookworm/main arm64 librav1e0 arm64 0.5.1-6 [552 kB]
#12 4.284 Get:78 http://deb.debian.org/debian bookworm/main arm64 libsvtav1enc1 arm64 1.4.1+dfsg-1 [1074 kB]
#12 4.296 Get:79 http://deb.debian.org/debian bookworm/main arm64 libjpeg62-turbo arm64 1:2.1.5-2 [171 kB]
#12 4.297 Get:80 http://deb.debian.org/debian bookworm/main arm64 libyuv0 arm64 0.0~git20230123.b2528b0-1 [122 kB]
#12 4.299 Get:81 http://deb.debian.org/debian bookworm/main arm64 libavif15 arm64 0.11.1-1 [88.3 kB]
#12 4.300 Get:82 http://deb.debian.org/debian bookworm/main arm64 libbrotli1 arm64 1.0.9-2+b6 [269 kB]
#12 4.301 Get:83 http://deb.debian.org/debian bookworm/main arm64 libbsd0 arm64 0.11.7-2 [115 kB]
#12 4.303 Get:84 http://deb.debian.org/debian bookworm/main arm64 libexpat1 arm64 2.5.0-1+deb12u1 [84.6 kB]
#12 4.304 Get:85 http://deb.debian.org/debian bookworm/main arm64 libpng16-16 arm64 1.6.39-2 [269 kB]
#12 4.306 Get:86 http://deb.debian.org/debian-security bookworm-security/main arm64 libfreetype6 arm64 2.12.1+dfsg-5+deb12u4 [368 kB]
#12 4.320 Get:87 http://deb.debian.org/debian bookworm/main arm64 libfontconfig1 arm64 2.14.1-4 [381 kB]
#12 4.325 Get:88 http://deb.debian.org/debian bookworm/main arm64 libde265-0 arm64 1.0.11-1+deb12u2 [148 kB]
#12 4.327 Get:89 http://deb.debian.org/debian bookworm/main arm64 libnuma1 arm64 2.0.16-1 [20.3 kB]
#12 4.330 Get:90 http://deb.debian.org/debian bookworm/main arm64 libx265-199 arm64 3.5-2+b1 [603 kB]
#12 4.338 Get:91 http://deb.debian.org/debian bookworm/main arm64 libheif1 arm64 1.15.1-1+deb12u1 [191 kB]
#12 4.339 Get:92 http://deb.debian.org/debian bookworm/main arm64 libdeflate0 arm64 1.14-1 [54.3 kB]
#12 4.340 Get:93 http://deb.debian.org/debian bookworm/main arm64 libjbig0 arm64 2.1-6.1 [30.0 kB]
#12 4.340 Get:94 http://deb.debian.org/debian bookworm/main arm64 liblerc4 arm64 4.0.0+ds-2 [138 kB]
#12 4.341 Get:95 http://deb.debian.org/debian bookworm/main arm64 libwebp7 arm64 1.2.4-0.2+deb12u1 [260 kB]
#12 4.350 Get:96 http://deb.debian.org/debian bookworm/main arm64 libtiff6 arm64 4.5.0-6+deb12u2 [301 kB]
#12 4.356 Get:97 http://deb.debian.org/debian bookworm/main arm64 libxau6 arm64 1:1.0.9-1 [19.7 kB]
#12 4.361 Get:98 http://deb.debian.org/debian bookworm/main arm64 libxdmcp6 arm64 1:1.1.2-3 [25.4 kB]
#12 4.363 Get:99 http://deb.debian.org/debian bookworm/main arm64 libxcb1 arm64 1.15-1 [143 kB]
#12 4.367 Get:100 http://deb.debian.org/debian bookworm/main arm64 libx11-data all 2:1.8.4-2+deb12u2 [292 kB]
#12 4.373 Get:101 http://deb.debian.org/debian bookworm/main arm64 libx11-6 arm64 2:1.8.4-2+deb12u2 [735 kB]
#12 4.381 Get:102 http://deb.debian.org/debian bookworm/main arm64 libxpm4 arm64 1:3.5.12-1.1+deb12u1 [45.4 kB]
#12 4.381 Get:103 http://deb.debian.org/debian bookworm/main arm64 libgd3 arm64 2.3.3-9 [113 kB]
#12 4.382 Get:104 http://deb.debian.org/debian bookworm/main arm64 libc-devtools arm64 2.36-9+deb12u10 [53.4 kB]
#12 4.382 Get:105 http://deb.debian.org/debian bookworm/main arm64 libfile-fcntllock-perl arm64 0.22-4+b1 [34.8 kB]
#12 4.384 Get:106 http://deb.debian.org/debian bookworm/main arm64 libldap-common all 2.5.13+dfsg-5 [29.3 kB]
#12 4.385 Get:107 http://deb.debian.org/debian bookworm/main arm64 libsasl2-modules arm64 2.1.28+dfsg-10 [63.1 kB]
#12 4.389 Get:108 http://deb.debian.org/debian bookworm/main arm64 manpages-dev all 6.03-2 [2030 kB]
#12 4.534 debconf: delaying package configuration, since apt-utils is not installed
#12 4.554 Fetched 88.1 MB in 1s (61.9 MB/s)
#12 4.571 Selecting previously unselected package perl-modules-5.36.
#12 4.571 (Reading database ... (Reading database ... 5%(Reading database ... 10%(Reading database ... 15%(Reading database ... 20%(Reading database ... 25%(Reading database ... 30%(Reading database ... 35%(Reading database ... 40%(Reading database ... 45%(Reading database ... 50%(Reading database ... 55%(Reading database ... 60%(Reading database ... 65%(Reading database ... 70%(Reading database ... 75%(Reading database ... 80%(Reading database ... 85%(Reading database ... 90%(Reading database ... 95%(Reading database ... 100%(Reading database ... 6682 files and directories currently installed.)
#12 4.585 Preparing to unpack .../000-perl-modules-5.36_5.36.0-7+deb12u2_all.deb ...
#12 4.587 Unpacking perl-modules-5.36 (5.36.0-7+deb12u2) ...
#12 4.793 Selecting previously unselected package libgdbm-compat4:arm64.
#12 4.794 Preparing to unpack .../001-libgdbm-compat4_1.23-3_arm64.deb ...
#12 4.799 Unpacking libgdbm-compat4:arm64 (1.23-3) ...
#12 4.830 Selecting previously unselected package libperl5.36:arm64.
#12 4.832 Preparing to unpack .../002-libperl5.36_5.36.0-7+deb12u2_arm64.deb ...
#12 4.835 Unpacking libperl5.36:arm64 (5.36.0-7+deb12u2) ...
#12 5.144 Selecting previously unselected package perl.
#12 5.145 Preparing to unpack .../003-perl_5.36.0-7+deb12u2_arm64.deb ...
#12 5.153 Unpacking perl (5.36.0-7+deb12u2) ...
#12 5.200 Selecting previously unselected package liblocale-gettext-perl.
#12 5.201 Preparing to unpack .../004-liblocale-gettext-perl_1.07-5_arm64.deb ...
#12 5.204 Unpacking liblocale-gettext-perl (1.07-5) ...
#12 5.227 Selecting previously unselected package bzip2.
#12 5.227 Preparing to unpack .../005-bzip2_1.0.8-5+b1_arm64.deb ...
#12 5.231 Unpacking bzip2 (1.0.8-5+b1) ...
#12 5.258 Selecting previously unselected package manpages.
#12 5.259 Preparing to unpack .../006-manpages_6.03-2_all.deb ...
#12 5.261 Unpacking manpages (6.03-2) ...
#12 5.326 Selecting previously unselected package xz-utils.
#12 5.327 Preparing to unpack .../007-xz-utils_5.4.1-1_arm64.deb ...
#12 5.329 Unpacking xz-utils (5.4.1-1) ...
#12 5.376 Selecting previously unselected package binutils-common:arm64.
#12 5.376 Preparing to unpack .../008-binutils-common_2.40-2_arm64.deb ...
#12 5.378 Unpacking binutils-common:arm64 (2.40-2) ...
#12 5.554 Selecting previously unselected package libbinutils:arm64.
#12 5.555 Preparing to unpack .../009-libbinutils_2.40-2_arm64.deb ...
#12 5.557 Unpacking libbinutils:arm64 (2.40-2) ...
#12 5.613 Selecting previously unselected package libctf-nobfd0:arm64.
#12 5.613 Preparing to unpack .../010-libctf-nobfd0_2.40-2_arm64.deb ...
#12 5.615 Unpacking libctf-nobfd0:arm64 (2.40-2) ...
#12 5.636 Selecting previously unselected package libctf0:arm64.
#12 5.637 Preparing to unpack .../011-libctf0_2.40-2_arm64.deb ...
#12 5.639 Unpacking libctf0:arm64 (2.40-2) ...
#12 5.658 Selecting previously unselected package libgprofng0:arm64.
#12 5.659 Preparing to unpack .../012-libgprofng0_2.40-2_arm64.deb ...
#12 5.660 Unpacking libgprofng0:arm64 (2.40-2) ...
#12 5.711 Selecting previously unselected package libjansson4:arm64.
#12 5.712 Preparing to unpack .../013-libjansson4_2.14-2_arm64.deb ...
#12 5.714 Unpacking libjansson4:arm64 (2.14-2) ...
#12 5.726 Selecting previously unselected package binutils-aarch64-linux-gnu.
#12 5.727 Preparing to unpack .../014-binutils-aarch64-linux-gnu_2.40-2_arm64.deb ...
#12 5.728 Unpacking binutils-aarch64-linux-gnu (2.40-2) ...
#12 5.916 Selecting previously unselected package binutils.
#12 5.917 Preparing to unpack .../015-binutils_2.40-2_arm64.deb ...
#12 5.918 Unpacking binutils (2.40-2) ...
#12 5.932 Selecting previously unselected package libc-dev-bin.
#12 5.933 Preparing to unpack .../016-libc-dev-bin_2.36-9+deb12u10_arm64.deb ...
#12 5.935 Unpacking libc-dev-bin (2.36-9+deb12u10) ...
#12 5.948 Selecting previously unselected package linux-libc-dev:arm64.
#12 5.949 Preparing to unpack .../017-linux-libc-dev_6.1.135-1_arm64.deb ...
#12 5.950 Unpacking linux-libc-dev:arm64 (6.1.135-1) ...
#12 6.030 Selecting previously unselected package libcrypt-dev:arm64.
#12 6.031 Preparing to unpack .../018-libcrypt-dev_1%3a4.4.33-2_arm64.deb ...
#12 6.035 Unpacking libcrypt-dev:arm64 (1:4.4.33-2) ...
#12 6.051 Selecting previously unselected package libtirpc-dev:arm64.
#12 6.052 Preparing to unpack .../019-libtirpc-dev_1.3.3+ds-1_arm64.deb ...
#12 6.054 Unpacking libtirpc-dev:arm64 (1.3.3+ds-1) ...
#12 6.075 Selecting previously unselected package libnsl-dev:arm64.
#12 6.075 Preparing to unpack .../020-libnsl-dev_1.3.0-2_arm64.deb ...
#12 6.077 Unpacking libnsl-dev:arm64 (1.3.0-2) ...
#12 6.091 Selecting previously unselected package rpcsvc-proto.
#12 6.092 Preparing to unpack .../021-rpcsvc-proto_1.4.3-1_arm64.deb ...
#12 6.094 Unpacking rpcsvc-proto (1.4.3-1) ...
#12 6.109 Selecting previously unselected package libc6-dev:arm64.
#12 6.110 Preparing to unpack .../022-libc6-dev_2.36-9+deb12u10_arm64.deb ...
#12 6.111 Unpacking libc6-dev:arm64 (2.36-9+deb12u10) ...
#12 6.209 Selecting previously unselected package libisl23:arm64.
#12 6.211 Preparing to unpack .../023-libisl23_0.25-1.1_arm64.deb ...
#12 6.212 Unpacking libisl23:arm64 (0.25-1.1) ...
#12 6.258 Selecting previously unselected package libmpfr6:arm64.
#12 6.260 Preparing to unpack .../024-libmpfr6_4.2.0-1_arm64.deb ...
#12 6.261 Unpacking libmpfr6:arm64 (4.2.0-1) ...
#12 6.291 Selecting previously unselected package libmpc3:arm64.
#12 6.292 Preparing to unpack .../025-libmpc3_1.3.1-1_arm64.deb ...
#12 6.293 Unpacking libmpc3:arm64 (1.3.1-1) ...
#12 6.306 Selecting previously unselected package cpp-12.
#12 6.307 Preparing to unpack .../026-cpp-12_12.2.0-14_arm64.deb ...
#12 6.308 Unpacking cpp-12 (12.2.0-14) ...
#12 6.722 Selecting previously unselected package cpp.
#12 6.723 Preparing to unpack .../027-cpp_4%3a12.2.0-3_arm64.deb ...
#12 6.724 Unpacking cpp (4:12.2.0-3) ...
#12 6.737 Selecting previously unselected package libcc1-0:arm64.
#12 6.738 Preparing to unpack .../028-libcc1-0_12.2.0-14_arm64.deb ...
#12 6.739 Unpacking libcc1-0:arm64 (12.2.0-14) ...
#12 6.753 Selecting previously unselected package libgomp1:arm64.
#12 6.754 Preparing to unpack .../029-libgomp1_12.2.0-14_arm64.deb ...
#12 6.755 Unpacking libgomp1:arm64 (12.2.0-14) ...
#12 6.773 Selecting previously unselected package libitm1:arm64.
#12 6.774 Preparing to unpack .../030-libitm1_12.2.0-14_arm64.deb ...
#12 6.777 Unpacking libitm1:arm64 (12.2.0-14) ...
#12 6.791 Selecting previously unselected package libatomic1:arm64.
#12 6.792 Preparing to unpack .../031-libatomic1_12.2.0-14_arm64.deb ...
#12 6.793 Unpacking libatomic1:arm64 (12.2.0-14) ...
#12 6.804 Selecting previously unselected package libasan8:arm64.
#12 6.806 Preparing to unpack .../032-libasan8_12.2.0-14_arm64.deb ...
#12 6.807 Unpacking libasan8:arm64 (12.2.0-14) ...
#12 6.939 Selecting previously unselected package liblsan0:arm64.
#12 6.939 Preparing to unpack .../033-liblsan0_12.2.0-14_arm64.deb ...
#12 6.941 Unpacking liblsan0:arm64 (12.2.0-14) ...
#12 7.003 Selecting previously unselected package libtsan2:arm64.
#12 7.005 Preparing to unpack .../034-libtsan2_12.2.0-14_arm64.deb ...
#12 7.006 Unpacking libtsan2:arm64 (12.2.0-14) ...
#12 7.144 Selecting previously unselected package libubsan1:arm64.
#12 7.144 Preparing to unpack .../035-libubsan1_12.2.0-14_arm64.deb ...
#12 7.146 Unpacking libubsan1:arm64 (12.2.0-14) ...
#12 7.206 Selecting previously unselected package libhwasan0:arm64.
#12 7.207 Preparing to unpack .../036-libhwasan0_12.2.0-14_arm64.deb ...
#12 7.208 Unpacking libhwasan0:arm64 (12.2.0-14) ...
#12 7.276 Selecting previously unselected package libgcc-12-dev:arm64.
#12 7.276 Preparing to unpack .../037-libgcc-12-dev_12.2.0-14_arm64.deb ...
#12 7.278 Unpacking libgcc-12-dev:arm64 (12.2.0-14) ...
#12 7.358 Selecting previously unselected package gcc-12.
#12 7.359 Preparing to unpack .../038-gcc-12_12.2.0-14_arm64.deb ...
#12 7.361 Unpacking gcc-12 (12.2.0-14) ...
#12 7.857 Selecting previously unselected package gcc.
#12 7.858 Preparing to unpack .../039-gcc_4%3a12.2.0-3_arm64.deb ...
#12 7.859 Unpacking gcc (4:12.2.0-3) ...
#12 7.874 Selecting previously unselected package libstdc++-12-dev:arm64.
#12 7.875 Preparing to unpack .../040-libstdc++-12-dev_12.2.0-14_arm64.deb ...
#12 7.876 Unpacking libstdc++-12-dev:arm64 (12.2.0-14) ...
#12 8.012 Selecting previously unselected package g++-12.
#12 8.013 Preparing to unpack .../041-g++-12_12.2.0-14_arm64.deb ...
#12 8.014 Unpacking g++-12 (12.2.0-14) ...
#12 8.443 Selecting previously unselected package g++.
#12 8.444 Preparing to unpack .../042-g++_4%3a12.2.0-3_arm64.deb ...
#12 8.446 Unpacking g++ (4:12.2.0-3) ...
#12 8.456 Selecting previously unselected package make.
#12 8.456 Preparing to unpack .../043-make_4.3-4.1_arm64.deb ...
#12 8.458 Unpacking make (4.3-4.1) ...
#12 8.491 Selecting previously unselected package libdpkg-perl.
#12 8.492 Preparing to unpack .../044-libdpkg-perl_1.21.22_all.deb ...
#12 8.493 Unpacking libdpkg-perl (1.21.22) ...
#12 8.531 Selecting previously unselected package patch.
#12 8.532 Preparing to unpack .../045-patch_2.7.6-7_arm64.deb ...
#12 8.533 Unpacking patch (2.7.6-7) ...
#12 8.550 Selecting previously unselected package dpkg-dev.
#12 8.551 Preparing to unpack .../046-dpkg-dev_1.21.22_all.deb ...
#12 8.552 Unpacking dpkg-dev (1.21.22) ...
#12 8.625 Selecting previously unselected package build-essential.
#12 8.626 Preparing to unpack .../047-build-essential_12.9_arm64.deb ...
#12 8.627 Unpacking build-essential (12.9) ...
#12 8.639 Selecting previously unselected package libassuan0:arm64.
#12 8.640 Preparing to unpack .../048-libassuan0_2.5.5-5_arm64.deb ...
#12 8.642 Unpacking libassuan0:arm64 (2.5.5-5) ...
#12 8.655 Selecting previously unselected package gpgconf.
#12 8.656 Preparing to unpack .../049-gpgconf_2.2.40-1.1_arm64.deb ...
#12 8.658 Unpacking gpgconf (2.2.40-1.1) ...
#12 8.681 Selecting previously unselected package libksba8:arm64.
#12 8.682 Preparing to unpack .../050-libksba8_1.6.3-2_arm64.deb ...
#12 8.684 Unpacking libksba8:arm64 (1.6.3-2) ...
#12 8.701 Selecting previously unselected package libsasl2-modules-db:arm64.
#12 8.702 Preparing to unpack .../051-libsasl2-modules-db_2.1.28+dfsg-10_arm64.deb ...
#12 8.703 Unpacking libsasl2-modules-db:arm64 (2.1.28+dfsg-10) ...
#12 8.716 Selecting previously unselected package libsasl2-2:arm64.
#12 8.717 Preparing to unpack .../052-libsasl2-2_2.1.28+dfsg-10_arm64.deb ...
#12 8.719 Unpacking libsasl2-2:arm64 (2.1.28+dfsg-10) ...
#12 8.735 Selecting previously unselected package libldap-2.5-0:arm64.
#12 8.736 Preparing to unpack .../053-libldap-2.5-0_2.5.13+dfsg-5_arm64.deb ...
#12 8.738 Unpacking libldap-2.5-0:arm64 (2.5.13+dfsg-5) ...
#12 8.760 Selecting previously unselected package libnpth0:arm64.
#12 8.761 Preparing to unpack .../054-libnpth0_1.6-3_arm64.deb ...
#12 8.763 Unpacking libnpth0:arm64 (1.6-3) ...
#12 8.776 Selecting previously unselected package dirmngr.
#12 8.777 Preparing to unpack .../055-dirmngr_2.2.40-1.1_arm64.deb ...
#12 8.785 Unpacking dirmngr (2.2.40-1.1) ...
#12 8.821 Selecting previously unselected package libfakeroot:arm64.
#12 8.822 Preparing to unpack .../056-libfakeroot_1.31-1.2_arm64.deb ...
#12 8.824 Unpacking libfakeroot:arm64 (1.31-1.2) ...
#12 8.838 Selecting previously unselected package fakeroot.
#12 8.840 Preparing to unpack .../057-fakeroot_1.31-1.2_arm64.deb ...
#12 8.841 Unpacking fakeroot (1.31-1.2) ...
#12 8.856 Selecting previously unselected package fonts-dejavu-core.
#12 8.857 Preparing to unpack .../058-fonts-dejavu-core_2.37-6_all.deb ...
#12 8.858 Unpacking fonts-dejavu-core (2.37-6) ...
#12 8.934 Selecting previously unselected package fontconfig-config.
#12 8.935 Preparing to unpack .../059-fontconfig-config_2.14.1-4_arm64.deb ...
#12 8.987 Unpacking fontconfig-config (2.14.1-4) ...
#12 9.007 Selecting previously unselected package gnupg-l10n.
#12 9.008 Preparing to unpack .../060-gnupg-l10n_2.2.40-1.1_all.deb ...
#12 9.009 Unpacking gnupg-l10n (2.2.40-1.1) ...
#12 9.190 Selecting previously unselected package gnupg-utils.
#12 9.191 Preparing to unpack .../061-gnupg-utils_2.2.40-1.1_arm64.deb ...
#12 9.193 Unpacking gnupg-utils (2.2.40-1.1) ...
#12 9.229 Selecting previously unselected package gpg.
#12 9.230 Preparing to unpack .../062-gpg_2.2.40-1.1_arm64.deb ...
#12 9.231 Unpacking gpg (2.2.40-1.1) ...
#12 9.272 Selecting previously unselected package pinentry-curses.
#12 9.274 Preparing to unpack .../063-pinentry-curses_1.2.1-1_arm64.deb ...
#12 9.275 Unpacking pinentry-curses (1.2.1-1) ...
#12 9.292 Selecting previously unselected package gpg-agent.
#12 9.293 Preparing to unpack .../064-gpg-agent_2.2.40-1.1_arm64.deb ...
#12 9.294 Unpacking gpg-agent (2.2.40-1.1) ...
#12 9.323 Selecting previously unselected package gpg-wks-client.
#12 9.324 Preparing to unpack .../065-gpg-wks-client_2.2.40-1.1_arm64.deb ...
#12 9.326 Unpacking gpg-wks-client (2.2.40-1.1) ...
#12 9.346 Selecting previously unselected package gpg-wks-server.
#12 9.347 Preparing to unpack .../066-gpg-wks-server_2.2.40-1.1_arm64.deb ...
#12 9.349 Unpacking gpg-wks-server (2.2.40-1.1) ...
#12 9.368 Selecting previously unselected package gpgsm.
#12 9.369 Preparing to unpack .../067-gpgsm_2.2.40-1.1_arm64.deb ...
#12 9.371 Unpacking gpgsm (2.2.40-1.1) ...
#12 9.398 Selecting previously unselected package gnupg.
#12 9.399 Preparing to unpack .../068-gnupg_2.2.40-1.1_all.deb ...
#12 9.401 Unpacking gnupg (2.2.40-1.1) ...
#12 9.436 Selecting previously unselected package libabsl20220623:arm64.
#12 9.437 Preparing to unpack .../069-libabsl20220623_20220623.1-1_arm64.deb ...
#12 9.439 Unpacking libabsl20220623:arm64 (20220623.1-1) ...
#12 9.479 Selecting previously unselected package libalgorithm-diff-perl.
#12 9.480 Preparing to unpack .../070-libalgorithm-diff-perl_1.201-1_all.deb ...
#12 9.481 Unpacking libalgorithm-diff-perl (1.201-1) ...
#12 9.495 Selecting previously unselected package libalgorithm-diff-xs-perl:arm64.
#12 9.496 Preparing to unpack .../071-libalgorithm-diff-xs-perl_0.04-8+b1_arm64.deb ...
#12 9.497 Unpacking libalgorithm-diff-xs-perl:arm64 (0.04-8+b1) ...
#12 9.509 Selecting previously unselected package libalgorithm-merge-perl.
#12 9.510 Preparing to unpack .../072-libalgorithm-merge-perl_0.08-5_all.deb ...
#12 9.512 Unpacking libalgorithm-merge-perl (0.08-5) ...
#12 9.524 Selecting previously unselected package libaom3:arm64.
#12 9.525 Preparing to unpack .../073-libaom3_3.6.0-1+deb12u1_arm64.deb ...
#12 9.526 Unpacking libaom3:arm64 (3.6.0-1+deb12u1) ...
#12 9.612 Selecting previously unselected package libdav1d6:arm64.
#12 9.613 Preparing to unpack .../074-libdav1d6_1.0.0-2+deb12u1_arm64.deb ...
#12 9.615 Unpacking libdav1d6:arm64 (1.0.0-2+deb12u1) ...
#12 9.643 Selecting previously unselected package libgav1-1:arm64.
#12 9.644 Preparing to unpack .../075-libgav1-1_0.18.0-1+b1_arm64.deb ...
#12 9.646 Unpacking libgav1-1:arm64 (0.18.0-1+b1) ...
#12 9.682 Selecting previously unselected package librav1e0:arm64.
#12 9.683 Preparing to unpack .../076-librav1e0_0.5.1-6_arm64.deb ...
#12 9.684 Unpacking librav1e0:arm64 (0.5.1-6) ...
#12 9.727 Selecting previously unselected package libsvtav1enc1:arm64.
#12 9.728 Preparing to unpack .../077-libsvtav1enc1_1.4.1+dfsg-1_arm64.deb ...
#12 9.730 Unpacking libsvtav1enc1:arm64 (1.4.1+dfsg-1) ...
#12 9.802 Selecting previously unselected package libjpeg62-turbo:arm64.
#12 9.803 Preparing to unpack .../078-libjpeg62-turbo_1%3a2.1.5-2_arm64.deb ...
#12 9.805 Unpacking libjpeg62-turbo:arm64 (1:2.1.5-2) ...
#12 9.826 Selecting previously unselected package libyuv0:arm64.
#12 9.827 Preparing to unpack .../079-libyuv0_0.0~git20230123.b2528b0-1_arm64.deb ...
#12 9.828 Unpacking libyuv0:arm64 (0.0~git20230123.b2528b0-1) ...
#12 9.848 Selecting previously unselected package libavif15:arm64.
#12 9.849 Preparing to unpack .../080-libavif15_0.11.1-1_arm64.deb ...
#12 9.850 Unpacking libavif15:arm64 (0.11.1-1) ...
#12 9.867 Selecting previously unselected package libbrotli1:arm64.
#12 9.868 Preparing to unpack .../081-libbrotli1_1.0.9-2+b6_arm64.deb ...
#12 9.869 Unpacking libbrotli1:arm64 (1.0.9-2+b6) ...
#12 9.898 Selecting previously unselected package libbsd0:arm64.
#12 9.899 Preparing to unpack .../082-libbsd0_0.11.7-2_arm64.deb ...
#12 9.900 Unpacking libbsd0:arm64 (0.11.7-2) ...
#12 9.919 Selecting previously unselected package libexpat1:arm64.
#12 9.920 Preparing to unpack .../083-libexpat1_2.5.0-1+deb12u1_arm64.deb ...
#12 9.928 Unpacking libexpat1:arm64 (2.5.0-1+deb12u1) ...
#12 9.947 Selecting previously unselected package libpng16-16:arm64.
#12 9.948 Preparing to unpack .../084-libpng16-16_1.6.39-2_arm64.deb ...
#12 9.950 Unpacking libpng16-16:arm64 (1.6.39-2) ...
#12 9.975 Selecting previously unselected package libfreetype6:arm64.
#12 9.976 Preparing to unpack .../085-libfreetype6_2.12.1+dfsg-5+deb12u4_arm64.deb ...
#12 9.977 Unpacking libfreetype6:arm64 (2.12.1+dfsg-5+deb12u4) ...
#12 10.01 Selecting previously unselected package libfontconfig1:arm64.
#12 10.01 Preparing to unpack .../086-libfontconfig1_2.14.1-4_arm64.deb ...
#12 10.01 Unpacking libfontconfig1:arm64 (2.14.1-4) ...
#12 10.03 Selecting previously unselected package libde265-0:arm64.
#12 10.03 Preparing to unpack .../087-libde265-0_1.0.11-1+deb12u2_arm64.deb ...
#12 10.04 Unpacking libde265-0:arm64 (1.0.11-1+deb12u2) ...
#12 10.06 Selecting previously unselected package libnuma1:arm64.
#12 10.06 Preparing to unpack .../088-libnuma1_2.0.16-1_arm64.deb ...
#12 10.06 Unpacking libnuma1:arm64 (2.0.16-1) ...
#12 10.07 Selecting previously unselected package libx265-199:arm64.
#12 10.08 Preparing to unpack .../089-libx265-199_3.5-2+b1_arm64.deb ...
#12 10.08 Unpacking libx265-199:arm64 (3.5-2+b1) ...
#12 10.13 Selecting previously unselected package libheif1:arm64.
#12 10.13 Preparing to unpack .../090-libheif1_1.15.1-1+deb12u1_arm64.deb ...
#12 10.13 Unpacking libheif1:arm64 (1.15.1-1+deb12u1) ...
#12 10.15 Selecting previously unselected package libdeflate0:arm64.
#12 10.15 Preparing to unpack .../091-libdeflate0_1.14-1_arm64.deb ...
#12 10.15 Unpacking libdeflate0:arm64 (1.14-1) ...
#12 10.17 Selecting previously unselected package libjbig0:arm64.
#12 10.17 Preparing to unpack .../092-libjbig0_2.1-6.1_arm64.deb ...
#12 10.17 Unpacking libjbig0:arm64 (2.1-6.1) ...
#12 10.19 Selecting previously unselected package liblerc4:arm64.
#12 10.19 Preparing to unpack .../093-liblerc4_4.0.0+ds-2_arm64.deb ...
#12 10.19 Unpacking liblerc4:arm64 (4.0.0+ds-2) ...
#12 10.21 Selecting previously unselected package libwebp7:arm64.
#12 10.21 Preparing to unpack .../094-libwebp7_1.2.4-0.2+deb12u1_arm64.deb ...
#12 10.21 Unpacking libwebp7:arm64 (1.2.4-0.2+deb12u1) ...
#12 10.23 Selecting previously unselected package libtiff6:arm64.
#12 10.24 Preparing to unpack .../095-libtiff6_4.5.0-6+deb12u2_arm64.deb ...
#12 10.24 Unpacking libtiff6:arm64 (4.5.0-6+deb12u2) ...
#12 10.26 Selecting previously unselected package libxau6:arm64.
#12 10.26 Preparing to unpack .../096-libxau6_1%3a1.0.9-1_arm64.deb ...
#12 10.26 Unpacking libxau6:arm64 (1:1.0.9-1) ...
#12 10.28 Selecting previously unselected package libxdmcp6:arm64.
#12 10.28 Preparing to unpack .../097-libxdmcp6_1%3a1.1.2-3_arm64.deb ...
#12 10.28 Unpacking libxdmcp6:arm64 (1:1.1.2-3) ...
#12 10.30 Selecting previously unselected package libxcb1:arm64.
#12 10.30 Preparing to unpack .../098-libxcb1_1.15-1_arm64.deb ...
#12 10.30 Unpacking libxcb1:arm64 (1.15-1) ...
#12 10.31 Selecting previously unselected package libx11-data.
#12 10.32 Preparing to unpack .../099-libx11-data_2%3a1.8.4-2+deb12u2_all.deb ...
#12 10.32 Unpacking libx11-data (2:1.8.4-2+deb12u2) ...
#12 10.35 Selecting previously unselected package libx11-6:arm64.
#12 10.35 Preparing to unpack .../100-libx11-6_2%3a1.8.4-2+deb12u2_arm64.deb ...
#12 10.35 Unpacking libx11-6:arm64 (2:1.8.4-2+deb12u2) ...
#12 10.40 Selecting previously unselected package libxpm4:arm64.
#12 10.40 Preparing to unpack .../101-libxpm4_1%3a3.5.12-1.1+deb12u1_arm64.deb ...
#12 10.40 Unpacking libxpm4:arm64 (1:3.5.12-1.1+deb12u1) ...
#12 10.42 Selecting previously unselected package libgd3:arm64.
#12 10.42 Preparing to unpack .../102-libgd3_2.3.3-9_arm64.deb ...
#12 10.42 Unpacking libgd3:arm64 (2.3.3-9) ...
#12 10.44 Selecting previously unselected package libc-devtools.
#12 10.44 Preparing to unpack .../103-libc-devtools_2.36-9+deb12u10_arm64.deb ...
#12 10.44 Unpacking libc-devtools (2.36-9+deb12u10) ...
#12 10.46 Selecting previously unselected package libfile-fcntllock-perl.
#12 10.46 Preparing to unpack .../104-libfile-fcntllock-perl_0.22-4+b1_arm64.deb ...
#12 10.46 Unpacking libfile-fcntllock-perl (0.22-4+b1) ...
#12 10.48 Selecting previously unselected package libldap-common.
#12 10.48 Preparing to unpack .../105-libldap-common_2.5.13+dfsg-5_all.deb ...
#12 10.48 Unpacking libldap-common (2.5.13+dfsg-5) ...
#12 10.49 Selecting previously unselected package libsasl2-modules:arm64.
#12 10.49 Preparing to unpack .../106-libsasl2-modules_2.1.28+dfsg-10_arm64.deb ...
#12 10.50 Unpacking libsasl2-modules:arm64 (2.1.28+dfsg-10) ...
#12 10.52 Selecting previously unselected package manpages-dev.
#12 10.52 Preparing to unpack .../107-manpages-dev_6.03-2_all.deb ...
#12 10.52 Unpacking manpages-dev (6.03-2) ...
#12 10.65 Setting up libksba8:arm64 (1.6.3-2) ...
#12 10.66 Setting up libexpat1:arm64 (2.5.0-1+deb12u1) ...
#12 10.66 Setting up libaom3:arm64 (3.6.0-1+deb12u1) ...
#12 10.67 Setting up libabsl20220623:arm64 (20220623.1-1) ...
#12 10.67 Setting up libxau6:arm64 (1:1.0.9-1) ...
#12 10.67 Setting up liblerc4:arm64 (4.0.0+ds-2) ...
#12 10.68 Setting up manpages (6.03-2) ...
#12 10.68 Setting up libbrotli1:arm64 (1.0.9-2+b6) ...
#12 10.68 Setting up libsasl2-modules:arm64 (2.1.28+dfsg-10) ...
#12 10.69 Setting up binutils-common:arm64 (2.40-2) ...
#12 10.70 Setting up libdeflate0:arm64 (1.14-1) ...
#12 10.70 Setting up linux-libc-dev:arm64 (6.1.135-1) ...
#12 10.71 Setting up libctf-nobfd0:arm64 (2.40-2) ...
#12 10.71 Setting up libnpth0:arm64 (1.6-3) ...
#12 10.71 Setting up libsvtav1enc1:arm64 (1.4.1+dfsg-1) ...
#12 10.72 Setting up libassuan0:arm64 (2.5.5-5) ...
#12 10.72 Setting up libgomp1:arm64 (12.2.0-14) ...
#12 10.72 Setting up bzip2 (1.0.8-5+b1) ...
#12 10.73 Setting up libldap-common (2.5.13+dfsg-5) ...
#12 10.73 Setting up libjbig0:arm64 (2.1-6.1) ...
#12 10.74 Setting up librav1e0:arm64 (0.5.1-6) ...
#12 10.74 Setting up libfakeroot:arm64 (1.31-1.2) ...
#12 10.74 Setting up libjansson4:arm64 (2.14-2) ...
#12 10.75 Setting up libsasl2-modules-db:arm64 (2.1.28+dfsg-10) ...
#12 10.75 Setting up fakeroot (1.31-1.2) ...
#12 10.76 update-alternatives: using /usr/bin/fakeroot-sysv to provide /usr/bin/fakeroot (fakeroot) in auto mode
#12 10.76 update-alternatives: warning: skip creation of /usr/share/man/man1/fakeroot.1.gz because associated file /usr/share/man/man1/fakeroot-sysv.1.gz (of link group fakeroot) doesn't exist
#12 10.76 update-alternatives: warning: skip creation of /usr/share/man/man1/faked.1.gz because associated file /usr/share/man/man1/faked-sysv.1.gz (of link group fakeroot) doesn't exist
#12 10.76 update-alternatives: warning: skip creation of /usr/share/man/es/man1/fakeroot.1.gz because associated file /usr/share/man/es/man1/fakeroot-sysv.1.gz (of link group fakeroot) doesn't exist
#12 10.76 update-alternatives: warning: skip creation of /usr/share/man/es/man1/faked.1.gz because associated file /usr/share/man/es/man1/faked-sysv.1.gz (of link group fakeroot) doesn't exist
#12 10.76 update-alternatives: warning: skip creation of /usr/share/man/fr/man1/fakeroot.1.gz because associated file /usr/share/man/fr/man1/fakeroot-sysv.1.gz (of link group fakeroot) doesn't exist
#12 10.76 update-alternatives: warning: skip creation of /usr/share/man/fr/man1/faked.1.gz because associated file /usr/share/man/fr/man1/faked-sysv.1.gz (of link group fakeroot) doesn't exist
#12 10.76 update-alternatives: warning: skip creation of /usr/share/man/sv/man1/fakeroot.1.gz because associated file /usr/share/man/sv/man1/fakeroot-sysv.1.gz (of link group fakeroot) doesn't exist
#12 10.76 update-alternatives: warning: skip creation of /usr/share/man/sv/man1/faked.1.gz because associated file /usr/share/man/sv/man1/faked-sysv.1.gz (of link group fakeroot) doesn't exist
#12 10.76 Setting up perl-modules-5.36 (5.36.0-7+deb12u2) ...
#12 10.77 Setting up libtirpc-dev:arm64 (1.3.3+ds-1) ...
#12 10.77 Setting up rpcsvc-proto (1.4.3-1) ...
#12 10.77 Setting up libjpeg62-turbo:arm64 (1:2.1.5-2) ...
#12 10.78 Setting up libx11-data (2:1.8.4-2+deb12u2) ...
#12 10.78 Setting up make (4.3-4.1) ...
#12 10.79 Setting up libmpfr6:arm64 (4.2.0-1) ...
#12 10.79 Setting up gnupg-l10n (2.2.40-1.1) ...
#12 10.79 Setting up xz-utils (5.4.1-1) ...
#12 10.80 update-alternatives: using /usr/bin/xz to provide /usr/bin/lzma (lzma) in auto mode
#12 10.80 update-alternatives: warning: skip creation of /usr/share/man/man1/lzma.1.gz because associated file /usr/share/man/man1/xz.1.gz (of link group lzma) doesn't exist
#12 10.80 update-alternatives: warning: skip creation of /usr/share/man/man1/unlzma.1.gz because associated file /usr/share/man/man1/unxz.1.gz (of link group lzma) doesn't exist
#12 10.80 update-alternatives: warning: skip creation of /usr/share/man/man1/lzcat.1.gz because associated file /usr/share/man/man1/xzcat.1.gz (of link group lzma) doesn't exist
#12 10.80 update-alternatives: warning: skip creation of /usr/share/man/man1/lzmore.1.gz because associated file /usr/share/man/man1/xzmore.1.gz (of link group lzma) doesn't exist
#12 10.80 update-alternatives: warning: skip creation of /usr/share/man/man1/lzless.1.gz because associated file /usr/share/man/man1/xzless.1.gz (of link group lzma) doesn't exist
#12 10.80 update-alternatives: warning: skip creation of /usr/share/man/man1/lzdiff.1.gz because associated file /usr/share/man/man1/xzdiff.1.gz (of link group lzma) doesn't exist
#12 10.80 update-alternatives: warning: skip creation of /usr/share/man/man1/lzcmp.1.gz because associated file /usr/share/man/man1/xzcmp.1.gz (of link group lzma) doesn't exist
#12 10.80 update-alternatives: warning: skip creation of /usr/share/man/man1/lzgrep.1.gz because associated file /usr/share/man/man1/xzgrep.1.gz (of link group lzma) doesn't exist
#12 10.80 update-alternatives: warning: skip creation of /usr/share/man/man1/lzegrep.1.gz because associated file /usr/share/man/man1/xzegrep.1.gz (of link group lzma) doesn't exist
#12 10.80 update-alternatives: warning: skip creation of /usr/share/man/man1/lzfgrep.1.gz because associated file /usr/share/man/man1/xzfgrep.1.gz (of link group lzma) doesn't exist
#12 10.80 Setting up libpng16-16:arm64 (1.6.39-2) ...
#12 10.80 Setting up libmpc3:arm64 (1.3.1-1) ...
#12 10.81 Setting up libatomic1:arm64 (12.2.0-14) ...
#12 10.81 Setting up patch (2.7.6-7) ...
#12 10.82 Setting up fonts-dejavu-core (2.37-6) ...
#12 10.83 Setting up libgdbm-compat4:arm64 (1.23-3) ...
#12 10.84 Setting up libgav1-1:arm64 (0.18.0-1+b1) ...
#12 10.84 Setting up libdav1d6:arm64 (1.0.0-2+deb12u1) ...
#12 10.84 Setting up libsasl2-2:arm64 (2.1.28+dfsg-10) ...
#12 10.85 Setting up libwebp7:arm64 (1.2.4-0.2+deb12u1) ...
#12 10.85 Setting up libubsan1:arm64 (12.2.0-14) ...
#12 10.85 Setting up libnuma1:arm64 (2.0.16-1) ...
#12 10.86 Setting up libnsl-dev:arm64 (1.3.0-2) ...
#12 10.86 Setting up libhwasan0:arm64 (12.2.0-14) ...
#12 10.86 Setting up libcrypt-dev:arm64 (1:4.4.33-2) ...
#12 10.87 Setting up libtiff6:arm64 (4.5.0-6+deb12u2) ...
#12 10.87 Setting up libasan8:arm64 (12.2.0-14) ...
#12 10.88 Setting up gpgconf (2.2.40-1.1) ...
#12 10.88 Setting up libtsan2:arm64 (12.2.0-14) ...
#12 10.89 Setting up libbinutils:arm64 (2.40-2) ...
#12 10.89 Setting up libisl23:arm64 (0.25-1.1) ...
#12 10.89 Setting up libde265-0:arm64 (1.0.11-1+deb12u2) ...
#12 10.90 Setting up libc-dev-bin (2.36-9+deb12u10) ...
#12 10.90 Setting up libbsd0:arm64 (0.11.7-2) ...
#12 10.90 Setting up libyuv0:arm64 (0.0~git20230123.b2528b0-1) ...
#12 10.91 Setting up libcc1-0:arm64 (12.2.0-14) ...
#12 10.91 Setting up libperl5.36:arm64 (5.36.0-7+deb12u2) ...
#12 10.92 Setting up liblocale-gettext-perl (1.07-5) ...
#12 10.92 Setting up gpg (2.2.40-1.1) ...
#12 10.92 Setting up liblsan0:arm64 (12.2.0-14) ...
#12 10.93 Setting up libitm1:arm64 (12.2.0-14) ...
#12 10.93 Setting up gnupg-utils (2.2.40-1.1) ...
#12 10.93 Setting up libctf0:arm64 (2.40-2) ...
#12 10.94 Setting up pinentry-curses (1.2.1-1) ...
#12 10.94 Setting up manpages-dev (6.03-2) ...
#12 10.95 Setting up libxdmcp6:arm64 (1:1.1.2-3) ...
#12 10.95 Setting up cpp-12 (12.2.0-14) ...
#12 10.95 Setting up libxcb1:arm64 (1.15-1) ...
#12 10.96 Setting up gpg-agent (2.2.40-1.1) ...
#12 ...

#16 [app frontend-builder  7/12] RUN yarn install --frozen-lockfile
#16 0.278 yarn install v1.22.22
#16 0.324 [1/5] Validating package.json...
#16 0.326 [2/5] Resolving packages...
#16 0.499 [3/5] Fetching packages...
#16 ...

#12 [app backend-prod  3/11] RUN apt-get update && apt-get install -y     build-essential     && rm -rf /var/lib/apt/lists/*
#12 11.21 Setting up libavif15:arm64 (0.11.1-1) ...
#12 11.21 Setting up fontconfig-config (2.14.1-4) ...
#12 11.26 debconf: unable to initialize frontend: Dialog
#12 11.26 debconf: (TERM is not set, so the dialog frontend is not usable.)
#12 11.26 debconf: falling back to frontend: Readline
#12 11.26 debconf: unable to initialize frontend: Readline
#12 11.26 debconf: (This frontend requires a controlling tty.)
#12 11.26 debconf: falling back to frontend: Teletype
#12 11.35 Setting up gpgsm (2.2.40-1.1) ...
#12 11.35 Setting up libldap-2.5-0:arm64 (2.5.13+dfsg-5) ...
#12 11.35 Setting up dirmngr (2.2.40-1.1) ...
#12 11.43 Setting up perl (5.36.0-7+deb12u2) ...
#12 11.44 Setting up libgprofng0:arm64 (2.40-2) ...
#12 11.44 Setting up libfreetype6:arm64 (2.12.1+dfsg-5+deb12u4) ...
#12 11.44 Setting up libgcc-12-dev:arm64 (12.2.0-14) ...
#12 11.45 Setting up libdpkg-perl (1.21.22) ...
#12 11.45 Setting up libx265-199:arm64 (3.5-2+b1) ...
#12 11.45 Setting up gpg-wks-server (2.2.40-1.1) ...
#12 11.46 Setting up cpp (4:12.2.0-3) ...
#12 11.46 Setting up libc6-dev:arm64 (2.36-9+deb12u10) ...
#12 11.47 Setting up libx11-6:arm64 (2:1.8.4-2+deb12u2) ...
#12 11.47 Setting up libfontconfig1:arm64 (2.14.1-4) ...
#12 11.47 Setting up libxpm4:arm64 (1:3.5.12-1.1+deb12u1) ...
#12 11.48 Setting up gpg-wks-client (2.2.40-1.1) ...
#12 11.48 Setting up libstdc++-12-dev:arm64 (12.2.0-14) ...
#12 11.48 Setting up libfile-fcntllock-perl (0.22-4+b1) ...
#12 11.49 Setting up libalgorithm-diff-perl (1.201-1) ...
#12 11.49 Setting up libheif1:arm64 (1.15.1-1+deb12u1) ...
#12 11.49 Setting up binutils-aarch64-linux-gnu (2.40-2) ...
#12 11.50 Setting up binutils (2.40-2) ...
#12 11.50 Setting up dpkg-dev (1.21.22) ...
#12 11.50 Setting up gcc-12 (12.2.0-14) ...
#12 11.51 Setting up libgd3:arm64 (2.3.3-9) ...
#12 11.51 Setting up gnupg (2.2.40-1.1) ...
#12 11.52 Setting up libalgorithm-diff-xs-perl:arm64 (0.04-8+b1) ...
#12 11.52 Setting up libc-devtools (2.36-9+deb12u10) ...
#12 11.52 Setting up libalgorithm-merge-perl (0.08-5) ...
#12 11.53 Setting up g++-12 (12.2.0-14) ...
#12 11.53 Setting up gcc (4:12.2.0-3) ...
#12 11.54 Setting up g++ (4:12.2.0-3) ...
#12 11.54 update-alternatives: using /usr/bin/g++ to provide /usr/bin/c++ (c++) in auto mode
#12 11.54 Setting up build-essential (12.9) ...
#12 11.55 Processing triggers for libc-bin (2.36-9+deb12u10) ...
#12 DONE 12.0s

#16 [app frontend-builder  7/12] RUN yarn install --frozen-lockfile
#16 ...

#17 [app backend-prod  4/11] COPY requirements.txt .
#17 DONE 0.0s

#18 [app backend-prod  5/11] RUN pip install --no-cache-dir -r requirements.txt
#18 1.359 Collecting fastapi>=0.104.0
#18 1.591   Downloading fastapi-0.115.12-py3-none-any.whl (95 kB)
#18 1.620       95.2/95.2 kB 3.2 MB/s eta 0:00:00
#18 1.665 Collecting uvicorn[standard]>=0.24.0
#18 1.687   Downloading uvicorn-0.34.2-py3-none-any.whl (62 kB)
#18 1.693       62.5/62.5 kB 12.9 MB/s eta 0:00:00
#18 2.106 Collecting sqlalchemy>=2.0.23
#18 2.121   Downloading sqlalchemy-2.0.40-cp39-cp39-manylinux_2_17_aarch64.manylinux2014_aarch64.whl (3.1 MB)
#18 2.204       3.1/3.1 MB 38.5 MB/s eta 0:00:00
#18 2.253 Collecting alembic>=1.12.1
#18 2.271   Downloading alembic-1.15.2-py3-none-any.whl (231 kB)
#18 2.275       231.9/231.9 kB 130.3 MB/s eta 0:00:00
#18 2.362 Collecting psycopg2-binary>=2.9.9
#18 2.384   Downloading psycopg2_binary-2.9.10-cp39-cp39-manylinux_2_17_aarch64.manylinux2014_aarch64.whl (2.9 MB)
#18 2.413       2.9/2.9 MB 106.6 MB/s eta 0:00:00
#18 2.494 Collecting asyncpg>=0.29.0
#18 2.511   Downloading asyncpg-0.30.0-cp39-cp39-manylinux_2_17_aarch64.manylinux2014_aarch64.whl (2.9 MB)
#18 2.550       2.9/2.9 MB 77.4 MB/s eta 0:00:00
#18 2.718 Collecting greenlet>=3.1.1
#18 2.742   Downloading greenlet-3.2.1-cp39-cp39-manylinux_2_17_aarch64.manylinux2014_aarch64.whl (623 kB)
#18 2.752       623.9/623.9 kB 80.1 MB/s eta 0:00:00
#18 2.779 Collecting python-jose[cryptography]>=3.3.0
#18 2.798   Downloading python_jose-3.4.0-py2.py3-none-any.whl (34 kB)
#18 2.822 Collecting passlib[bcrypt]>=1.7.4
#18 2.847   Downloading passlib-1.7.4-py2.py3-none-any.whl (525 kB)
#18 2.853       525.6/525.6 kB 107.4 MB/s eta 0:00:00
#18 2.882 Collecting python-multipart>=0.0.6
#18 2.902   Downloading python_multipart-0.0.20-py3-none-any.whl (24 kB)
#18 2.929 Collecting itsdangerous>=2.0.1
#18 2.951   Downloading itsdangerous-2.2.0-py3-none-any.whl (16 kB)
#18 3.035 Collecting openai>=1.3.0
#18 3.062   Downloading openai-1.77.0-py3-none-any.whl (662 kB)
#18 3.069       662.0/662.0 kB 130.5 MB/s eta 0:00:00
#18 3.141 Collecting google-api-python-client>=2.108.0
#18 3.158   Downloading google_api_python_client-2.169.0-py3-none-any.whl (13.3 MB)
#18 3.299       13.3/13.3 MB 95.2 MB/s eta 0:00:00
#18 3.330 Collecting google-auth-httplib2>=0.1.1
#18 3.348   Downloading google_auth_httplib2-0.2.0-py2.py3-none-any.whl (9.3 kB)
#18 3.375 Collecting google-auth-oauthlib>=1.1.0
#18 3.392   Downloading google_auth_oauthlib-1.2.2-py3-none-any.whl (19 kB)
#18 3.425 Collecting openpyxl>=3.1.2
#18 3.442   Downloading openpyxl-3.1.5-py2.py3-none-any.whl (250 kB)
#18 3.446       250.9/250.9 kB 88.4 MB/s eta 0:00:00
#18 3.602 Collecting pydantic[email]<3.0.0,>=2.0.0
#18 3.621   Downloading pydantic-2.11.4-py3-none-any.whl (443 kB)
#18 3.626       443.9/443.9 kB 144.1 MB/s eta 0:00:00
#18 3.655 Collecting pydantic-settings<3.0.0,>=2.0.0
#18 3.671   Downloading pydantic_settings-2.9.1-py3-none-any.whl (44 kB)
#18 3.673       44.4/44.4 kB 80.5 MB/s eta 0:00:00
#18 3.821 Collecting pandas<2.1.0,>=2.0.0
#18 3.838   Downloading pandas-2.0.3-cp39-cp39-manylinux_2_17_aarch64.manylinux2014_aarch64.whl (11.7 MB)
#18 3.969       11.7/11.7 MB 88.7 MB/s eta 0:00:00
#18 4.067 Collecting pytest>=7.4.3
#18 4.089   Downloading pytest-8.3.5-py3-none-any.whl (343 kB)
#18 4.093       343.6/343.6 kB 139.6 MB/s eta 0:00:00
#18 4.128 Collecting pytest-asyncio>=0.21.1
#18 4.153   Downloading pytest_asyncio-0.26.0-py3-none-any.whl (19 kB)
#18 4.192 Collecting httpx>=0.25.1
#18 4.207   Downloading httpx-0.28.1-py3-none-any.whl (73 kB)
#18 4.210       73.5/73.5 kB 73.4 MB/s eta 0:00:00
#18 4.244 Collecting pytest-cov>=4.1.0
#18 4.268   Downloading pytest_cov-6.1.1-py3-none-any.whl (23 kB)
#18 4.336 Collecting black>=23.11.0
#18 4.353   Downloading black-25.1.0-py3-none-any.whl (207 kB)
#18 4.358       207.6/207.6 kB 55.1 MB/s eta 0:00:00
#18 4.400 Collecting flake8>=6.1.0
#18 4.415   Downloading flake8-7.2.0-py2.py3-none-any.whl (57 kB)
#18 4.418       57.8/57.8 kB 70.0 MB/s eta 0:00:00
#18 4.467 Collecting isort>=5.12.0
#18 4.485   Downloading isort-6.0.1-py3-none-any.whl (94 kB)
#18 4.487       94.2/94.2 kB 129.0 MB/s eta 0:00:00
#18 4.607 Collecting mypy>=1.7.0
#18 4.628   Downloading mypy-1.15.0-cp39-cp39-manylinux_2_17_aarch64.manylinux2014_aarch64.manylinux_2_28_aarch64.whl (11.6 MB)
#18 4.761       11.6/11.6 MB 86.5 MB/s eta 0:00:00
#18 4.804 Collecting python-json-logger>=2.0.7
#18 4.822   Downloading python_json_logger-3.3.0-py3-none-any.whl (15 kB)
#18 4.853 Collecting prometheus-client>=0.18.0
#18 4.873   Downloading prometheus_client-0.21.1-py3-none-any.whl (54 kB)
#18 4.875       54.7/54.7 kB 444.8 MB/s eta 0:00:00
#18 5.427 Collecting aiohttp>=3.9.0
#18 5.452   Downloading aiohttp-3.11.18-cp39-cp39-manylinux_2_17_aarch64.manylinux2014_aarch64.whl (1.6 MB)
#18 5.470       1.6/1.6 MB 100.7 MB/s eta 0:00:00
#18 5.518 Collecting anthropic>=0.46.0
#18 5.541   Downloading anthropic-0.51.0-py3-none-any.whl (263 kB)
#18 5.546       264.0/264.0 kB 78.0 MB/s eta 0:00:00
#18 5.575 Collecting fuzzywuzzy>=0.18.0
#18 5.595   Downloading fuzzywuzzy-0.18.0-py2.py3-none-any.whl (18 kB)
#18 5.623 Collecting python-Levenshtein>=0.27.1
#18 5.641   Downloading python_levenshtein-0.27.1-py3-none-any.whl (9.4 kB)
#18 5.709 Collecting typing-extensions>=4.8.0
#18 5.729   Downloading typing_extensions-4.13.2-py3-none-any.whl (45 kB)
#18 5.736       45.8/45.8 kB 7.0 MB/s eta 0:00:00
#18 5.784 Collecting starlette<0.47.0,>=0.40.0
#18 5.806   Downloading starlette-0.46.2-py3-none-any.whl (72 kB)
#18 5.808       72.0/72.0 kB 192.9 MB/s eta 0:00:00
#18 5.850 Collecting click>=7.0
#18 5.874   Downloading click-8.1.8-py3-none-any.whl (98 kB)
#18 5.878       98.2/98.2 kB 47.1 MB/s eta 0:00:00
#18 5.902 Collecting h11>=0.8
#18 5.920   Downloading h11-0.16.0-py3-none-any.whl (37 kB)
#18 5.971 Collecting httptools>=0.6.3
#18 5.994   Downloading httptools-0.6.4-cp39-cp39-manylinux_2_17_aarch64.manylinux2014_aarch64.whl (449 kB)
#18 6.000       449.6/449.6 kB 95.6 MB/s eta 0:00:00
#18 6.100 Collecting watchfiles>=0.13
#18 6.116   Downloading watchfiles-1.0.5-cp39-cp39-manylinux_2_17_aarch64.manylinux2014_aarch64.whl (456 kB)
#18 6.130       456.1/456.1 kB 36.7 MB/s eta 0:00:00
#18 6.191 Collecting uvloop!=0.15.0,!=0.15.1,>=0.14.0
#18 6.216   Downloading uvloop-0.21.0-cp39-cp39-manylinux_2_17_aarch64.manylinux2014_aarch64.whl (3.8 MB)
#18 6.254       3.8/3.8 MB 103.1 MB/s eta 0:00:00
#18 6.293 Collecting python-dotenv>=0.13
#18 6.309   Downloading python_dotenv-1.1.0-py3-none-any.whl (20 kB)
#18 6.368 Collecting pyyaml>=5.1
#18 6.389   Downloading PyYAML-6.0.2-cp39-cp39-manylinux_2_17_aarch64.manylinux2014_aarch64.whl (720 kB)
#18 6.398       720.9/720.9 kB 98.9 MB/s eta 0:00:00
#18 6.527 Collecting websockets>=10.4
#18 6.543   Downloading websockets-15.0.1-cp39-cp39-manylinux_2_17_aarch64.manylinux2014_aarch64.whl (182 kB)
#18 6.548       182.1/182.1 kB 70.9 MB/s eta 0:00:00
#18 6.656 Collecting Mako
#18 6.676   Downloading mako-1.3.10-py3-none-any.whl (78 kB)
#18 6.677       78.5/78.5 kB 448.2 MB/s eta 0:00:00
#18 6.712 Collecting async-timeout>=4.0.3
#18 6.731   Downloading async_timeout-5.0.1-py3-none-any.whl (6.2 kB)
#18 6.764 Collecting ecdsa!=0.15
#18 6.784   Downloading ecdsa-0.19.1-py2.py3-none-any.whl (150 kB)
#18 6.786       150.6/150.6 kB 115.0 MB/s eta 0:00:00
#18 6.816 Collecting rsa!=4.1.1,!=4.4,<5.0,>=4.0
#18 6.836   Downloading rsa-4.9.1-py3-none-any.whl (34 kB)
#18 6.879 Collecting pyasn1<0.5.0,>=0.4.1
#18 6.897   Downloading pyasn1-0.4.8-py2.py3-none-any.whl (77 kB)
#18 6.899       77.1/77.1 kB 395.7 MB/s eta 0:00:00
#18 7.111 Collecting cryptography>=3.4.0
#18 7.129   Downloading cryptography-44.0.3-cp39-abi3-manylinux_2_34_aarch64.whl (4.0 MB)
#18 7.170       4.0/4.0 MB 100.9 MB/s eta 0:00:00
#18 7.247 Collecting bcrypt>=3.1.0
#18 7.278   Downloading bcrypt-4.3.0-cp39-abi3-manylinux_2_34_aarch64.whl (279 kB)
#18 7.281       279.2/279.2 kB 141.4 MB/s eta 0:00:00
#18 7.325 Collecting distro<2,>=1.7.0
#18 7.356   Downloading distro-1.9.0-py3-none-any.whl (20 kB)
#18 7.418 Collecting tqdm>4
#18 7.442   Downloading tqdm-4.67.1-py3-none-any.whl (78 kB)
#18 7.444       78.5/78.5 kB 132.3 MB/s eta 0:00:00
#18 7.495 Collecting sniffio
#18 7.514   Downloading sniffio-1.3.1-py3-none-any.whl (10 kB)
#18 7.597 Collecting jiter<1,>=0.4.0
#18 7.640   Downloading jiter-0.9.0-cp39-cp39-manylinux_2_17_aarch64.manylinux2014_aarch64.whl (343 kB)
#18 7.644       343.0/343.0 kB 192.5 MB/s eta 0:00:00
#18 7.748 Collecting anyio<5,>=3.5.0
#18 7.786   Downloading anyio-4.9.0-py3-none-any.whl (100 kB)
#18 7.788       100.9/100.9 kB 450.2 MB/s eta 0:00:00
#18 7.857 Collecting uritemplate<5,>=3.0.1
#18 7.879   Downloading uritemplate-4.1.1-py2.py3-none-any.whl (10 kB)
#18 7.948 Collecting google-api-core!=2.0.*,!=2.1.*,!=2.2.*,!=2.3.0,<3.0.0,>=1.31.5
#18 7.968   Downloading google_api_core-2.24.2-py3-none-any.whl (160 kB)
#18 7.972       160.1/160.1 kB 85.8 MB/s eta 0:00:00
#18 7.999 Collecting httplib2<1.0.0,>=0.19.0
#18 8.018   Downloading httplib2-0.22.0-py3-none-any.whl (96 kB)
#18 8.020       96.9/96.9 kB 406.5 MB/s eta 0:00:00
#18 8.108 Collecting google-auth!=2.24.0,!=2.25.0,<3.0.0,>=1.32.0
#18 8.146   Downloading google_auth-2.40.1-py2.py3-none-any.whl (216 kB)
#18 8.148       216.1/216.1 kB 335.0 MB/s eta 0:00:00
#18 8.205 Collecting requests-oauthlib>=0.7.0
#18 8.225   Downloading requests_oauthlib-2.0.0-py2.py3-none-any.whl (24 kB)
#18 8.271 Collecting et-xmlfile
#18 8.291   Downloading et_xmlfile-2.0.0-py3-none-any.whl (18 kB)
#18 8.318 Collecting annotated-types>=0.6.0
#18 ...

#16 [app frontend-builder  7/12] RUN yarn install --frozen-lockfile
#16 19.41 [4/5] Linking dependencies...
#16 19.41 warning " > @testing-library/user-event@14.6.1" has unmet peer dependency "@testing-library/dom@>=7.21.4".
#16 ...

#18 [app backend-prod  5/11] RUN pip install --no-cache-dir -r requirements.txt
#18 8.336   Downloading annotated_types-0.7.0-py3-none-any.whl (13 kB)
#18 9.171 Collecting pydantic-core==2.33.2
#18 9.187   Downloading pydantic_core-2.33.2-cp39-cp39-manylinux_2_17_aarch64.manylinux2014_aarch64.whl (1.9 MB)
#18 9.209       1.9/1.9 MB 102.7 MB/s eta 0:00:00
#18 9.235 Collecting typing-inspection>=0.4.0
#18 9.252   Downloading typing_inspection-0.4.0-py3-none-any.whl (14 kB)
#18 9.280 Collecting email-validator>=2.0.0
#18 9.300   Downloading email_validator-2.2.0-py3-none-any.whl (33 kB)
#18 9.380 Collecting python-dateutil>=2.8.2
#18 9.404   Downloading python_dateutil-2.9.0.post0-py2.py3-none-any.whl (229 kB)
#18 9.407       229.9/229.9 kB 103.2 MB/s eta 0:00:00
#18 9.455 Collecting pytz>=2020.1
#18 9.472   Downloading pytz-2025.2-py2.py3-none-any.whl (509 kB)
#18 9.476       509.2/509.2 kB 157.4 MB/s eta 0:00:00
#18 9.786 Collecting numpy>=1.20.3
#18 9.803   Downloading numpy-2.0.2-cp39-cp39-manylinux_2_17_aarch64.manylinux2014_aarch64.whl (13.9 MB)
#18 9.939       13.9/13.9 MB 103.9 MB/s eta 0:00:00
#18 9.978 Collecting tzdata>=2022.1
#18 9.994   Downloading tzdata-2025.2-py2.py3-none-any.whl (347 kB)
#18 10.00       347.8/347.8 kB 67.0 MB/s eta 0:00:00
#18 10.04 Collecting packaging
#18 10.06   Downloading packaging-25.0-py3-none-any.whl (66 kB)
#18 10.06       66.5/66.5 kB 370.6 MB/s eta 0:00:00
#18 10.09 Collecting tomli>=1
#18 10.11   Downloading tomli-2.2.1-py3-none-any.whl (14 kB)
#18 10.14 Collecting exceptiongroup>=1.0.0rc8
#18 10.15   Downloading exceptiongroup-1.2.2-py3-none-any.whl (16 kB)
#18 10.18 Collecting iniconfig
#18 10.19   Downloading iniconfig-2.1.0-py3-none-any.whl (6.0 kB)
#18 10.23 Collecting pluggy<2,>=1.5
#18 10.24   Downloading pluggy-1.5.0-py3-none-any.whl (20 kB)
#18 10.29 Collecting certifi
#18 10.31   Downloading certifi-2025.4.26-py3-none-any.whl (159 kB)
#18 10.31       159.6/159.6 kB 134.7 MB/s eta 0:00:00
#18 10.35 Collecting httpcore==1.*
#18 10.36   Downloading httpcore-1.0.9-py3-none-any.whl (78 kB)
#18 10.36       78.8/78.8 kB 134.5 MB/s eta 0:00:00
#18 10.39 Collecting idna
#18 10.41   Downloading idna-3.10-py3-none-any.whl (70 kB)
#18 10.41       70.4/70.4 kB 189.8 MB/s eta 0:00:00
#18 10.80 Collecting coverage[toml]>=7.5
#18 10.81   Downloading coverage-7.8.0-cp39-cp39-manylinux_2_17_aarch64.manylinux2014_aarch64.whl (240 kB)
#18 10.82       240.6/240.6 kB 90.0 MB/s eta 0:00:00
#18 10.85 Collecting mypy-extensions>=0.4.3
#18 10.87   Downloading mypy_extensions-1.1.0-py3-none-any.whl (5.0 kB)
#18 10.90 Collecting platformdirs>=2
#18 10.92   Downloading platformdirs-4.3.8-py3-none-any.whl (18 kB)
#18 10.95 Collecting pathspec>=0.9.0
#18 10.97   Downloading pathspec-0.12.1-py3-none-any.whl (31 kB)
#18 10.99 Collecting pycodestyle<2.14.0,>=2.13.0
#18 11.01   Downloading pycodestyle-2.13.0-py2.py3-none-any.whl (31 kB)
#18 11.04 Collecting pyflakes<3.4.0,>=3.3.0
#18 11.06   Downloading pyflakes-3.3.2-py2.py3-none-any.whl (63 kB)
#18 11.06       63.2/63.2 kB 85.2 MB/s eta 0:00:00
#18 11.10 Collecting mccabe<0.8.0,>=0.7.0
#18 11.12   Downloading mccabe-0.7.0-py2.py3-none-any.whl (7.3 kB)
#18 11.22 Collecting propcache>=0.2.0
#18 11.24   Downloading propcache-0.3.1-cp39-cp39-manylinux_2_17_aarch64.manylinux2014_aarch64.whl (209 kB)
#18 11.24       209.2/209.2 kB 231.5 MB/s eta 0:00:00
#18 11.26 Collecting aiosignal>=1.1.2
#18 11.28   Downloading aiosignal-1.3.2-py2.py3-none-any.whl (7.6 kB)
#18 11.37 Collecting frozenlist>=1.1.1
#18 11.38   Downloading frozenlist-1.6.0-cp39-cp39-manylinux_2_17_aarch64.manylinux2014_aarch64.whl (288 kB)
#18 11.39       288.3/288.3 kB 80.8 MB/s eta 0:00:00
#18 11.42 Collecting aiohappyeyeballs>=2.3.0
#18 11.44   Downloading aiohappyeyeballs-2.6.1-py3-none-any.whl (15 kB)
#18 11.70 Collecting multidict<7.0,>=4.5
#18 11.72   Downloading multidict-6.4.3-cp39-cp39-manylinux_2_17_aarch64.manylinux2014_aarch64.whl (217 kB)
#18 11.72       218.0/218.0 kB 102.3 MB/s eta 0:00:00
#18 12.16 Collecting yarl<2.0,>=1.17.0
#18 12.18   Downloading yarl-1.20.0-cp39-cp39-manylinux_2_17_aarch64.manylinux2014_aarch64.whl (332 kB)
#18 12.18       332.7/332.7 kB 154.9 MB/s eta 0:00:00
#18 12.21 Collecting attrs>=17.3.0
#18 12.23   Downloading attrs-25.3.0-py3-none-any.whl (63 kB)
#18 12.23       63.8/63.8 kB 75.0 MB/s eta 0:00:00
#18 12.46 Collecting Levenshtein==0.27.1
#18 12.48   Downloading levenshtein-0.27.1-cp39-cp39-manylinux_2_17_aarch64.manylinux2014_aarch64.whl (151 kB)
#18 12.48       151.8/151.8 kB 368.7 MB/s eta 0:00:00
#18 13.18 Collecting rapidfuzz<4.0.0,>=3.9.0
#18 13.20   Downloading rapidfuzz-3.13.0-cp39-cp39-manylinux_2_17_aarch64.manylinux2014_aarch64.whl (1.4 MB)
#18 13.22       1.4/1.4 MB 105.0 MB/s eta 0:00:00
#18 13.49 Collecting cffi>=1.12
#18 13.50   Downloading cffi-1.17.1-cp39-cp39-manylinux_2_17_aarch64.manylinux2014_aarch64.whl (447 kB)
#18 13.51       447.2/447.2 kB 141.1 MB/s eta 0:00:00
#18 13.54 Collecting six>=1.9.0
#18 13.56   Downloading six-1.17.0-py2.py3-none-any.whl (11 kB)
#18 13.59 Collecting dnspython>=2.0.0
#18 13.60   Downloading dnspython-2.7.0-py3-none-any.whl (313 kB)
#18 13.61       313.6/313.6 kB 67.9 MB/s eta 0:00:00
#18 13.66 Collecting proto-plus<2.0.0,>=1.22.3
#18 13.68   Downloading proto_plus-1.26.1-py3-none-any.whl (50 kB)
#18 13.68       50.2/50.2 kB 369.1 MB/s eta 0:00:00
#18 13.72 Collecting requests<3.0.0,>=2.18.0
#18 14.22   Downloading requests-2.32.3-py3-none-any.whl (64 kB)
#18 14.22       64.9/64.9 kB 265.2 MB/s eta 0:00:00
#18 14.58 Collecting protobuf!=3.20.0,!=3.20.1,!=4.21.0,!=4.21.1,!=4.21.2,!=4.21.3,!=4.21.4,!=4.21.5,<7.0.0,>=3.19.5
#18 14.60   Downloading protobuf-6.30.2-cp39-abi3-manylinux2014_aarch64.whl (317 kB)
#18 14.60       317.3/317.3 kB 88.1 MB/s eta 0:00:00
#18 14.66 Collecting googleapis-common-protos<2.0.0,>=1.56.2
#18 14.68   Downloading googleapis_common_protos-1.70.0-py3-none-any.whl (294 kB)
#18 14.68       294.5/294.5 kB 447.1 MB/s eta 0:00:00
#18 14.74 Collecting pyasn1-modules>=0.2.1
#18 14.76   Downloading pyasn1_modules-0.4.2-py3-none-any.whl (181 kB)
#18 14.76       181.3/181.3 kB 37.1 MB/s eta 0:00:00
#18 14.79 Collecting cachetools<6.0,>=2.0.0
#18 14.81   Downloading cachetools-5.5.2-py3-none-any.whl (10 kB)
#18 14.87 Collecting pyparsing!=3.0.0,!=3.0.1,!=3.0.2,!=3.0.3,<4,>=2.4.2
#18 14.88   Downloading pyparsing-3.2.3-py3-none-any.whl (111 kB)
#18 14.89       111.1/111.1 kB 55.1 MB/s eta 0:00:00
#18 15.03 Collecting oauthlib>=3.0.0
#18 15.05   Downloading oauthlib-3.2.2-py3-none-any.whl (151 kB)
#18 15.05       151.7/151.7 kB 82.2 MB/s eta 0:00:00
#18 15.26 Collecting MarkupSafe>=0.9.2
#18 15.27   Downloading MarkupSafe-3.0.2-cp39-cp39-manylinux_2_17_aarch64.manylinux2014_aarch64.whl (21 kB)
#18 15.33 Collecting pycparser
#18 15.35   Downloading pycparser-2.22-py3-none-any.whl (117 kB)
#18 15.35       117.6/117.6 kB 153.4 MB/s eta 0:00:00
#18 15.48 Collecting pyasn1-modules>=0.2.1
#18 15.50   Downloading pyasn1_modules-0.4.1-py3-none-any.whl (181 kB)
#18 15.50       181.5/181.5 kB 81.5 MB/s eta 0:00:00
#18 15.58 Collecting urllib3<3,>=1.21.1
#18 15.60   Downloading urllib3-2.4.0-py3-none-any.whl (128 kB)
#18 15.60       128.7/128.7 kB 346.6 MB/s eta 0:00:00
#18 15.70 Collecting charset-normalizer<4,>=2
#18 15.72   Downloading charset_normalizer-3.4.2-cp39-cp39-manylinux_2_17_aarch64.manylinux2014_aarch64.whl (144 kB)
#18 15.72       144.7/144.7 kB 57.2 MB/s eta 0:00:00
#18 ...

#16 [app frontend-builder  7/12] RUN yarn install --frozen-lockfile
#16 26.76 [5/5] Building fresh packages...
#16 27.19 Done in 26.91s.
#16 DONE 27.4s

#18 [app backend-prod  5/11] RUN pip install --no-cache-dir -r requirements.txt
#18 16.38 Installing collected packages: pytz, pyasn1, passlib, fuzzywuzzy, websockets, uvloop, urllib3, uritemplate, tzdata, typing-extensions, tqdm, tomli, sniffio, six, rsa, rapidfuzz, pyyaml, python-multipart, python-dotenv, pyparsing, pyflakes, pycparser, pycodestyle, pyasn1-modules, psycopg2-binary, protobuf, propcache, prometheus-client, pluggy, platformdirs, pathspec, packaging, oauthlib, numpy, mypy-extensions, mccabe, MarkupSafe, jiter, itsdangerous, isort, iniconfig, idna, httptools, h11, greenlet, frozenlist, exceptiongroup, et-xmlfile, dnspython, distro, coverage, click, charset-normalizer, certifi, cachetools, bcrypt, attrs, async-timeout, annotated-types, aiohappyeyeballs, uvicorn, typing-inspection, sqlalchemy, requests, python-json-logger, python-dateutil, pytest, pydantic-core, proto-plus, openpyxl, mypy, multidict, Mako, Levenshtein, httplib2, httpcore, googleapis-common-protos, google-auth, flake8, email-validator, ecdsa, cffi, black, asyncpg, anyio, aiosignal, yarl, watchfiles, starlette, requests-oauthlib, python-Levenshtein, python-jose, pytest-cov, pytest-asyncio, pydantic, pandas, httpx, google-auth-httplib2, google-api-core, cryptography, alembic, pydantic-settings, openai, google-auth-oauthlib, google-api-python-client, fastapi, anthropic, aiohttp
#18 ...

#19 [app frontend-builder  8/12] RUN rm -rf node_modules/.vite
#19 DONE 0.6s

#20 [app frontend-builder  9/12] WORKDIR /app
#20 DONE 0.2s

#18 [app backend-prod  5/11] RUN pip install --no-cache-dir -r requirements.txt
#18 ...

#21 [app frontend-builder 10/12] COPY frontend/ ./frontend/
#21 DONE 0.2s

#22 [app frontend-builder 11/12] WORKDIR /app/frontend
#22 DONE 0.5s

#18 [app backend-prod  5/11] RUN pip install --no-cache-dir -r requirements.txt
#18 ...

#23 [app frontend-builder 12/12] RUN yarn build
#23 0.206 yarn run v1.22.22
#23 0.223 $ tsc && vite build
#23 ...

#18 [app backend-prod  5/11] RUN pip install --no-cache-dir -r requirements.txt
#18 25.25 Successfully installed Levenshtein-0.27.1 Mako-1.3.10 MarkupSafe-3.0.2 aiohappyeyeballs-2.6.1 aiohttp-3.11.18 aiosignal-1.3.2 alembic-1.15.2 annotated-types-0.7.0 anthropic-0.51.0 anyio-4.9.0 async-timeout-5.0.1 asyncpg-0.30.0 attrs-25.3.0 bcrypt-4.3.0 black-25.1.0 cachetools-5.5.2 certifi-2025.4.26 cffi-1.17.1 charset-normalizer-3.4.2 click-8.1.8 coverage-7.8.0 cryptography-44.0.3 distro-1.9.0 dnspython-2.7.0 ecdsa-0.19.1 email-validator-2.2.0 et-xmlfile-2.0.0 exceptiongroup-1.2.2 fastapi-0.115.12 flake8-7.2.0 frozenlist-1.6.0 fuzzywuzzy-0.18.0 google-api-core-2.24.2 google-api-python-client-2.169.0 google-auth-2.40.1 google-auth-httplib2-0.2.0 google-auth-oauthlib-1.2.2 googleapis-common-protos-1.70.0 greenlet-3.2.1 h11-0.16.0 httpcore-1.0.9 httplib2-0.22.0 httptools-0.6.4 httpx-0.28.1 idna-3.10 iniconfig-2.1.0 isort-6.0.1 itsdangerous-2.2.0 jiter-0.9.0 mccabe-0.7.0 multidict-6.4.3 mypy-1.15.0 mypy-extensions-1.1.0 numpy-2.0.2 oauthlib-3.2.2 openai-1.77.0 openpyxl-3.1.5 packaging-25.0 pandas-2.0.3 passlib-1.7.4 pathspec-0.12.1 platformdirs-4.3.8 pluggy-1.5.0 prometheus-client-0.21.1 propcache-0.3.1 proto-plus-1.26.1 protobuf-6.30.2 psycopg2-binary-2.9.10 pyasn1-0.4.8 pyasn1-modules-0.4.1 pycodestyle-2.13.0 pycparser-2.22 pydantic-2.11.4 pydantic-core-2.33.2 pydantic-settings-2.9.1 pyflakes-3.3.2 pyparsing-3.2.3 pytest-8.3.5 pytest-asyncio-0.26.0 pytest-cov-6.1.1 python-Levenshtein-0.27.1 python-dateutil-2.9.0.post0 python-dotenv-1.1.0 python-jose-3.4.0 python-json-logger-3.3.0 python-multipart-0.0.20 pytz-2025.2 pyyaml-6.0.2 rapidfuzz-3.13.0 requests-2.32.3 requests-oauthlib-2.0.0 rsa-4.9.1 six-1.17.0 sniffio-1.3.1 sqlalchemy-2.0.40 starlette-0.46.2 tomli-2.2.1 tqdm-4.67.1 typing-extensions-4.13.2 typing-inspection-0.4.0 tzdata-2025.2 uritemplate-4.1.1 urllib3-2.4.0 uvicorn-0.34.2 uvloop-0.21.0 watchfiles-1.0.5 websockets-15.0.1 yarl-1.20.0
#18 25.25 WARNING: Running pip as the 'root' user can result in broken permissions and conflicting behaviour with the system package manager. It is recommended to use a virtual environment instead: https://pip.pypa.io/warnings/venv
#18 25.36 
#18 25.36 [notice] A new release of pip is available: 23.0.1 -> 25.1.1
#18 25.36 [notice] To update, run: pip install --upgrade pip
#18 DONE 26.7s

#23 [app frontend-builder 12/12] RUN yarn build
#23 ...

#24 [app backend-prod  6/11] COPY src/ ./src/
#24 DONE 0.1s

#25 [app backend-prod  7/11] COPY alembic/ ./alembic/
#25 DONE 0.0s

#26 [app backend-prod  8/11] COPY alembic.ini .
#26 DONE 0.0s

#27 [app backend-prod  9/11] COPY templates/ ./templates/
#27 DONE 0.0s

#28 [app backend-prod 10/11] RUN mkdir -p data/exports
#28 DONE 0.1s

#23 [app frontend-builder 12/12] RUN yarn build
#23 9.445 src/components/chat/Chat.tsx(57,9): error TS2322: Type 'import("/app/frontend/src/types/chat").Message[]' is not assignable to type 'import("/app/frontend/src/types/api").Message[]'.
#23 9.445   Type 'Message' is missing the following properties from type 'Message': created_at, meta_data
#23 9.445 src/components/chat/ConversationList.tsx(51,43): error TS2552: Cannot find name 'ConversationItemProps'. Did you mean 'ConversationListProps'?
#23 9.446 src/components/chat/ConversationList.tsx(95,18): error TS2304: Cannot find name 'DragItem'.
#23 9.446 src/components/chat/ConversationList.tsx(108,19): error TS2304: Cannot find name 'DragItem'.
#23 9.446 src/components/chat/ConversationList.tsx(164,5): error TS2349: This expression is not callable.
#23 9.446   Not all constituents of type 'Ref<any>' are callable.
#23 9.446     Type 'RefObject<any>' has no call signatures.
#23 9.446 src/components/chat/ConversationList.tsx(165,5): error TS2349: This expression is not callable.
#23 9.446   Not all constituents of type 'Ref<any>' are callable.
#23 9.446     Type 'RefObject<any>' has no call signatures.
#23 9.446 src/components/chat/ConversationList.tsx(252,25): error TS2552: Cannot find name 'setEditingConversation'. Did you mean 'editingConversation'?
#23 9.446 src/components/chat/ConversationList.tsx(265,27): error TS2304: Cannot find name 'restoreConversationMutation'.
#23 9.446 src/components/chat/ConversationList.tsx(277,29): error TS2304: Cannot find name 'archiveConversationMutation'.
#23 9.446 src/components/chat/ConversationList.tsx(291,27): error TS2304: Cannot find name 'deleteConversationMutation'.
#23 9.446 src/components/chat/ConversationList.tsx(884,40): error TS2304: Cannot find name 'onToggleSelect'.
#23 9.446 src/components/chat/ConversationList.tsx(933,57): error TS2345: Argument of type 'unknown' is not assignable to parameter of type 'string'.
#23 9.446 src/components/chat/ConversationList.tsx(1024,47): error TS2339: Property 'isPending' does not exist on type 'UseMutationResult<Conversation, Error, { title: string; description?: string; }, unknown>'.
#23 9.446   Property 'isPending' does not exist on type 'Override<MutationObserverIdleResult<Conversation, Error, { title: string; description?: string; }, unknown>, { mutate: UseMutateFunction<Conversation, Error, { ...; }, unknown>; }> & { ...; }'.
#23 9.446 src/components/chat/DataPreviewModal.tsx(146,27): error TS2551: Property 'detail' does not exist on type 'DataExtractionError'. Did you mean 'details'?
#23 9.446 src/components/chat/DataPreviewModal.tsx(231,31): error TS2551: Property 'detail' does not exist on type 'DataExtractionError'. Did you mean 'details'?
#23 9.447 src/components/chat/MessageItem.tsx(656,42): error TS2698: Spread types may only be created from object types.
#23 9.447 src/components/chat/MessageItem.tsx(713,68): error TS2339: Property 'getUserMessage' does not exist on type 'DataExtractionError'.
#23 9.447 src/components/chat/MessageItem.tsx(766,36): error TS2339: Property 'data_type' does not exist on type '{ source: string; message_id: string; conversation_id: string; extracted_at: string; is_test_data: boolean; note: string; }'.
#23 9.447 src/components/chat/MessageItem.tsx(767,36): error TS2339: Property 'entity_type' does not exist on type '{ source: string; message_id: string; conversation_id: string; extracted_at: string; is_test_data: boolean; note: string; }'.
#23 9.447 src/components/chat/MessageItem.tsx(768,36): error TS2339: Property 'suggested_mappings' does not exist on type '{ source: string; message_id: string; conversation_id: string; extracted_at: string; is_test_data: boolean; note: string; }'.
#23 9.447 src/components/chat/MessageItem.tsx(817,34): error TS2339: Property 'getUserMessage' does not exist on type 'DataExtractionError'.
#23 9.447 src/components/chat/MessageItem.tsx(818,75): error TS2339: Property 'getUserMessage' does not exist on type 'DataExtractionError'.
#23 9.447 src/components/chat/MessageItem.tsx(992,47): error TS2339: Property 'type' does not exist on type 'unknown'.
#23 9.447 src/components/chat/MessageItem.tsx(997,79): error TS2339: Property 'name' does not exist on type 'unknown'.
#23 9.447 src/components/chat/MessageItem.tsx(999,51): error TS2339: Property 'size' does not exist on type 'unknown'.
#23 9.447 src/components/common/BulkEditModal/EnhancedBulkEditModal.tsx(171,22): error TS2739: Type '{ className: string; }' is missing the following properties from type 'Pick<AntdIconProps, "headers" | "method" | "data" | "integrity" | "value" | "role" | "content" | "id" | "type" | "required" | "default" | "name" | "size" | "children" | ... 348 more ... | "twoToneColor">': onPointerEnterCapture, onPointerLeaveCapture
#23 9.447 src/components/common/BulkEditModal/EnhancedBulkEditModal.tsx(227,11): error TS2322: Type '{ isProcessing: boolean; progress: number; results: { success: number; failed: number; }; onClose: () => void; }' is not assignable to type 'IntrinsicAttributes & ProcessingStatusProps'.
#23 9.447   Property 'isProcessing' does not exist on type 'IntrinsicAttributes & ProcessingStatusProps'.
#23 9.447 src/components/common/BulkEditModal/__tests__/EnhancedBulkEditModal.test.tsx(7,35): error TS2307: Cannot find module '../../../../../frontend/src/components/common/BulkEditModal/EnhancedBulkEditModal' or its corresponding type declarations.
#23 9.447 src/components/common/BulkEditModal/__tests__/EnhancedBulkEditModal.test.tsx(102,66): error TS2464: A computed property name must be of type 'string', 'number', 'symbol', or 'any'.
#23 9.447 src/components/common/BulkEditModal/__tests__/EnhancedBulkEditModal.test.tsx(111,49): error TS2345: Argument of type '{ success: number; failed: number; total: number; }' is not assignable to parameter of type 'never'.
#23 9.448 src/components/common/BulkEditModal/__tests__/EnhancedBulkEditModal.test.tsx(160,5): error TS2698: Spread types may only be created from object types.
#23 9.448 src/components/common/BulkEditModal/__tests__/EnhancedBulkEditModal.test.tsx(379,60): error TS2345: Argument of type '{ success: number; failed: number; total: number; }' is not assignable to parameter of type 'never'.
#23 9.448 src/components/common/BulkEditModal/__tests__/EnhancedBulkEditModal.test.tsx(420,51): error TS2345: Argument of type '{ success: number; failed: number; total: number; }' is not assignable to parameter of type 'never'.
#23 9.448 src/components/common/BulkEditModal/__tests__/EnhancedBulkEditModal.test.tsx(483,60): error TS2345: Argument of type 'Error' is not assignable to parameter of type 'never'.
#23 9.448 src/components/common/BulkEditModal/components/EnhancedFieldInput.tsx(244,18): error TS2739: Type '{ style: { color: "#1890ff"; }; }' is missing the following properties from type 'Pick<AntdIconProps, "headers" | "method" | "data" | "integrity" | "value" | "role" | "content" | "id" | "type" | "required" | "default" | "name" | "size" | "children" | ... 348 more ... | "twoToneColor">': onPointerEnterCapture, onPointerLeaveCapture
#23 9.448 src/components/common/BulkEditModal/components/EnhancedFieldInput.tsx(259,20): error TS2739: Type '{}' is missing the following properties from type 'Pick<AntdIconProps, "headers" | "method" | "data" | "integrity" | "value" | "role" | "content" | "id" | "type" | "required" | "default" | "name" | "size" | "children" | ... 348 more ... | "twoToneColor">': onPointerEnterCapture, onPointerLeaveCapture
#23 9.448 src/components/common/BulkEditModal/components/EnhancedFieldInput.tsx(279,16): error TS2739: Type '{ onClick: () => Promise<void>; style: { cursor: "pointer"; }; }' is missing the following properties from type 'Pick<AntdIconProps, "headers" | "method" | "data" | "integrity" | "value" | "role" | "content" | "id" | "type" | "required" | "default" | "name" | "size" | "children" | ... 348 more ... | "twoToneColor">': onPointerEnterCapture, onPointerLeaveCapture
#23 9.448 src/components/common/BulkEditModal/components/FieldSelector.tsx(68,26): error TS2739: Type '{ className: string; }' is missing the following properties from type 'Pick<AntdIconProps, "headers" | "method" | "data" | "integrity" | "value" | "role" | "content" | "id" | "type" | "required" | "default" | "name" | "size" | "children" | ... 348 more ... | "twoToneColor">': onPointerEnterCapture, onPointerLeaveCapture
#23 9.448 src/components/common/BulkEditModal/components/__tests__/EnhancedFieldInput.test.tsx(7,32): error TS2307: Cannot find module '../../../../../../frontend/src/components/common/BulkEditModal/components/EnhancedFieldInput' or its corresponding type declarations.
#23 9.448 src/components/common/BulkEditModal/components/__tests__/EnhancedFieldInput.test.tsx(13,30): error TS2339: Property 'includes' does not exist on type 'unknown'.
#23 9.448 src/components/common/BulkEditModal/components/__tests__/EnhancedFieldInput.test.tsx(29,37): error TS2339: Property 'includes' does not exist on type 'unknown'.
#23 9.448 src/components/common/BulkEditModal/components/__tests__/EnhancedFieldInput.test.tsx(45,37): error TS2339: Property 'includes' does not exist on type 'unknown'.
#23 9.448 src/components/common/BulkEditModal/components/__tests__/EnhancedFieldInput.test.tsx(61,37): error TS2339: Property 'includes' does not exist on type 'unknown'.
#23 9.448 src/components/common/BulkEditModal/components/__tests__/EnhancedFieldInput.test.tsx(68,37): error TS2339: Property 'includes' does not exist on type 'unknown'.
#23 9.448 src/components/common/BulkEditModal/components/__tests__/EnhancedFieldInput.test.tsx(106,5): error TS2698: Spread types may only be created from object types.
#23 9.448 src/components/common/ContactDetail.tsx(105,9): error TS2554: Expected 2-3 arguments, but got 1.
#23 9.448 src/components/common/ContactDetail.tsx(178,7): error TS2554: Expected 2-3 arguments, but got 1.
#23 9.448 src/components/common/ContactDetail.tsx(187,7): error TS2554: Expected 2-3 arguments, but got 1.
#23 9.448 src/components/common/ContactDetail.tsx(217,7): error TS2554: Expected 2-3 arguments, but got 1.
#23 9.448 src/components/common/ContactDetail.tsx(223,7): error TS2554: Expected 2-3 arguments, but got 1.
#23 9.448 src/components/common/ContactDetail.tsx(240,7): error TS2554: Expected 2-3 arguments, but got 1.
#23 9.448 src/components/common/ContactDetail.tsx(246,7): error TS2554: Expected 2-3 arguments, but got 1.
#23 9.448 src/components/common/ContactDetail.tsx(263,9): error TS2554: Expected 2-3 arguments, but got 1.
#23 9.448 src/components/common/ContactDetail.tsx(273,9): error TS2554: Expected 2-3 arguments, but got 1.
#23 9.448 src/components/common/LinkedInCSVImport.tsx(94,13): error TS2554: Expected 2-3 arguments, but got 1.
#23 9.448 src/components/common/LinkedInCSVImport.tsx(115,7): error TS2554: Expected 2-3 arguments, but got 1.
#23 9.448 src/components/common/LinkedInConnections.tsx(63,54): error TS2339: Property 'refreshToken' does not exist on type '{ register: (data: { email: string; password: string; }) => Promise<User>; login: (data: { email: string; password: string; }) => Promise<TokenResponse>; refresh: () => Promise<...>; logout: () => Promise<...>; me: () => Promise<...>; }'.
#23 9.448 src/components/common/SmartColumn.tsx(112,6): error TS2322: Type '{ children: Element[]; "data-header": string; draggable: string; onDragStart: (e: DragEvent<Element>) => void; onDragOver: (e: DragEvent<Element>) => void; ... 5 more ...; style: { ...; }; } | { ...; }' is not assignable to type 'DetailedHTMLProps<ThHTMLAttributes<HTMLTableHeaderCellElement>, HTMLTableHeaderCellElement>'.
#23 9.448   Type '{ children: Element[]; "data-header": string; draggable: string; onDragStart: (e: DragEvent<Element>) => void; onDragOver: (e: DragEvent<Element>) => void; ... 5 more ...; style: { ...; }; }' is not assignable to type 'DetailedHTMLProps<ThHTMLAttributes<HTMLTableHeaderCellElement>, HTMLTableHeaderCellElement>'.
#23 9.448     Type '{ children: Element[]; "data-header": string; draggable: string; onDragStart: (e: DragEvent<Element>) => void; onDragOver: (e: DragEvent<Element>) => void; ... 5 more ...; style: { ...; }; }' is not assignable to type 'ThHTMLAttributes<HTMLTableHeaderCellElement>'.
#23 9.448       Types of property 'draggable' are incompatible.
#23 9.448         Type 'string' is not assignable to type 'Booleanish'.
#23 9.448 src/components/data/DataTable/index.tsx(141,35): error TS2339: Property 'length' does not exist on type 'unknown'.
#23 9.448 src/components/data/DataTable/index.tsx(148,33): error TS2339: Property 'length' does not exist on type 'unknown'.
#23 9.448 src/components/data/DataTable/index.tsx(149,45): error TS2339: Property 'length' does not exist on type 'unknown'.
#23 9.448 src/components/data/DataTable/index.tsx(377,25): error TS2339: Property 'message' does not exist on type 'unknown'.
#23 9.448 src/components/data/EntityUpdate/EntityCard.tsx(103,11): error TS2322: Type '{ entity: Entity; entityType: EntityType; isEditing: boolean; onChange: (updatedEntity: Entity) => void; showAllFields: boolean; }' is not assignable to type 'IntrinsicAttributes & AdvancedEditFormProps'.
#23 9.448   Property 'showAllFields' does not exist on type 'IntrinsicAttributes & AdvancedEditFormProps'.
#23 9.448 src/components/data/EntityUpdate/EntityCard.tsx(126,32): error TS2739: Type '{}' is missing the following properties from type 'Pick<AntdIconProps, "headers" | "method" | "data" | "integrity" | "value" | "role" | "content" | "id" | "type" | "required" | "default" | "name" | "size" | "children" | ... 348 more ... | "twoToneColor">': onPointerEnterCapture, onPointerLeaveCapture
#23 9.448 src/components/data/EntityUpdate/EntityCard.tsx(126,51): error TS2739: Type '{}' is missing the following properties from type 'Pick<AntdIconProps, "headers" | "method" | "data" | "integrity" | "value" | "role" | "content" | "id" | "type" | "required" | "default" | "name" | "size" | "children" | ... 348 more ... | "twoToneColor">': onPointerEnterCapture, onPointerLeaveCapture
#23 9.449 src/components/data/EntityUpdate/EntityRelatedInfo.tsx(74,12): error TS2739: Type '{}' is missing the following properties from type 'Pick<AntdIconProps, "headers" | "method" | "data" | "integrity" | "value" | "role" | "content" | "id" | "type" | "required" | "default" | "name" | "size" | "children" | ... 348 more ... | "twoToneColor">': onPointerEnterCapture, onPointerLeaveCapture
#23 9.449 src/components/data/EntityUpdate/EntityRelatedInfo.tsx(102,28): error TS2739: Type '{}' is missing the following properties from type 'Pick<AntdIconProps, "headers" | "method" | "data" | "integrity" | "value" | "role" | "content" | "id" | "type" | "required" | "default" | "name" | "size" | "children" | ... 348 more ... | "twoToneColor">': onPointerEnterCapture, onPointerLeaveCapture
#23 9.449 src/components/data/EntityUpdate/EntityRelatedInfo.tsx(109,30): error TS2739: Type '{}' is missing the following properties from type 'Pick<AntdIconProps, "headers" | "method" | "data" | "integrity" | "value" | "role" | "content" | "id" | "type" | "required" | "default" | "name" | "size" | "children" | ... 348 more ... | "twoToneColor">': onPointerEnterCapture, onPointerLeaveCapture
#23 9.449 src/components/data/EntityUpdate/EntityRelatedInfo.tsx(133,12): error TS2739: Type '{}' is missing the following properties from type 'Pick<AntdIconProps, "headers" | "method" | "data" | "integrity" | "value" | "role" | "content" | "id" | "type" | "required" | "default" | "name" | "size" | "children" | ... 348 more ... | "twoToneColor">': onPointerEnterCapture, onPointerLeaveCapture
#23 9.449 src/components/data/EntityUpdate/EntityResolutionBadge.tsx(51,12): error TS2739: Type '{}' is missing the following properties from type 'Pick<AntdIconProps, "headers" | "method" | "data" | "integrity" | "value" | "role" | "content" | "id" | "type" | "required" | "default" | "name" | "size" | "children" | ... 348 more ... | "twoToneColor">': onPointerEnterCapture, onPointerLeaveCapture
#23 9.449 src/components/data/EntityUpdate/EntityResolutionBadge.tsx(76,10): error TS2739: Type '{}' is missing the following properties from type 'Pick<AntdIconProps, "headers" | "method" | "data" | "integrity" | "value" | "role" | "content" | "id" | "type" | "required" | "default" | "name" | "size" | "children" | ... 348 more ... | "twoToneColor">': onPointerEnterCapture, onPointerLeaveCapture
#23 9.449 src/components/data/EntityUpdate/EntityUpdateContainer.tsx(145,22): error TS2739: Type '{}' is missing the following properties from type 'Pick<AntdIconProps, "headers" | "method" | "data" | "integrity" | "value" | "role" | "content" | "id" | "type" | "required" | "default" | "name" | "size" | "children" | ... 348 more ... | "twoToneColor">': onPointerEnterCapture, onPointerLeaveCapture
#23 9.449 src/components/data/EntityUpdate/EntityUpdateContainer.tsx(201,20): error TS2739: Type '{}' is missing the following properties from type 'Pick<AntdIconProps, "headers" | "method" | "data" | "integrity" | "value" | "role" | "content" | "id" | "type" | "required" | "default" | "name" | "size" | "children" | ... 348 more ... | "twoToneColor">': onPointerEnterCapture, onPointerLeaveCapture
#23 9.449 src/components/data/EntityUpdate/QuickEditForm.tsx(54,15): error TS2339: Property 'description' does not exist on type 'Entity'.
#23 9.449   Property 'description' does not exist on type 'Stadium'.
#23 9.449 src/components/data/EntityUpdate/QuickEditForm.tsx(59,25): error TS2339: Property 'description' does not exist on type 'Entity'.
#23 9.449   Property 'description' does not exist on type 'Stadium'.
#23 9.449 src/components/data/EntityUpdate/QuickEditForm.tsx(65,15): error TS2339: Property 'type' does not exist on type 'Entity'.
#23 9.449   Property 'type' does not exist on type 'Stadium'.
#23 9.449 src/components/data/EntityUpdate/QuickEditForm.tsx(70,25): error TS2339: Property 'type' does not exist on type 'Entity'.
#23 9.449   Property 'type' does not exist on type 'Stadium'.
#23 9.449 src/components/data/EntityUpdate/QuickEditForm.tsx(81,45): error TS2322: Type 'Entity' is not assignable to type 'Team'.
#23 9.449   Type 'Stadium' is missing the following properties from type 'Team': league_id, division_conference_id, stadium_id
#23 9.449 src/components/data/EntityUpdate/QuickEditForm.tsx(84,74): error TS2322: Type 'Entity' is not assignable to type 'DivisionConference'.
#23 9.449   Type 'Stadium' is missing the following properties from type 'DivisionConference': league_id, type
#23 9.449 src/components/data/EntityUpdate/ResolutionSuggestion.tsx(52,34): error TS2739: Type '{}' is missing the following properties from type 'Pick<AntdIconProps, "headers" | "method" | "data" | "integrity" | "value" | "role" | "content" | "id" | "type" | "required" | "default" | "name" | "size" | "children" | ... 348 more ... | "twoToneColor">': onPointerEnterCapture, onPointerLeaveCapture
#23 9.449 src/components/data/EntityUpdate/ResolutionSuggestion.tsx(61,16): error TS2339: Property 'league_name' does not exist on type 'Entity'.
#23 9.449   Property 'league_name' does not exist on type 'Stadium'.
#23 9.449 src/components/data/EntityUpdate/ResolutionSuggestion.tsx(64,47): error TS2339: Property 'league_name' does not exist on type 'Entity'.
#23 9.449   Property 'league_name' does not exist on type 'Stadium'.
#23 9.449 src/components/data/EntityUpdate/ResolutionSuggestion.tsx(70,16): error TS2339: Property 'league_id' does not exist on type 'Entity'.
#23 9.449   Property 'league_id' does not exist on type 'Stadium'.
#23 9.449 src/components/data/EntityUpdate/ResolutionSuggestion.tsx(70,37): error TS2339: Property 'league_name' does not exist on type 'Entity'.
#23 9.449   Property 'league_name' does not exist on type 'Stadium'.
#23 9.449 src/components/data/EntityUpdate/ResolutionSuggestion.tsx(73,50): error TS2339: Property 'league_id' does not exist on type 'Entity'.
#23 9.449   Property 'league_id' does not exist on type 'Stadium'.
#23 9.449 src/components/data/EntityUpdate/ResolutionSuggestion.tsx(79,16): error TS2339: Property 'division_conference_name' does not exist on type 'Entity'.
#23 9.449   Property 'division_conference_name' does not exist on type 'Stadium'.
#23 9.449 src/components/data/EntityUpdate/ResolutionSuggestion.tsx(82,60): error TS2339: Property 'division_conference_name' does not exist on type 'Entity'.
#23 9.449   Property 'division_conference_name' does not exist on type 'Stadium'.
#23 9.449 src/components/data/EntityUpdate/ResolutionSuggestion.tsx(88,16): error TS2339: Property 'location' does not exist on type 'Entity'.
#23 9.449   Property 'location' does not exist on type 'Stadium'.
#23 9.449 src/components/data/EntityUpdate/ResolutionSuggestion.tsx(91,49): error TS2339: Property 'location' does not exist on type 'Entity'.
#23 9.449   Property 'location' does not exist on type 'Stadium'.
#23 9.449 src/components/data/EntityUpdate/ResolutionSuggestion.tsx(97,16): error TS2339: Property 'capacity' does not exist on type 'Entity'.
#23 9.449   Property 'capacity' does not exist on type 'League'.
#23 9.449 src/components/data/EntityUpdate/ResolutionSuggestion.tsx(100,49): error TS2339: Property 'capacity' does not exist on type 'Entity'.
#23 9.449   Property 'capacity' does not exist on type 'League'.
#23 9.449 src/components/data/EntityUpdate/ResolutionSuggestion.tsx(106,16): error TS2339: Property 'industry' does not exist on type 'Entity'.
#23 9.449   Property 'industry' does not exist on type 'Stadium'.
#23 9.449 src/components/data/EntityUpdate/ResolutionSuggestion.tsx(109,49): error TS2339: Property 'industry' does not exist on type 'Entity'.
#23 9.449   Property 'industry' does not exist on type 'Stadium'.
#23 9.449 src/components/data/EntityUpdate/ResolutionSuggestion.tsx(149,20): error TS2739: Type '{}' is missing the following properties from type 'Pick<AntdIconProps, "headers" | "method" | "data" | "integrity" | "value" | "role" | "content" | "id" | "type" | "required" | "default" | "name" | "size" | "children" | ... 348 more ... | "twoToneColor">': onPointerEnterCapture, onPointerLeaveCapture
#23 9.449 src/components/data/EntityUpdate/ResolutionSuggestion.tsx(157,22): error TS2739: Type '{}' is missing the following properties from type 'Pick<AntdIconProps, "headers" | "method" | "data" | "integrity" | "value" | "role" | "content" | "id" | "type" | "required" | "default" | "name" | "size" | "children" | ... 348 more ... | "twoToneColor">': onPointerEnterCapture, onPointerLeaveCapture
#23 9.449 src/components/data/EntityUpdate/SmartEntitySearch.tsx(105,20): error TS2345: Argument of type '{ entity: Record<string, any>; entityType: EntityType; matchScore: any; fuzzyMatched: any; contextMatched: any; virtualEntity: any; }[]' is not assignable to parameter of type 'SetStateAction<{ entity: Entity; entityType: string; matchScore?: number; fuzzyMatched?: boolean; contextMatched?: boolean; virtualEntity?: boolean; }[]>'.
#23 9.449   Type '{ entity: Record<string, any>; entityType: EntityType; matchScore: any; fuzzyMatched: any; contextMatched: any; virtualEntity: any; }[]' is not assignable to type '{ entity: Entity; entityType: string; matchScore?: number; fuzzyMatched?: boolean; contextMatched?: boolean; virtualEntity?: boolean; }[]'.
#23 9.449     Type '{ entity: Record<string, any>; entityType: EntityType; matchScore: any; fuzzyMatched: any; contextMatched: any; virtualEntity: any; }' is not assignable to type '{ entity: Entity; entityType: string; matchScore?: number; fuzzyMatched?: boolean; contextMatched?: boolean; virtualEntity?: boolean; }'.
#23 9.449       Types of property 'entity' are incompatible.
#23 9.449         Type 'Record<string, any>' is not assignable to type 'Entity'.
#23 9.449           Type 'Record<string, any>' is missing the following properties from type 'Game': league_id, home_team_id, away_team_id, stadium_id, and 6 more.
#23 9.450 src/components/data/EntityUpdate/SmartEntitySearch.tsx(153,43): error TS2739: Type '{}' is missing the following properties from type 'Pick<AntdIconProps, "headers" | "method" | "data" | "integrity" | "value" | "role" | "content" | "id" | "type" | "required" | "default" | "name" | "size" | "children" | ... 348 more ... | "twoToneColor">': onPointerEnterCapture, onPointerLeaveCapture
#23 9.450 src/components/data/EntityUpdate/SmartEntitySearch.tsx(190,18): error TS2739: Type '{}' is missing the following properties from type 'Pick<AntdIconProps, "headers" | "method" | "data" | "integrity" | "value" | "role" | "content" | "id" | "type" | "required" | "default" | "name" | "size" | "children" | ... 348 more ... | "twoToneColor">': onPointerEnterCapture, onPointerLeaveCapture
#23 9.450 src/components/data/EntityUpdate/SmartEntitySearch.tsx(193,14): error TS2739: Type '{ style: { color: "rgba(0,0,0,.45)"; }; }' is missing the following properties from type 'Pick<AntdIconProps, "headers" | "method" | "data" | "integrity" | "value" | "role" | "content" | "id" | "type" | "required" | "default" | "name" | "size" | "children" | ... 348 more ... | "twoToneColor">': onPointerEnterCapture, onPointerLeaveCapture
#23 9.450 src/components/data/EntityUpdate/SmartEntitySearch.tsx(197,9): error TS2322: Type '{ size: "middle"; prefix: Element; suffix: Element; style: { width: string; }; loading: boolean; }' is not assignable to type 'IntrinsicAttributes & InputProps & RefAttributes<InputRef>'.
#23 9.450   Property 'loading' does not exist on type 'IntrinsicAttributes & InputProps & RefAttributes<InputRef>'.
#23 9.450 src/components/data/EntityUpdate/__tests__/EntityCard.test.tsx(76,24): error TS2698: Spread types may only be created from object types.
#23 9.450 src/components/data/EntityUpdate/__tests__/EntityCard.test.tsx(85,15): error TS2339: Property 'includes' does not exist on type 'unknown'.
#23 9.450 src/components/data/EntityUpdate/__tests__/EntityCard.test.tsx(96,15): error TS2339: Property 'includes' does not exist on type 'unknown'.
#23 9.450 src/components/data/EntityUpdate/__tests__/EntityCard.test.tsx(107,15): error TS2339: Property 'includes' does not exist on type 'unknown'.
#23 9.450 src/components/data/EntityUpdate/__tests__/EntityCard.test.tsx(128,5): error TS2698: Spread types may only be created from object types.
#23 9.450 src/components/data/EntityUpdate/__tests__/EntityCard.test.tsx(211,13): error TS2322: Type '{ entity: { id: string; name: string; league_id: string; }; entityType: string; onUpdate: Mock<UnknownFunction>; onSelectRelated: Mock<UnknownFunction>; }' is not assignable to type 'EntityCardProps'.
#23 9.450   Types of property 'entity' are incompatible.
#23 9.450     Type '{ id: string; name: string; league_id: string; }' is not assignable to type 'Entity'.
#23 9.450       Type '{ id: string; name: string; league_id: string; }' is missing the following properties from type 'LeagueExecutive': position, start_date
#23 9.450 src/components/data/EntityUpdate/__tests__/EntityCard.test.tsx(248,42): error TS2322: Type '{ name: string; id: string; league_id: string; }' is not assignable to type 'Entity'.
#23 9.450   Type '{ name: string; id: string; league_id: string; }' is missing the following properties from type 'LeagueExecutive': position, start_date
#23 9.450 src/components/data/EntityUpdate/__tests__/EntityCard.test.tsx(261,13): error TS2322: Type '{ entity: { id: string; name: string; league_id: string; }; entityType: string; onUpdate: Mock<UnknownFunction>; onSelectRelated: Mock<UnknownFunction>; }' is not assignable to type 'EntityCardProps'.
#23 9.450   Types of property 'entity' are incompatible.
#23 9.450     Type '{ id: string; name: string; league_id: string; }' is not assignable to type 'Entity'.
#23 9.450       Type '{ id: string; name: string; league_id: string; }' is missing the following properties from type 'LeagueExecutive': position, start_date
#23 9.450 src/components/data/EntityUpdate/__tests__/EntityCard.test.tsx(279,13): error TS2322: Type '{ entity: { id: string; name: string; league_id: string; }; entityType: string; onUpdate: Mock<UnknownFunction>; onSelectRelated: Mock<UnknownFunction>; }' is not assignable to type 'EntityCardProps'.
#23 9.450   Types of property 'entity' are incompatible.
#23 9.450     Type '{ id: string; name: string; league_id: string; }' is not assignable to type 'Entity'.
#23 9.450       Type '{ id: string; name: string; league_id: string; }' is missing the following properties from type 'LeagueExecutive': position, start_date
#23 9.450 src/components/data/EntityUpdate/__tests__/EntityCard.test.tsx(296,49): error TS2345: Argument of type '{ data: { name: string; updated: boolean; id: string; league_id: string; }; }' is not assignable to parameter of type 'never'.
#23 9.450 src/components/data/EntityUpdate/__tests__/EntityCard.test.tsx(304,13): error TS2322: Type '{ entity: { id: string; name: string; league_id: string; }; entityType: string; onUpdate: Mock<UnknownFunction>; onSelectRelated: Mock<UnknownFunction>; }' is not assignable to type 'EntityCardProps'.
#23 9.450   Types of property 'entity' are incompatible.
#23 9.450     Type '{ id: string; name: string; league_id: string; }' is not assignable to type 'Entity'.
#23 9.450       Type '{ id: string; name: string; league_id: string; }' is missing the following properties from type 'LeagueExecutive': position, start_date
#23 9.450 src/components/data/EntityUpdate/__tests__/EntityCard.test.tsx(350,49): error TS2345: Argument of type 'Error' is not assignable to parameter of type 'never'.
#23 9.450 src/components/data/EntityUpdate/__tests__/EntityCard.test.tsx(360,13): error TS2322: Type '{ entity: { id: string; name: string; league_id: string; }; entityType: string; onUpdate: Mock<UnknownFunction>; onSelectRelated: Mock<UnknownFunction>; }' is not assignable to type 'EntityCardProps'.
#23 9.450   Types of property 'entity' are incompatible.
#23 9.450     Type '{ id: string; name: string; league_id: string; }' is not assignable to type 'Entity'.
#23 9.450       Type '{ id: string; name: string; league_id: string; }' is missing the following properties from type 'LeagueExecutive': position, start_date
#23 9.450 src/components/data/EntityUpdate/__tests__/EntityCard.test.tsx(388,13): error TS2322: Type '{ entity: { id: string; name: string; league_id: string; }; entityType: string; onUpdate: Mock<UnknownFunction>; onSelectRelated: Mock<UnknownFunction>; }' is not assignable to type 'EntityCardProps'.
#23 9.450   Types of property 'entity' are incompatible.
#23 9.450     Type '{ id: string; name: string; league_id: string; }' is not assignable to type 'Entity'.
#23 9.450       Type '{ id: string; name: string; league_id: string; }' is missing the following properties from type 'LeagueExecutive': position, start_date
#23 9.450 src/components/data/EntityUpdate/__tests__/EntityCard.test.tsx(412,9): error TS2322: Type '{ id: string; name: string; sport: string; }' is not assignable to type 'Entity'.
#23 9.450   Property 'country' is missing in type '{ id: string; name: string; sport: string; }' but required in type 'League'.
#23 9.450 src/components/data/EntityUpdate/__tests__/EntityCard.test.tsx(436,42): error TS2322: Type '{ name: string; id: string; league_id: string; }' is not assignable to type 'Entity'.
#23 9.450   Type '{ name: string; id: string; league_id: string; }' is missing the following properties from type 'LeagueExecutive': position, start_date
#23 9.450 src/components/data/EntityUpdate/__tests__/EntityCard.test.tsx(460,42): error TS2322: Type '{ name: string; id: string; league_id: string; }' is not assignable to type 'Entity'.
#23 9.450   Type '{ name: string; id: string; league_id: string; }' is missing the following properties from type 'LeagueExecutive': position, start_date
#23 9.450 src/components/data/EntityUpdate/__tests__/EntityUpdateContainer.test.tsx(8,35): error TS2307: Cannot find module '../../../../../frontend/src/components/data/EntityUpdate/EntityUpdateContainer' or its corresponding type declarations.
#23 9.450 src/components/data/EntityUpdate/__tests__/EntityUpdateContainer.test.tsx(74,5): error TS2698: Spread types may only be created from object types.
#23 9.450 src/components/data/EntityUpdate/__tests__/SmartEntitySearch.test.tsx(16,22): error TS2339: Property 'throwOnError' does not exist on type 'unknown'.
#23 9.451 src/components/data/EntityUpdate/__tests__/SmartEntitySearch.test.tsx(23,16): error TS2339: Property 'includes' does not exist on type 'unknown'.
#23 9.451 src/components/data/EntityUpdate/__tests__/SmartEntitySearch.test.tsx(26,31): error TS2339: Property 'charAt' does not exist on type 'unknown'.
#23 9.451 src/components/data/EntityUpdate/__tests__/SmartEntitySearch.test.tsx(26,62): error TS2339: Property 'slice' does not exist on type 'unknown'.
#23 9.451 src/components/data/EntityUpdate/__tests__/SmartEntitySearch.test.tsx(29,23): error TS2339: Property 'includes' does not exist on type 'unknown'.
#23 9.451 src/components/data/EntityUpdate/__tests__/SmartEntitySearch.test.tsx(32,31): error TS2339: Property 'charAt' does not exist on type 'unknown'.
#23 9.451 src/components/data/EntityUpdate/__tests__/SmartEntitySearch.test.tsx(32,62): error TS2339: Property 'slice' does not exist on type 'unknown'.
#23 9.451 src/components/data/EntityUpdate/__tests__/SmartEntitySearch.test.tsx(35,23): error TS2339: Property 'includes' does not exist on type 'unknown'.
#23 9.451 src/components/data/EntityUpdate/__tests__/SmartEntitySearch.test.tsx(38,33): error TS2339: Property 'charAt' does not exist on type 'unknown'.
#23 9.451 src/components/data/EntityUpdate/__tests__/SmartEntitySearch.test.tsx(38,64): error TS2339: Property 'slice' does not exist on type 'unknown'.
#23 9.451 src/components/data/EntityUpdate/__tests__/SmartEntitySearch.test.tsx(41,23): error TS2339: Property 'includes' does not exist on type 'unknown'.
#23 9.451 src/components/data/EntityUpdate/__tests__/SmartEntitySearch.test.tsx(44,33): error TS2339: Property 'charAt' does not exist on type 'unknown'.
#23 9.451 src/components/data/EntityUpdate/__tests__/SmartEntitySearch.test.tsx(44,64): error TS2339: Property 'slice' does not exist on type 'unknown'.
#23 9.451 src/components/data/EntityUpdate/__tests__/SmartEntitySearch.test.tsx(52,31): error TS2339: Property 'charAt' does not exist on type 'unknown'.
#23 9.451 src/components/data/EntityUpdate/__tests__/SmartEntitySearch.test.tsx(52,62): error TS2339: Property 'slice' does not exist on type 'unknown'.
#23 9.451 src/components/data/EntityUpdate/__tests__/SmartEntitySearch.test.tsx(64,15): error TS2339: Property 'includes' does not exist on type 'unknown'.
#23 9.451 src/components/data/EntityUpdate/__tests__/SmartEntitySearch.test.tsx(74,22): error TS2339: Property 'includes' does not exist on type 'unknown'.
#23 9.451 src/components/data/EntityUpdate/__tests__/SmartEntitySearch.test.tsx(84,22): error TS2339: Property 'includes' does not exist on type 'unknown'.
#23 9.451 src/components/data/EntityUpdate/__tests__/SmartEntitySearch.test.tsx(94,22): error TS2339: Property 'includes' does not exist on type 'unknown'.
#23 9.451 src/components/data/EntityUpdate/__tests__/SmartEntitySearch.test.tsx(124,5): error TS2698: Spread types may only be created from object types.
#23 9.451 src/components/data/EntityUpdate/__tests__/SmartEntitySearch.test.tsx(209,13): error TS2322: Type '{ onEntitySelect: Mock<UnknownFunction>; entityTypes: string[]; placeholder: string; minimumMatchScore: number; showMatchDetails: boolean; }' is not assignable to type 'SmartEntitySearchProps'.
#23 9.451   Types of property 'entityTypes' are incompatible.
#23 9.451     Type 'string[]' is not assignable to type 'EntityType[]'.
#23 9.451       Type 'string' is not assignable to type 'EntityType'.
#23 9.451 src/components/data/EntityUpdate/__tests__/SmartEntitySearch.test.tsx(219,13): error TS2322: Type '{ onEntitySelect: Mock<UnknownFunction>; entityTypes: string[]; placeholder: string; minimumMatchScore: number; showMatchDetails: boolean; }' is not assignable to type 'SmartEntitySearchProps'.
#23 9.451   Types of property 'entityTypes' are incompatible.
#23 9.451     Type 'string[]' is not assignable to type 'EntityType[]'.
#23 9.451       Type 'string' is not assignable to type 'EntityType'.
#23 9.451 src/components/data/EntityUpdate/__tests__/SmartEntitySearch.test.tsx(232,13): error TS2322: Type '{ onEntitySelect: Mock<UnknownFunction>; entityTypes: string[]; placeholder: string; minimumMatchScore: number; showMatchDetails: boolean; }' is not assignable to type 'SmartEntitySearchProps'.
#23 9.451   Types of property 'entityTypes' are incompatible.
#23 9.451     Type 'string[]' is not assignable to type 'EntityType[]'.
#23 9.451       Type 'string' is not assignable to type 'EntityType'.
#23 9.451 src/components/data/EntityUpdate/__tests__/SmartEntitySearch.test.tsx(284,13): error TS2322: Type '{ onEntitySelect: Mock<UnknownFunction>; entityTypes: string[]; placeholder: string; minimumMatchScore: number; showMatchDetails: boolean; }' is not assignable to type 'SmartEntitySearchProps'.
#23 9.451   Types of property 'entityTypes' are incompatible.
#23 9.451     Type 'string[]' is not assignable to type 'EntityType[]'.
#23 9.451       Type 'string' is not assignable to type 'EntityType'.
#23 9.451 src/components/data/EntityUpdate/__tests__/SmartEntitySearch.test.tsx(328,13): error TS2322: Type '{ onEntitySelect: Mock<UnknownFunction>; entityTypes: string[]; placeholder: string; minimumMatchScore: number; showMatchDetails: boolean; }' is not assignable to type 'SmartEntitySearchProps'.
#23 9.451   Types of property 'entityTypes' are incompatible.
#23 9.451     Type 'string[]' is not assignable to type 'EntityType[]'.
#23 9.451       Type 'string' is not assignable to type 'EntityType'.
#23 9.451 src/components/data/EntityUpdate/__tests__/SmartEntitySearch.test.tsx(355,13): error TS2322: Type '{ onEntitySelect: Mock<UnknownFunction>; entityTypes: string[]; placeholder: string; minimumMatchScore: number; showMatchDetails: boolean; }' is not assignable to type 'SmartEntitySearchProps'.
#23 9.451   Types of property 'entityTypes' are incompatible.
#23 9.451     Type 'string[]' is not assignable to type 'EntityType[]'.
#23 9.451       Type 'string' is not assignable to type 'EntityType'.
#23 9.451 src/components/data/EntityUpdate/__tests__/SmartEntitySearch.test.tsx(375,8): error TS2322: Type '{ minimumMatchScore: number; onEntitySelect: Mock<UnknownFunction>; entityTypes: string[]; placeholder: string; showMatchDetails: boolean; }' is not assignable to type 'SmartEntitySearchProps'.
#23 9.451   Types of property 'entityTypes' are incompatible.
#23 9.451     Type 'string[]' is not assignable to type 'EntityType[]'.
#23 9.451       Type 'string' is not assignable to type 'EntityType'.
#23 9.451 src/components/data/EntityUpdate/__tests__/SmartEntitySearch.test.tsx(404,8): error TS2322: Type '{ context: { league_id: string; team_id: string; }; onEntitySelect: Mock<UnknownFunction>; entityTypes: string[]; placeholder: string; minimumMatchScore: number; showMatchDetails: boolean; }' is not assignable to type 'SmartEntitySearchProps'.
#23 9.451   Types of property 'entityTypes' are incompatible.
#23 9.451     Type 'string[]' is not assignable to type 'EntityType[]'.
#23 9.451       Type 'string' is not assignable to type 'EntityType'.
#23 9.451 src/components/data/EntityUpdate/__tests__/SmartEntitySearch.test.tsx(436,8): error TS2322: Type '{ showMatchDetails: false; onEntitySelect: Mock<UnknownFunction>; entityTypes: string[]; placeholder: string; minimumMatchScore: number; }' is not assignable to type 'SmartEntitySearchProps'.
#23 9.451   Types of property 'entityTypes' are incompatible.
#23 9.451     Type 'string[]' is not assignable to type 'EntityType[]'.
#23 9.451       Type 'string' is not assignable to type 'EntityType'.
#23 9.451 src/components/data/EntityUpdate/fields/BroadcastFields.tsx(74,27): error TS2739: Type '{}' is missing the following properties from type 'Pick<AntdIconProps, "headers" | "method" | "data" | "integrity" | "value" | "role" | "content" | "id" | "type" | "required" | "default" | "name" | "size" | "children" | ... 348 more ... | "twoToneColor">': onPointerEnterCapture, onPointerLeaveCapture
#23 9.451 src/components/data/EntityUpdate/fields/BroadcastFields.tsx(74,46): error TS2739: Type '{}' is missing the following properties from type 'Pick<AntdIconProps, "headers" | "method" | "data" | "integrity" | "value" | "role" | "content" | "id" | "type" | "required" | "default" | "name" | "size" | "children" | ... 348 more ... | "twoToneColor">': onPointerEnterCapture, onPointerLeaveCapture
#23 9.451 src/components/data/EntityUpdate/fields/BroadcastFields.tsx(99,27): error TS2739: Type '{}' is missing the following properties from type 'Pick<AntdIconProps, "headers" | "method" | "data" | "integrity" | "value" | "role" | "content" | "id" | "type" | "required" | "default" | "name" | "size" | "children" | ... 348 more ... | "twoToneColor">': onPointerEnterCapture, onPointerLeaveCapture
#23 9.451 src/components/data/EntityUpdate/fields/BroadcastFields.tsx(99,46): error TS2739: Type '{}' is missing the following properties from type 'Pick<AntdIconProps, "headers" | "method" | "data" | "integrity" | "value" | "role" | "content" | "id" | "type" | "required" | "default" | "name" | "size" | "children" | ... 348 more ... | "twoToneColor">': onPointerEnterCapture, onPointerLeaveCapture
#23 9.452 src/components/data/EntityUpdate/fields/BroadcastFields.tsx(124,29): error TS2739: Type '{}' is missing the following properties from type 'Pick<AntdIconProps, "headers" | "method" | "data" | "integrity" | "value" | "role" | "content" | "id" | "type" | "required" | "default" | "name" | "size" | "children" | ... 348 more ... | "twoToneColor">': onPointerEnterCapture, onPointerLeaveCapture
#23 9.452 src/components/data/EntityUpdate/fields/BroadcastFields.tsx(124,48): error TS2739: Type '{}' is missing the following properties from type 'Pick<AntdIconProps, "headers" | "method" | "data" | "integrity" | "value" | "role" | "content" | "id" | "type" | "required" | "default" | "name" | "size" | "children" | ... 348 more ... | "twoToneColor">': onPointerEnterCapture, onPointerLeaveCapture
#23 9.452 src/components/data/EntityUpdate/fields/BroadcastFields.tsx(151,31): error TS2739: Type '{}' is missing the following properties from type 'Pick<AntdIconProps, "headers" | "method" | "data" | "integrity" | "value" | "role" | "content" | "id" | "type" | "required" | "default" | "name" | "size" | "children" | ... 348 more ... | "twoToneColor">': onPointerEnterCapture, onPointerLeaveCapture
#23 9.452 src/components/data/EntityUpdate/fields/BroadcastFields.tsx(151,50): error TS2739: Type '{}' is missing the following properties from type 'Pick<AntdIconProps, "headers" | "method" | "data" | "integrity" | "value" | "role" | "content" | "id" | "type" | "required" | "default" | "name" | "size" | "children" | ... 348 more ... | "twoToneColor">': onPointerEnterCapture, onPointerLeaveCapture
#23 9.452 src/components/data/EntityUpdate/fields/BroadcastFields.tsx(158,15): error TS2322: Type '{ entityTypes: "division_conference"[]; entities: any; placeholder: string; onEntitySelect: (selectedEntity: Entity) => void; }' is not assignable to type 'IntrinsicAttributes & SmartEntitySearchProps'.
#23 9.452   Property 'entities' does not exist on type 'IntrinsicAttributes & SmartEntitySearchProps'.
#23 9.452 src/components/data/EntityUpdate/fields/BroadcastFields.tsx(198,29): error TS2739: Type '{}' is missing the following properties from type 'Pick<AntdIconProps, "headers" | "method" | "data" | "integrity" | "value" | "role" | "content" | "id" | "type" | "required" | "default" | "name" | "size" | "children" | ... 348 more ... | "twoToneColor">': onPointerEnterCapture, onPointerLeaveCapture
#23 9.452 src/components/data/EntityUpdate/fields/BroadcastFields.tsx(198,48): error TS2739: Type '{}' is missing the following properties from type 'Pick<AntdIconProps, "headers" | "method" | "data" | "integrity" | "value" | "role" | "content" | "id" | "type" | "required" | "default" | "name" | "size" | "children" | ... 348 more ... | "twoToneColor">': onPointerEnterCapture, onPointerLeaveCapture
#23 9.452 src/components/data/EntityUpdate/fields/DivisionConferenceFields.tsx(31,23): error TS2339: Property 'league_sport' does not exist on type 'DivisionConference'.
#23 9.452 src/components/data/EntityUpdate/fields/DivisionConferenceFields.tsx(33,37): error TS2339: Property 'league_sport' does not exist on type 'DivisionConference'.
#23 9.452 src/components/data/EntityUpdate/fields/DivisionConferenceFields.tsx(35,32): error TS2339: Property 'league_sport' does not exist on type 'DivisionConference'.
#23 9.452 src/components/data/EntityUpdate/fields/DivisionConferenceFields.tsx(88,14): error TS2739: Type '{}' is missing the following properties from type 'Pick<AntdIconProps, "headers" | "method" | "data" | "integrity" | "value" | "role" | "content" | "id" | "type" | "required" | "default" | "name" | "size" | "children" | ... 348 more ... | "twoToneColor">': onPointerEnterCapture, onPointerLeaveCapture
#23 9.452 src/components/data/EntityUpdate/fields/DivisionConferenceFields.tsx(105,27): error TS2739: Type '{}' is missing the following properties from type 'Pick<AntdIconProps, "headers" | "method" | "data" | "integrity" | "value" | "role" | "content" | "id" | "type" | "required" | "default" | "name" | "size" | "children" | ... 348 more ... | "twoToneColor">': onPointerEnterCapture, onPointerLeaveCapture
#23 9.452 src/components/data/EntityUpdate/fields/DivisionConferenceFields.tsx(105,46): error TS2739: Type '{}' is missing the following properties from type 'Pick<AntdIconProps, "headers" | "method" | "data" | "integrity" | "value" | "role" | "content" | "id" | "type" | "required" | "default" | "name" | "size" | "children" | ... 348 more ... | "twoToneColor">': onPointerEnterCapture, onPointerLeaveCapture
#23 9.452 src/components/data/EntityUpdate/fields/EntitySelectField.tsx(80,31): error TS2345: Argument of type 'Record<string, any>' is not assignable to parameter of type 'SetStateAction<Entity>'.
#23 9.452   Type 'Record<string, any>' is missing the following properties from type 'Game': league_id, home_team_id, away_team_id, stadium_id, and 6 more.
#23 9.452 src/components/data/EntityUpdate/fields/EntitySelectField.tsx(125,27): error TS2322: Type 'Record<string, any>' is not assignable to type 'Entity'.
#23 9.452   Type 'Record<string, any>' is missing the following properties from type 'Game': league_id, home_team_id, away_team_id, stadium_id, and 6 more.
#23 9.452 src/components/data/EntityUpdate/fields/EntitySelectField.tsx(169,45): error TS2339: Property 'resolution_info' does not exist on type 'Entity'.
#23 9.452   Property 'resolution_info' does not exist on type 'Stadium'.
#23 9.452 src/components/data/EntityUpdate/fields/EntitySelectField.tsx(196,25): error TS2739: Type '{}' is missing the following properties from type 'Pick<AntdIconProps, "headers" | "method" | "data" | "integrity" | "value" | "role" | "content" | "id" | "type" | "required" | "default" | "name" | "size" | "children" | ... 348 more ... | "twoToneColor">': onPointerEnterCapture, onPointerLeaveCapture
#23 9.452 src/components/data/EntityUpdate/fields/EntitySelectField.tsx(196,44): error TS2739: Type '{}' is missing the following properties from type 'Pick<AntdIconProps, "headers" | "method" | "data" | "integrity" | "value" | "role" | "content" | "id" | "type" | "required" | "default" | "name" | "size" | "children" | ... 348 more ... | "twoToneColor">': onPointerEnterCapture, onPointerLeaveCapture
#23 9.452 src/components/data/EntityUpdate/fields/EntitySelectField.tsx(199,16): error TS2739: Type '{ style: { color: "rgba(0,0,0,.45)"; }; }' is missing the following properties from type 'Pick<AntdIconProps, "headers" | "method" | "data" | "integrity" | "value" | "role" | "content" | "id" | "type" | "required" | "default" | "name" | "size" | "children" | ... 348 more ... | "twoToneColor">': onPointerEnterCapture, onPointerLeaveCapture
#23 9.452 src/components/data/EntityUpdate/fields/EntitySelectField.tsx(235,47): error TS2339: Property 'resolution_info' does not exist on type 'Entity'.
#23 9.452   Property 'resolution_info' does not exist on type 'Stadium'.
#23 9.452 src/components/data/EntityUpdate/fields/EntitySelectField.tsx(237,40): error TS2339: Property 'resolution_info' does not exist on type 'Entity'.
#23 9.452   Property 'resolution_info' does not exist on type 'Stadium'.
#23 9.452 src/components/data/EntityUpdate/fields/EntitySelectField.tsx(238,42): error TS2339: Property 'resolution_info' does not exist on type 'Entity'.
#23 9.452   Property 'resolution_info' does not exist on type 'Stadium'.
#23 9.452 src/components/data/EntityUpdate/fields/EntitySelectField.tsx(239,44): error TS2339: Property 'resolution_info' does not exist on type 'Entity'.
#23 9.452   Property 'resolution_info' does not exist on type 'Stadium'.
#23 9.452 src/components/data/EntityUpdate/fields/EntitySelectField.tsx(240,43): error TS2339: Property 'resolution_info' does not exist on type 'Entity'.
#23 9.452   Property 'resolution_info' does not exist on type 'Stadium'.
#23 9.452 src/components/data/EntityUpdate/fields/EntitySelectField.tsx(255,49): error TS2339: Property 'resolution_info' does not exist on type 'Entity'.
#23 9.452   Property 'resolution_info' does not exist on type 'Stadium'.
#23 9.452 src/components/data/EntityUpdate/fields/EntitySelectField.tsx(257,42): error TS2339: Property 'resolution_info' does not exist on type 'Entity'.
#23 9.452   Property 'resolution_info' does not exist on type 'Stadium'.
#23 9.452 src/components/data/EntityUpdate/fields/EntitySelectField.tsx(258,44): error TS2339: Property 'resolution_info' does not exist on type 'Entity'.
#23 9.452   Property 'resolution_info' does not exist on type 'Stadium'.
#23 9.452 src/components/data/EntityUpdate/fields/EntitySelectField.tsx(259,46): error TS2339: Property 'resolution_info' does not exist on type 'Entity'.
#23 9.452   Property 'resolution_info' does not exist on type 'Stadium'.
#23 9.452 src/components/data/EntityUpdate/fields/EntitySelectField.tsx(260,45): error TS2339: Property 'resolution_info' does not exist on type 'Entity'.
#23 9.452   Property 'resolution_info' does not exist on type 'Stadium'.
#23 9.452 src/components/data/EntityUpdate/fields/FormField.tsx(84,25): error TS2739: Type '{}' is missing the following properties from type 'Pick<AntdIconProps, "headers" | "method" | "data" | "integrity" | "value" | "role" | "content" | "id" | "type" | "required" | "default" | "name" | "size" | "children" | ... 348 more ... | "twoToneColor">': onPointerEnterCapture, onPointerLeaveCapture
#23 9.452 src/components/data/EntityUpdate/fields/FormField.tsx(84,44): error TS2739: Type '{}' is missing the following properties from type 'Pick<AntdIconProps, "headers" | "method" | "data" | "integrity" | "value" | "role" | "content" | "id" | "type" | "required" | "default" | "name" | "size" | "children" | ... 348 more ... | "twoToneColor">': onPointerEnterCapture, onPointerLeaveCapture
#23 9.452 src/components/data/EntityUpdate/fields/FormField.tsx(87,16): error TS2739: Type '{ style: { color: "rgba(0,0,0,.45)"; }; }' is missing the following properties from type 'Pick<AntdIconProps, "headers" | "method" | "data" | "integrity" | "value" | "role" | "content" | "id" | "type" | "required" | "default" | "name" | "size" | "children" | ... 348 more ... | "twoToneColor">': onPointerEnterCapture, onPointerLeaveCapture
#23 9.452 src/components/data/EntityUpdate/fields/LeagueFields.tsx(30,23): error TS2339: Property 'nickname' does not exist on type 'Entity'.
#23 9.452   Property 'nickname' does not exist on type 'Stadium'.
#23 9.452 src/components/data/EntityUpdate/fields/LeagueFields.tsx(38,23): error TS2339: Property 'sport' does not exist on type 'Entity'.
#23 9.452   Property 'sport' does not exist on type 'Stadium'.
#23 9.452 src/components/data/EntityUpdate/fields/LeagueFields.tsx(47,23): error TS2339: Property 'country' does not exist on type 'Entity'.
#23 9.452   Property 'country' does not exist on type 'DivisionConference'.
#23 9.452 src/components/data/EntityUpdate/fields/LeagueFields.tsx(56,23): error TS2339: Property 'broadcast_start_date' does not exist on type 'Entity'.
#23 9.452   Property 'broadcast_start_date' does not exist on type 'Stadium'.
#23 9.452 src/components/data/EntityUpdate/fields/LeagueFields.tsx(66,23): error TS2339: Property 'broadcast_end_date' does not exist on type 'Entity'.
#23 9.452   Property 'broadcast_end_date' does not exist on type 'Stadium'.
#23 9.452 src/components/data/EntityUpdate/fields/ProductionFields.tsx(69,27): error TS2739: Type '{}' is missing the following properties from type 'Pick<AntdIconProps, "headers" | "method" | "data" | "integrity" | "value" | "role" | "content" | "id" | "type" | "required" | "default" | "name" | "size" | "children" | ... 348 more ... | "twoToneColor">': onPointerEnterCapture, onPointerLeaveCapture
#23 9.452 src/components/data/EntityUpdate/fields/ProductionFields.tsx(69,46): error TS2739: Type '{}' is missing the following properties from type 'Pick<AntdIconProps, "headers" | "method" | "data" | "integrity" | "value" | "role" | "content" | "id" | "type" | "required" | "default" | "name" | "size" | "children" | ... 348 more ... | "twoToneColor">': onPointerEnterCapture, onPointerLeaveCapture
#23 9.452 src/components/data/EntityUpdate/fields/ProductionFields.tsx(93,27): error TS2739: Type '{}' is missing the following properties from type 'Pick<AntdIconProps, "headers" | "method" | "data" | "integrity" | "value" | "role" | "content" | "id" | "type" | "required" | "default" | "name" | "size" | "children" | ... 348 more ... | "twoToneColor">': onPointerEnterCapture, onPointerLeaveCapture
#23 9.453 src/components/data/EntityUpdate/fields/ProductionFields.tsx(93,46): error TS2739: Type '{}' is missing the following properties from type 'Pick<AntdIconProps, "headers" | "method" | "data" | "integrity" | "value" | "role" | "content" | "id" | "type" | "required" | "default" | "name" | "size" | "children" | ... 348 more ... | "twoToneColor">': onPointerEnterCapture, onPointerLeaveCapture
#23 9.453 src/components/data/EntityUpdate/fields/ProductionFields.tsx(133,27): error TS2739: Type '{}' is missing the following properties from type 'Pick<AntdIconProps, "headers" | "method" | "data" | "integrity" | "value" | "role" | "content" | "id" | "type" | "required" | "default" | "name" | "size" | "children" | ... 348 more ... | "twoToneColor">': onPointerEnterCapture, onPointerLeaveCapture
#23 9.453 src/components/data/EntityUpdate/fields/ProductionFields.tsx(133,46): error TS2739: Type '{}' is missing the following properties from type 'Pick<AntdIconProps, "headers" | "method" | "data" | "integrity" | "value" | "role" | "content" | "id" | "type" | "required" | "default" | "name" | "size" | "children" | ... 348 more ... | "twoToneColor">': onPointerEnterCapture, onPointerLeaveCapture
#23 9.453 src/components/data/EntityUpdate/fields/ProductionFields.tsx(157,27): error TS2739: Type '{}' is missing the following properties from type 'Pick<AntdIconProps, "headers" | "method" | "data" | "integrity" | "value" | "role" | "content" | "id" | "type" | "required" | "default" | "name" | "size" | "children" | ... 348 more ... | "twoToneColor">': onPointerEnterCapture, onPointerLeaveCapture
#23 9.453 src/components/data/EntityUpdate/fields/ProductionFields.tsx(157,46): error TS2739: Type '{}' is missing the following properties from type 'Pick<AntdIconProps, "headers" | "method" | "data" | "integrity" | "value" | "role" | "content" | "id" | "type" | "required" | "default" | "name" | "size" | "children" | ... 348 more ... | "twoToneColor">': onPointerEnterCapture, onPointerLeaveCapture
#23 9.453 src/components/data/EntityUpdate/fields/StadiumFields.tsx(30,23): error TS2339: Property 'city' does not exist on type 'Entity'.
#23 9.453   Property 'city' does not exist on type 'League'.
#23 9.453 src/components/data/EntityUpdate/fields/StadiumFields.tsx(39,23): error TS2339: Property 'state' does not exist on type 'Entity'.
#23 9.453   Property 'state' does not exist on type 'League'.
#23 9.453 src/components/data/EntityUpdate/fields/StadiumFields.tsx(47,23): error TS2339: Property 'country' does not exist on type 'Entity'.
#23 9.453   Property 'country' does not exist on type 'DivisionConference'.
#23 9.453 src/components/data/EntityUpdate/fields/StadiumFields.tsx(56,23): error TS2339: Property 'capacity' does not exist on type 'Entity'.
#23 9.453   Property 'capacity' does not exist on type 'League'.
#23 9.453 src/components/data/EntityUpdate/fields/StadiumFields.tsx(64,23): error TS2339: Property 'owner' does not exist on type 'Entity'.
#23 9.453   Property 'owner' does not exist on type 'League'.
#23 9.453 src/components/data/EntityUpdate/fields/StadiumFields.tsx(72,23): error TS2339: Property 'naming_rights_holder' does not exist on type 'Entity'.
#23 9.453   Property 'naming_rights_holder' does not exist on type 'League'.
#23 9.453 src/components/data/EntityUpdate/fields/StadiumFields.tsx(80,23): error TS2339: Property 'host_broadcaster' does not exist on type 'Entity'.
#23 9.453   Property 'host_broadcaster' does not exist on type 'League'.
#23 9.453 src/components/data/EntityUpdate/fields/TeamFields.tsx(168,16): error TS2739: Type '{ style: { color: "#1890ff"; }; }' is missing the following properties from type 'Pick<AntdIconProps, "headers" | "method" | "data" | "integrity" | "value" | "role" | "content" | "id" | "type" | "required" | "default" | "name" | "size" | "children" | ... 348 more ... | "twoToneColor">': onPointerEnterCapture, onPointerLeaveCapture
#23 9.453 src/components/data/ExportDialog.tsx(30,30): error TS2345: Argument of type 'unknown' is not assignable to parameter of type 'SetStateAction<string>'.
#23 9.453 src/components/data/ExportDialog.tsx(341,45): error TS2339: Property 'isPending' does not exist on type 'UseMutationResult<any, any, void, unknown>'.
#23 9.453   Property 'isPending' does not exist on type 'Override<MutationObserverIdleResult<any, any, void, unknown>, { mutate: UseMutateFunction<any, any, void, unknown>; }> & { ...; }'.
#23 9.453 src/components/data/ExportDialog.tsx(341,76): error TS2339: Property 'isPending' does not exist on type 'UseMutationResult<{ csvData: string; }, any, void, unknown>'.
#23 9.453   Property 'isPending' does not exist on type 'Override<MutationObserverIdleResult<{ csvData: string; }, any, void, unknown>, { mutate: UseMutateFunction<{ csvData: string; }, any, void, unknown>; }> & { ...; }'.
#23 9.453 src/components/data/ExportDialog.tsx(344,32): error TS2339: Property 'isPending' does not exist on type 'UseMutationResult<{ csvData: string; }, any, void, unknown>'.
#23 9.453   Property 'isPending' does not exist on type 'Override<MutationObserverIdleResult<{ csvData: string; }, any, void, unknown>, { mutate: UseMutateFunction<{ csvData: string; }, any, void, unknown>; }> & { ...; }'.
#23 9.453 src/components/data/ExportDialog.tsx(359,45): error TS2339: Property 'isPending' does not exist on type 'UseMutationResult<any, any, void, unknown>'.
#23 9.453   Property 'isPending' does not exist on type 'Override<MutationObserverIdleResult<any, any, void, unknown>, { mutate: UseMutateFunction<any, any, void, unknown>; }> & { ...; }'.
#23 9.453 src/components/data/ExportDialog.tsx(359,76): error TS2339: Property 'isPending' does not exist on type 'UseMutationResult<{ csvData: string; }, any, void, unknown>'.
#23 9.453   Property 'isPending' does not exist on type 'Override<MutationObserverIdleResult<{ csvData: string; }, any, void, unknown>, { mutate: UseMutateFunction<{ csvData: string; }, any, void, unknown>; }> & { ...; }'.
#23 9.453 src/components/data/ExportDialog.tsx(362,35): error TS2339: Property 'isPending' does not exist on type 'UseMutationResult<any, any, void, unknown>'.
#23 9.453   Property 'isPending' does not exist on type 'Override<MutationObserverIdleResult<any, any, void, unknown>, { mutate: UseMutateFunction<any, any, void, unknown>; }> & { ...; }'.
#23 9.454 src/components/data/SportDataMapper/SportDataMapperContainer.tsx(272,9): error TS1345: An expression of type 'void' cannot be tested for truthiness.
#23 9.454 src/components/data/SportDataMapper/SportDataMapperContainer.tsx(272,9): error TS1345: An expression of type 'void' cannot be tested for truthiness.
#23 9.454 src/components/data/SportDataMapper/__tests__/SportDataMapper.test.tsx(61,26): error TS2352: Conversion of type 'MemoExoticComponent<ComponentType<SportDataMapperProps>>' to type 'Mock<UnknownFunction>' may be a mistake because neither type sufficiently overlaps with the other. If this was intentional, convert the expression to 'unknown' first.
#23 9.454   Type 'NamedExoticComponent<SportDataMapperProps | (SportDataMapperProps & RefAttributes<Component<SportDataMapperProps, any, any>>)> & { ...; }' is missing the following properties from type 'Mock<UnknownFunction>': _isMockFunction, _protoImpl, getMockImplementation, getMockName, and 15 more.
#23 9.454 src/components/data/SportDataMapper/__tests__/useDataManagement.test.ts(204,35): error TS2686: 'React' refers to a UMD global, but the current file is a module. Consider adding an import instead.
#23 9.454 src/components/data/SportDataMapper/__tests__/useRecordNavigation.test.ts(17,27): error TS2551: Property 'includedRecordsCount' does not exist on type '{ currentRecordIndex: number; setCurrentRecordIndex: Dispatch<SetStateAction<number>>; totalRecords: number; goToNextRecord: () => boolean; goToPreviousRecord: () => boolean; ... 4 more ...; stats: { ...; }; }'. Did you mean 'getIncludedRecords'?
#23 9.454 src/components/data/SportDataMapper/__tests__/useRecordNavigation.test.ts(110,27): error TS2339: Property 'getCurrentRecord' does not exist on type '{ currentRecordIndex: number; setCurrentRecordIndex: Dispatch<SetStateAction<number>>; totalRecords: number; goToNextRecord: () => boolean; goToPreviousRecord: () => boolean; ... 4 more ...; stats: { ...; }; }'.
#23 9.454 src/components/data/SportDataMapper/__tests__/useRecordNavigation.test.ts(116,27): error TS2339: Property 'getCurrentRecord' does not exist on type '{ currentRecordIndex: number; setCurrentRecordIndex: Dispatch<SetStateAction<number>>; totalRecords: number; goToNextRecord: () => boolean; goToPreviousRecord: () => boolean; ... 4 more ...; stats: { ...; }; }'.
#23 9.454 src/components/data/SportDataMapper/components/FieldItem.tsx(193,28): error TS2559: Type 'FieldItemProps' has no properties in common with type '{ entity?: any; item?: any; data?: any; }'.
#23 9.454 src/components/data/SportDataMapper/components/FieldView.tsx(100,96): error TS2345: Argument of type 'string' is not assignable to parameter of type 'EntityType'.
#23 9.454 src/components/data/SportDataMapper/components/FieldView.tsx(155,88): error TS2345: Argument of type 'string' is not assignable to parameter of type 'EntityType'.
#23 9.454 src/components/data/SportDataMapper/utils/batchProcessor.ts(91,80): error TS2339: Property 'isDuplicate' does not exist on type '{ success: boolean; newBroadcastCompany?: { name: string; id: string; }; error?: string; } | { success: boolean; error: any; }'.
#23 9.454   Property 'isDuplicate' does not exist on type '{ success: boolean; newBroadcastCompany?: { name: string; id: string; }; error?: string; }'.
#23 9.454 src/components/data/SportDataMapper/utils/batchProcessor.ts(93,79): error TS2339: Property 'isDuplicate' does not exist on type '{ success: boolean; newBroadcastCompany?: { name: string; id: string; }; error?: string; } | { success: boolean; error: any; }'.
#23 9.454   Property 'isDuplicate' does not exist on type '{ success: boolean; newBroadcastCompany?: { name: string; id: string; }; error?: string; }'.
#23 9.454 src/components/data/SportDataMapper/utils/batchProcessor.ts(97,36): error TS2339: Property 'newBroadcastCompany' does not exist on type '{ success: boolean; newBroadcastCompany?: { name: string; id: string; }; error?: string; } | { success: boolean; error: any; }'.
#23 9.454   Property 'newBroadcastCompany' does not exist on type '{ success: boolean; error: any; }'.
#23 9.454 src/components/data/SportDataMapper/utils/batchProcessor.ts(98,51): error TS2339: Property 'newBroadcastCompany' does not exist on type '{ success: boolean; newBroadcastCompany?: { name: string; id: string; }; error?: string; } | { success: boolean; error: any; }'.
#23 9.454   Property 'newBroadcastCompany' does not exist on type '{ success: boolean; error: any; }'.
#23 9.454 src/components/data/SportDataMapper/utils/batchProcessor.ts(140,9): error TS2554: Expected 3 arguments, but got 4.
#23 9.454 src/components/data/SportDataMapper/utils/batchProcessor.ts(144,11): error TS2367: This comparison appears to be unintentional because the types 'EntityType' and '"production_service"' have no overlap.
#23 9.454 src/components/data/SportDataMapper/utils/importUtils.ts(199,25): error TS2339: Property 'name' does not exist on type '{}'.
#23 9.454 src/components/data/SportDataMapper/utils/importUtils.ts(200,22): error TS2339: Property 'name' does not exist on type '{}'.
#23 9.454 src/components/data/SportDataMapper/utils/importUtils.ts(201,68): error TS2339: Property 'name' does not exist on type '{}'.
#23 9.454 src/components/data/SportDataMapper/utils/importUtils.ts(205,25): error TS2339: Property 'sport' does not exist on type '{}'.
#23 9.454 src/components/data/SportDataMapper/utils/importUtils.ts(213,26): error TS2339: Property 'sport' does not exist on type '{}'.
#23 9.454 src/components/data/SportDataMapper/utils/importUtils.ts(219,27): error TS2339: Property 'sport' does not exist on type '{}'.
#23 9.454 src/components/data/SportDataMapper/utils/importUtils.ts(244,24): error TS2339: Property 'sport' does not exist on type '{}'.
#23 9.454 src/components/data/SportDataMapper/utils/importUtils.ts(250,25): error TS2339: Property 'country' does not exist on type '{}'.
#23 9.454 src/components/data/SportDataMapper/utils/importUtils.ts(256,24): error TS2339: Property 'country' does not exist on type '{}'.
#23 9.454 src/components/data/SportDataMapper/utils/importUtils.ts(257,59): error TS2339: Property 'country' does not exist on type '{}'.
#23 9.454 src/components/data/SportDataMapper/utils/importUtils.ts(261,24): error TS2339: Property 'country' does not exist on type '{}'.
#23 9.454 src/components/data/SportDataMapper/utils/importUtils.ts(274,25): error TS2339: Property 'name' does not exist on type '{}'.
#23 9.454 src/components/data/SportDataMapper/utils/importUtils.ts(275,22): error TS2339: Property 'name' does not exist on type '{}'.
#23 9.454 src/components/data/SportDataMapper/utils/importUtils.ts(276,81): error TS2339: Property 'name' does not exist on type '{}'.
#23 9.454 src/components/data/SportDataMapper/utils/importUtils.ts(280,25): error TS2339: Property 'type' does not exist on type '{}'.
#23 9.454 src/components/data/SportDataMapper/utils/importUtils.ts(285,26): error TS2339: Property 'name' does not exist on type '{}'.
#23 9.454 src/components/data/SportDataMapper/utils/importUtils.ts(285,54): error TS2339: Property 'name' does not exist on type '{}'.
#23 9.454 src/components/data/SportDataMapper/utils/importUtils.ts(286,42): error TS2339: Property 'name' does not exist on type '{}'.
#23 9.454 src/components/data/SportDataMapper/utils/importUtils.ts(311,22): error TS2339: Property 'type' does not exist on type '{}'.
#23 9.454 src/components/data/SportDataMapper/utils/importUtils.ts(323,25): error TS2339: Property 'name' does not exist on type '{}'.
#23 9.454 src/components/data/SportDataMapper/utils/importUtils.ts(324,22): error TS2339: Property 'name' does not exist on type '{}'.
#23 9.454 src/components/data/SportDataMapper/utils/importUtils.ts(325,67): error TS2339: Property 'name' does not exist on type '{}'.
#23 9.455 src/components/data/SportDataMapper/utils/importUtils.ts(329,25): error TS2339: Property 'industry' does not exist on type '{}'.
#23 9.455 src/components/data/SportDataMapper/utils/importUtils.ts(352,22): error TS2339: Property 'industry' does not exist on type '{}'.
#23 9.455 src/components/data/SportDataMapper/utils/importUtils.ts(356,25): error TS2339: Property 'company_type' does not exist on type '{}'.
#23 9.455 src/components/data/SportDataMapper/utils/importUtils.ts(366,22): error TS2339: Property 'company_type' does not exist on type '{}'.
#23 9.455 src/components/data/SportDataMapper/utils/importUtils.ts(371,25): error TS2339: Property 'country' does not exist on type '{}'.
#23 9.455 src/components/data/SportDataMapper/utils/importUtils.ts(379,26): error TS2339: Property 'country' does not exist on type '{}'.
#23 9.455 src/components/data/SportDataMapper/utils/importUtils.ts(386,27): error TS2339: Property 'country' does not exist on type '{}'.
#23 9.455 src/components/data/SportDataMapper/utils/importUtils.ts(387,24): error TS2339: Property 'country' does not exist on type '{}'.
#23 9.455 src/components/data/SportDataMapper/utils/importUtils.ts(400,24): error TS2339: Property 'broadcast_company_id' does not exist on type '{}'.
#23 9.455 src/components/data/SportDataMapper/utils/importUtils.ts(400,62): error TS2339: Property 'entity_id' does not exist on type '{}'.
#23 9.455 src/components/data/SportDataMapper/utils/importUtils.ts(401,22): error TS2339: Property 'entity_id' does not exist on type '{}'.
#23 9.455 src/components/data/SportDataMapper/utils/importUtils.ts(402,53): error TS2339: Property 'entity_id' does not exist on type '{}'.
#23 9.455 src/components/data/SportDataMapper/utils/importUtils.ts(406,24): error TS2339: Property 'entity_id' does not exist on type '{}'.
#23 9.455 src/components/data/SportDataMapper/utils/importUtils.ts(406,51): error TS2339: Property 'entity_type' does not exist on type '{}'.
#23 9.455 src/components/data/SportDataMapper/utils/importUtils.ts(408,22): error TS2339: Property 'entity_type' does not exist on type '{}'.
#23 9.455 src/components/data/SportDataMapper/utils/importUtils.ts(413,25): error TS2339: Property 'territory' does not exist on type '{}'.
#23 9.455 src/components/data/SportDataMapper/utils/importUtils.ts(417,26): error TS2339: Property 'territory' does not exist on type '{}'.
#23 9.455 src/components/data/SportDataMapper/utils/importUtils.ts(424,27): error TS2339: Property 'territory' does not exist on type '{}'.
#23 9.455 src/components/data/SportDataMapper/utils/importUtils.ts(425,24): error TS2339: Property 'territory' does not exist on type '{}'.
#23 9.455 src/components/data/SportDataMapper/utils/importUtils.ts(431,25): error TS2339: Property 'start_date' does not exist on type '{}'.
#23 9.455 src/components/data/SportDataMapper/utils/importUtils.ts(435,26): error TS2339: Property 'start_date' does not exist on type '{}'.
#23 9.455 src/components/data/SportDataMapper/utils/importUtils.ts(436,58): error TS2339: Property 'start_date' does not exist on type '{}'.
#23 9.455 src/components/data/SportDataMapper/utils/importUtils.ts(442,25): error TS2339: Property 'end_date' does not exist on type '{}'.
#23 9.455 src/components/data/SportDataMapper/utils/importUtils.ts(446,26): error TS2339: Property 'end_date' does not exist on type '{}'.
#23 9.455 src/components/data/SportDataMapper/utils/importUtils.ts(447,56): error TS2339: Property 'end_date' does not exist on type '{}'.
#23 9.456 src/components/data/SportDataMapper/v2/hooks/useImportProcess.ts(179,36): error TS2339: Property 'get' does not exist on type '{ auth: { register: (data: { email: string; password: string; }) => Promise<User>; login: (data: { email: string; password: string; }) => Promise<TokenResponse>; refresh: () => Promise<...>; logout: () => Promise<...>; me: () => Promise<...>; }; ... 7 more ...; linkedin: { ...; }; }'.
#23 9.456 src/components/data/SportDataMapper/v2/hooks/useImportProcess.ts(206,34): error TS2339: Property 'get' does not exist on type '{ auth: { register: (data: { email: string; password: string; }) => Promise<User>; login: (data: { email: string; password: string; }) => Promise<TokenResponse>; refresh: () => Promise<...>; logout: () => Promise<...>; me: () => Promise<...>; }; ... 7 more ...; linkedin: { ...; }; }'.
#23 9.456 src/components/data/SportDataMapper/v2/hooks/useImportProcess.ts(237,34): error TS2339: Property 'get' does not exist on type '{ auth: { register: (data: { email: string; password: string; }) => Promise<User>; login: (data: { email: string; password: string; }) => Promise<TokenResponse>; refresh: () => Promise<...>; logout: () => Promise<...>; me: () => Promise<...>; }; ... 7 more ...; linkedin: { ...; }; }'.
#23 9.456 src/components/data/SportDataMapper/v2/hooks/useImportProcess.ts(274,34): error TS2339: Property 'request' does not exist on type '{ auth: { register: (data: { email: string; password: string; }) => Promise<User>; login: (data: { email: string; password: string; }) => Promise<TokenResponse>; refresh: () => Promise<...>; logout: () => Promise<...>; me: () => Promise<...>; }; ... 7 more ...; linkedin: { ...; }; }'.
#23 9.456 src/components/data/SportDataMapper/v2/hooks/useImportProcess.ts(322,9): error TS2554: Expected 3 arguments, but got 4.
#23 9.456 src/components/data/SportDataMapper/v2/hooks/useImportProcess.ts(338,11): error TS2367: This comparison appears to be unintentional because the types 'EntityType' and '"production_service"' have no overlap.
#23 9.456 src/components/data/SportDataMapper/v2/hooks/useImportProcess.ts(508,7): error TS2554: Expected 3 arguments, but got 4.
#23 9.456 src/components/data/SportDataMapper/v2/hooks/useImportProcess.ts(521,9): error TS2367: This comparison appears to be unintentional because the types 'EntityType' and '"production_service"' have no overlap.
#23 9.456 src/components/sports/EntityFilter.tsx(19,7): error TS2741: Property 'division_conference' is missing in type '{ league: ({ label: string; value: string; type: "string"; } | { label: string; value: string; type: "number"; })[]; team: ({ label: string; value: string; type: "string"; } | { label: string; value: string; type: "number"; })[]; ... 7 more ...; league_executive: ({ ...; } | { ...; })[]; }' but required in type 'Record<EntityType, { label: string; value: string; type: "string" | "number" | "boolean" | "date"; }[]>'.
#23 9.456 src/components/sports/database/EntityList/components/EntityListHeader.tsx(30,33): error TS2749: 'Input' refers to a value, but is being used as a type here. Did you mean 'typeof Input'?
#23 9.456 src/components/sports/database/EntityList/components/EntityListHeader.tsx(108,24): error TS2739: Type '{}' is missing the following properties from type 'Pick<AntdIconProps, "headers" | "method" | "data" | "integrity" | "value" | "role" | "content" | "id" | "type" | "required" | "default" | "name" | "size" | "children" | ... 348 more ... | "twoToneColor">': onPointerEnterCapture, onPointerLeaveCapture
#23 9.456 src/components/sports/database/EntityList/components/EntityListHeader.tsx(117,20): error TS2739: Type '{ className: string; onClick: (e?: MouseEvent<Element, MouseEvent>) => void; }' is missing the following properties from type 'Pick<AntdIconProps, "headers" | "method" | "data" | "integrity" | "value" | "role" | "content" | "id" | "type" | "required" | "default" | "name" | "size" | "children" | ... 348 more ... | "twoToneColor">': onPointerEnterCapture, onPointerLeaveCapture
#23 9.456 src/components/sports/database/EntityList/components/EntityTable.tsx(323,17): error TS2322: Type '"asc" | "desc" | "none"' is not assignable to type '"asc" | "desc"'.
#23 9.456   Type '"none"' is not assignable to type '"asc" | "desc"'.
#23 9.456 src/components/sports/database/EntityList/index.tsx(246,26): error TS2345: Argument of type '{ field: string; operator: string; value: string; }[]' is not assignable to parameter of type 'FilterConfig[]'.
#23 9.456   Type '{ field: string; operator: string; value: string; }' is not assignable to type 'FilterConfig'.
#23 9.456     Types of property 'operator' are incompatible.
#23 9.456       Type 'string' is not assignable to type '"eq" | "neq" | "gt" | "lt" | "contains" | "startswith" | "endswith"'.
#23 9.456 src/components/sports/database/EntityList/index.tsx(281,12): error TS2352: Conversion of type 'Record<string, unknown>[]' to type 'BaseEntity[]' may be a mistake because neither type sufficiently overlaps with the other. If this was intentional, convert the expression to 'unknown' first.
#23 9.456   Type 'Record<string, unknown>' is missing the following properties from type 'BaseEntity': id, name
#23 9.456 src/components/sports/database/EntityList/utils/csvExport.ts(128,5): error TS2304: Cannot find name 'onSuccess'.
#23 9.456 src/components/sports/database/EntityList/utils/csvExport.ts(132,5): error TS2552: Cannot find name 'onError'. Did you mean 'error'?
#23 9.456 src/components/sports/database/SportsDatabaseContext.tsx(301,5): error TS2769: No overload matches this call.
#23 9.456   The last overload gave the following error.
#23 9.456     Object literal may only specify known properties, and 'queryKey' does not exist in type 'readonly unknown[]'.
#23 9.456 src/components/sports/database/SportsDatabaseContext.tsx(315,40): error TS2367: This comparison appears to be unintentional because the types '"asc" | "desc"' and '"none"' have no overlap.
#23 9.456 src/components/sports/database/SportsDatabaseContext.tsx(432,5): error TS2739: Type '{}' is missing the following properties from type 'Error': name, message
#23 9.456 src/features/DataManagement/hooks/useDataSelection.ts(94,5): error TS2769: No overload matches this call.
#23 9.456   The last overload gave the following error.
#23 9.456     Object literal may only specify known properties, and 'queryKey' does not exist in type 'readonly unknown[]'.
#23 9.456 src/features/DataManagement/hooks/useDataSelection.ts(111,5): error TS2769: No overload matches this call.
#23 9.456   The last overload gave the following error.
#23 9.456     Object literal may only specify known properties, and 'queryKey' does not exist in type 'readonly unknown[]'.
#23 9.456 src/features/DataManagement/hooks/useDataSelection.ts(129,5): error TS2769: No overload matches this call.
#23 9.456   The last overload gave the following error.
#23 9.456     Object literal may only specify known properties, and 'queryKey' does not exist in type 'readonly unknown[]'.
#23 9.456 src/features/DataManagement/hooks/useDataSelection.ts(298,5): error TS2739: Type '{}' is missing the following properties from type 'Error': name, message
#23 9.457 src/hooks/__tests__/useEntityResolution.test.ts(1,33): error TS2307: Cannot find module '@testing-library/react-hooks' or its corresponding type declarations.
#23 9.457 src/hooks/__tests__/useEntityResolution.test.ts(3,63): error TS2307: Cannot find module '../../../frontend/src/hooks/useEntityResolution' or its corresponding type declarations.
#23 9.457 src/hooks/__tests__/useRelationshipData.test.ts(1,33): error TS2307: Cannot find module '@testing-library/react-hooks' or its corresponding type declarations.
#23 9.457 src/hooks/useDataManagement.ts(4,15): error TS2614: Module '"../utils/api"' has no exported member 'StructuredData'. Did you mean to use 'import StructuredData from "../utils/api"' instead?
#23 9.457 src/hooks/useDataManagement.ts(4,31): error TS2614: Module '"../utils/api"' has no exported member 'Column'. Did you mean to use 'import Column from "../utils/api"' instead?
#23 9.457 src/hooks/useDataManagement.ts(162,44): error TS2339: Property 'isPending' does not exist on type 'UseMutationResult<Column, Error, { columnName: string; updates: Column; }, unknown>'.
#23 9.457   Property 'isPending' does not exist on type 'Override<MutationObserverIdleResult<Column, Error, { columnName: string; updates: Column; }, unknown>, { mutate: UseMutateFunction<Column, Error, { columnName: string; updates: Column; }, unknown>; }> & { ...; }'.
#23 9.457 src/hooks/useDataManagement.ts(163,40): error TS2339: Property 'isPending' does not exist on type 'UseMutationResult<any, Error, { column_name: string; row_index: number; value: any; }, unknown>'.
#23 9.457   Property 'isPending' does not exist on type 'Override<MutationObserverIdleResult<any, Error, { column_name: string; row_index: number; value: any; }, unknown>, { mutate: UseMutateFunction<any, Error, { column_name: string; row_index: number; value: any; }, unknown>; }> & { ...; }'.
#23 9.457 src/hooks/useDataManagement.ts(164,32): error TS2339: Property 'isPending' does not exist on type 'UseMutationResult<void, Error, void, unknown>'.
#23 9.457   Property 'isPending' does not exist on type 'Override<MutationObserverIdleResult<void, Error, void, unknown>, { mutate: UseMutateFunction<void, Error, void, unknown>; }> & { ...; }'.
#23 9.457 src/hooks/useDataManagement.ts(165,33): error TS2339: Property 'isPending' does not exist on type 'UseMutationResult<any, Error, Record<string, any>, unknown>'.
#23 9.457   Property 'isPending' does not exist on type 'Override<MutationObserverIdleResult<any, Error, Record<string, any>, unknown>, { mutate: UseMutateFunction<any, Error, Record<string, any>, unknown>; }> & { ...; }'.
#23 9.457 src/hooks/useDataManagement.ts(166,38): error TS2339: Property 'isPending' does not exist on type 'UseMutationResult<void, Error, number, unknown>'.
#23 9.457   Property 'isPending' does not exist on type 'Override<MutationObserverIdleResult<void, Error, number, unknown>, { mutate: UseMutateFunction<void, Error, number, unknown>; }> & { ...; }'.
#23 9.457 src/hooks/useEntityResolution.ts(180,5): error TS2353: Object literal may only specify known properties, and 'resolveReferences' does not exist in type 'BatchResolutionResult'.
#23 9.457 src/hooks/useRelationshipData.ts(60,26): error TS2559: Type 'string[]' has no properties in common with type 'FingerprintOptions'.
#23 9.457 src/pages/ChatPage/hooks/useConversations.ts(30,24): error TS2558: Expected 4 type arguments, but got 5.
#23 9.457 src/pages/ChatPage/hooks/useConversations.ts(62,71): error TS2339: Property 'items' does not exist on type 'InfiniteData<ConversationPage>'.
#23 9.457 src/pages/ChatPage/hooks/useConversations.ts(63,59): error TS2339: Property 'total' does not exist on type 'InfiniteData<ConversationPage>'.
#23 9.457 src/pages/ChatPage/hooks/useMessages.ts(17,5): error TS2769: No overload matches this call.
#23 9.457   The last overload gave the following error.
#23 9.457     Object literal may only specify known properties, and 'queryKey' does not exist in type 'readonly unknown[]'.
#23 9.457 src/pages/ChatPage/hooks/useSendMessage.ts(121,36): error TS2339: Property 'isPending' does not exist on type 'UseMutationResult<Message, Error, SendMessageParams, unknown>'.
#23 9.457   Property 'isPending' does not exist on type 'Override<MutationObserverIdleResult<Message, Error, SendMessageParams, unknown>, { mutate: UseMutateFunction<Message, Error, SendMessageParams, unknown>; }> & { ...; }'.
#23 9.457 src/pages/ChatPage/index.tsx(231,11): error TS2322: Type 'any[] | TQueryFnData' is not assignable to type 'Message[]'.
#23 9.457   Type 'TQueryFnData' is not assignable to type 'Message[]'.
#23 9.457 src/pages/Contacts.tsx(82,6): error TS2741: Property 'title' is missing in type '{ children: Element[]; }' but required in type 'PageContainerProps'.
#23 9.457 src/pages/Contacts.tsx(85,9): error TS2322: Type '{ title: string; icon: Element; actions: Element; }' is not assignable to type 'IntrinsicAttributes & PageHeaderProps'.
#23 9.457   Property 'icon' does not exist on type 'IntrinsicAttributes & PageHeaderProps'.
#23 9.457 src/pages/ConversationPage.tsx(51,17): error TS2322: Type '{ key: string; message: Message; isLast: boolean; conversationTitle: string; }' is not assignable to type 'IntrinsicAttributes & MessageItemProps'.
#23 9.457   Property 'isLast' does not exist on type 'IntrinsicAttributes & MessageItemProps'.
#23 9.457 src/pages/DataManagement/hooks/useDataSelection.ts(64,5): error TS2769: No overload matches this call.
#23 9.457   The last overload gave the following error.
#23 9.457     Object literal may only specify known properties, and 'queryKey' does not exist in type 'readonly unknown[]'.
#23 9.457 src/pages/DataManagement/hooks/useDataSelection.ts(81,5): error TS2769: No overload matches this call.
#23 9.457   The last overload gave the following error.
#23 9.457     Object literal may only specify known properties, and 'queryKey' does not exist in type 'readonly unknown[]'.
#23 9.457 src/pages/DataManagement/hooks/useDataSelection.ts(99,5): error TS2769: No overload matches this call.
#23 9.457   The last overload gave the following error.
#23 9.457     Object literal may only specify known properties, and 'queryKey' does not exist in type 'readonly unknown[]'.
#23 9.457 src/pages/DataManagement/index.tsx(46,45): error TS2339: Property 'message' does not exist on type 'unknown'.
#23 9.457 src/pages/DatabaseQuery.tsx(172,17): error TS2339: Property 'response' does not exist on type 'unknown'.
#23 9.457 src/pages/DatabaseQuery.tsx(175,67): error TS2339: Property 'message' does not exist on type 'unknown'.
#23 9.457 src/pages/DatabaseQuery.tsx(819,30): error TS2339: Property 'isPending' does not exist on type 'UseMutationResult<any, unknown, { query: string; natural_language: boolean; export_format?: string; sheet_title?: string; }, unknown>'.
#23 9.457   Property 'isPending' does not exist on type 'Override<MutationObserverIdleResult<any, unknown, { query: string; natural_language: boolean; export_format?: string; sheet_title?: string; }, unknown>, { mutate: UseMutateFunction<any, unknown, { ...; }, unknown>; }> & { ...; }'.
#23 9.457 src/services/SportsDatabaseService.mock.ts(1,10): error TS2614: Module '"../components/sports/EntityFilter"' has no exported member 'EntityType'. Did you mean to use 'import EntityType from "../components/sports/EntityFilter"' instead?
#23 9.457 src/services/SportsDatabaseService.ts(429,35): error TS2551: Property 'createBroadcastRights' does not exist on type '{ lookup: (entityType: string, name: string) => Promise<any>; createBroadcastCompanyWithLogging: (data: any) => Promise<any>; createBroadcastRightsWithErrorHandling: (data: any) => Promise<...>; ... 72 more ...; deleteLeagueExecutive: (id: string) => Promise<...>; }'. Did you mean 'getBroadcastRights'?
#23 9.457 src/services/SportsDatabaseService.ts(675,39): error TS2551: Property 'createBroadcastRights' does not exist on type '{ lookup: (entityType: string, name: string) => Promise<any>; createBroadcastCompanyWithLogging: (data: any) => Promise<any>; createBroadcastRightsWithErrorHandling: (data: any) => Promise<...>; ... 72 more ...; deleteLeagueExecutive: (id: string) => Promise<...>; }'. Did you mean 'getBroadcastRights'?
#23 9.457 src/services/exportService.ts(101,5): error TS2322: Type 'Promise<unknown>' is not assignable to type 'Promise<{ csvData: string; }>'.
#23 9.457   Property 'csvData' is missing in type '{}' but required in type '{ csvData: string; }'.
#23 9.457 src/services/extraction/DataExtractionService.ts(161,13): error TS2322: Type 'Record<string, any>[]' is not assignable to type 'any[][]'.
#23 9.457   Type 'Record<string, any>' is missing the following properties from type 'any[]': length, pop, push, concat, and 29 more.
#23 9.457 src/tests/integration/entity_resolution/test_entity_resolution_flow.tsx(7,31): error TS2307: Cannot find module '../../../frontend/src/components/data/EntityUpdate/SmartEntitySearch' or its corresponding type declarations.
#23 9.457 src/tests/integration/entity_resolution/test_entity_resolution_flow.tsx(8,24): error TS2307: Cannot find module '../../../frontend/src/components/data/EntityUpdate/EntityCard' or its corresponding type declarations.
#23 9.457 src/tests/integration/entity_resolution/test_entity_resolution_flow.tsx(9,35): error TS2307: Cannot find module '../../../frontend/src/components/common/BulkEditModal/EnhancedBulkEditModal' or its corresponding type declarations.
#23 9.457 src/tests/integration/entity_resolution/test_entity_resolution_flow.tsx(16,16): error TS2339: Property 'includes' does not exist on type 'unknown'.
#23 9.457 src/tests/integration/entity_resolution/test_entity_resolution_flow.tsx(19,31): error TS2339: Property 'charAt' does not exist on type 'unknown'.
#23 9.457 src/tests/integration/entity_resolution/test_entity_resolution_flow.tsx(19,62): error TS2339: Property 'slice' does not exist on type 'unknown'.
#23 9.457 src/tests/integration/entity_resolution/test_entity_resolution_flow.tsx(22,23): error TS2339: Property 'includes' does not exist on type 'unknown'.
#23 9.457 src/tests/integration/entity_resolution/test_entity_resolution_flow.tsx(25,31): error TS2339: Property 'charAt' does not exist on type 'unknown'.
#23 9.457 src/tests/integration/entity_resolution/test_entity_resolution_flow.tsx(25,62): error TS2339: Property 'slice' does not exist on type 'unknown'.
#23 9.457 src/tests/integration/entity_resolution/test_entity_resolution_flow.tsx(28,23): error TS2339: Property 'includes' does not exist on type 'unknown'.
#23 9.457 src/tests/integration/entity_resolution/test_entity_resolution_flow.tsx(31,33): error TS2339: Property 'charAt' does not exist on type 'unknown'.
#23 9.457 src/tests/integration/entity_resolution/test_entity_resolution_flow.tsx(31,64): error TS2339: Property 'slice' does not exist on type 'unknown'.
#23 9.457 src/tests/integration/entity_resolution/test_entity_resolution_flow.tsx(33,31): error TS2339: Property 'context' does not exist on type 'unknown'.
#23 9.457 src/tests/integration/entity_resolution/test_entity_resolution_flow.tsx(35,23): error TS2339: Property 'includes' does not exist on type 'unknown'.
#23 9.457 src/tests/integration/entity_resolution/test_entity_resolution_flow.tsx(38,33): error TS2339: Property 'charAt' does not exist on type 'unknown'.
#23 9.457 src/tests/integration/entity_resolution/test_entity_resolution_flow.tsx(38,64): error TS2339: Property 'slice' does not exist on type 'unknown'.
#23 9.457 src/tests/integration/entity_resolution/test_entity_resolution_flow.tsx(41,23): error TS2339: Property 'includes' does not exist on type 'unknown'.
#23 9.457 src/tests/integration/entity_resolution/test_entity_resolution_flow.tsx(92,15): error TS2339: Property 'includes' does not exist on type 'unknown'.
#23 9.457 src/tests/integration/entity_resolution/test_entity_resolution_flow.tsx(100,39): error TS2339: Property 'split' does not exist on type 'unknown'.
#23 9.457 src/tests/integration/entity_resolution/test_entity_resolution_flow.tsx(103,22): error TS2339: Property 'includes' does not exist on type 'unknown'.
#23 9.458 src/tests/integration/entity_resolution/test_entity_resolution_flow.tsx(111,39): error TS2339: Property 'split' does not exist on type 'unknown'.
#23 9.458 src/tests/integration/entity_resolution/test_entity_resolution_flow.tsx(114,22): error TS2339: Property 'includes' does not exist on type 'unknown'.
#23 9.458 src/tests/integration/entity_resolution/test_entity_resolution_flow.tsx(122,39): error TS2339: Property 'split' does not exist on type 'unknown'.
#23 9.458 src/tests/integration/entity_resolution/test_entity_resolution_flow.tsx(125,22): error TS2339: Property 'includes' does not exist on type 'unknown'.
#23 9.458 src/tests/integration/entity_resolution/test_entity_resolution_flow.tsx(133,39): error TS2339: Property 'split' does not exist on type 'unknown'.
#23 9.458 src/tests/integration/entity_resolution/test_entity_resolution_flow.tsx(148,15): error TS2339: Property 'includes' does not exist on type 'unknown'.
#23 9.458 src/tests/integration/entity_resolution/test_entity_resolution_flow.tsx(155,22): error TS2339: Property 'includes' does not exist on type 'unknown'.
#23 9.458 src/tests/integration/entity_resolution/test_entity_resolution_flow.tsx(162,22): error TS2339: Property 'includes' does not exist on type 'unknown'.
#23 9.458 src/tests/integration/entity_resolution/test_entity_resolution_flow.tsx(174,24): error TS2698: Spread types may only be created from object types.
#23 9.458 src/tests/integration/entity_resolution/test_entity_resolution_flow.tsx(177,15): error TS2339: Property 'includes' does not exist on type 'unknown'.
#23 9.458 src/tests/integration/entity_resolution/test_entity_resolution_flow.tsx(180,39): error TS2339: Property 'entities' does not exist on type 'unknown'.
#23 9.458 src/tests/integration/entity_resolution/test_entity_resolution_flow.tsx(182,37): error TS2339: Property 'entities' does not exist on type 'unknown'.
#23 9.458 src/tests/integration/entity_resolution/test_entity_resolution_flow.tsx(186,24): error TS2698: Spread types may only be created from object types.
#23 9.458 src/tests/integration/entity_resolution/test_entity_resolution_flow.tsx(202,5): error TS2698: Spread types may only be created from object types.
#23 9.458 src/tests/integration/entity_resolution/test_entity_resolution_flow.tsx(225,24): error TS2339: Property 'includes' does not exist on type 'unknown'.
#23 9.458 src/tests/integration/entity_resolution/test_entity_resolution_flow.tsx(228,41): error TS2339: Property 'charAt' does not exist on type 'unknown'.
#23 9.458 src/tests/integration/entity_resolution/test_entity_resolution_flow.tsx(228,78): error TS2339: Property 'slice' does not exist on type 'unknown'.
#23 9.458 src/tests/integration/entity_resolution/test_entity_resolution_flow.tsx(231,31): error TS2339: Property 'includes' does not exist on type 'unknown'.
#23 9.458 src/tests/integration/entity_resolution/test_entity_resolution_flow.tsx(234,41): error TS2339: Property 'charAt' does not exist on type 'unknown'.
#23 9.458 src/tests/integration/entity_resolution/test_entity_resolution_flow.tsx(234,78): error TS2339: Property 'slice' does not exist on type 'unknown'.
#23 9.458 src/tests/integration/entity_resolution/test_entity_resolution_flow.tsx(237,31): error TS2339: Property 'includes' does not exist on type 'unknown'.
#23 9.459 src/tests/integration/entity_resolution/test_entity_resolution_flow.tsx(240,43): error TS2339: Property 'charAt' does not exist on type 'unknown'.
#23 9.459 src/tests/integration/entity_resolution/test_entity_resolution_flow.tsx(240,80): error TS2339: Property 'slice' does not exist on type 'unknown'.
#23 9.459 src/tests/integration/entity_resolution/test_entity_resolution_flow.tsx(243,31): error TS2339: Property 'includes' does not exist on type 'unknown'.
#23 9.459 src/tests/integration/entity_resolution/test_entity_resolution_flow.tsx(246,43): error TS2339: Property 'charAt' does not exist on type 'unknown'.
#23 9.459 src/tests/integration/entity_resolution/test_entity_resolution_flow.tsx(246,80): error TS2339: Property 'slice' does not exist on type 'unknown'.
#23 9.459 src/tests/integration/entity_resolution/test_entity_resolution_flow.tsx(249,31): error TS2339: Property 'includes' does not exist on type 'unknown'.
#23 9.459 src/tests/integration/entity_resolution/test_entity_resolution_flow.tsx(276,38): error TS2339: Property 'match_score' does not exist on type '{}'.
#23 9.459 src/tests/integration/entity_resolution/test_entity_resolution_flow.tsx(277,40): error TS2339: Property 'fuzzy_matched' does not exist on type '{}'.
#23 9.459 src/tests/integration/entity_resolution/test_entity_resolution_flow.tsx(278,42): error TS2339: Property 'context_matched' does not exist on type '{}'.
#23 9.459 src/tests/integration/entity_resolution/test_entity_resolution_flow.tsx(279,41): error TS2339: Property 'virtual_entity' does not exist on type '{}'.
#23 9.459 src/tests/integration/entity_resolution/test_entity_resolution_flow.tsx(280,46): error TS2339: Property 'resolved_entity_type' does not exist on type '{}'.
#23 9.459 src/tests/integration/entity_resolution/test_entity_resolution_flow.tsx(281,39): error TS2339: Property 'resolved_via' does not exist on type '{}'.
#23 9.459 src/tests/integration/entity_resolution/test_entity_resolution_flow.tsx(370,37): error TS2345: Argument of type 'unknown' is not assignable to parameter of type 'string'.
#23 9.459 src/tests/integration/entity_resolution/test_entity_resolution_flow.tsx(373,29): error TS2322: Type 'unknown' is not assignable to type 'string'.
#23 9.459 src/tests/integration/entity_resolution/test_entity_resolution_flow.tsx(373,48): error TS2322: Type 'unknown' is not assignable to type 'string'.
#23 9.459 src/tests/integration/entity_resolution/test_entity_resolution_flow.tsx(377,41): error TS2464: A computed property name must be of type 'string', 'number', 'symbol', or 'any'.
#23 9.459 src/tests/integration/entity_resolution/test_entity_resolution_flow.tsx(463,5): error TS2698: Spread types may only be created from object types.
#23 9.459 src/utils/__tests__/enhancedApiClient.test.ts(3,10): error TS2724: '"../errors"' has no exported member named 'APIError'. Did you mean 'ApiError'?
#23 9.459 src/utils/__tests__/entityResolutionTestUtils.ts(1,36): error TS2307: Cannot find module '../../../frontend/src/types/sports' or its corresponding type declarations.
#23 9.459 src/utils/__tests__/entityResolutionTestUtils.ts(2,41): error TS2307: Cannot find module '../../../frontend/src/utils/entityResolver' or its corresponding type declarations.
#23 9.459 src/utils/__tests__/memoization.test.tsx(75,55): error TS2345: Argument of type 'ForwardRefExoticComponent<{ text: string; } & RefAttributes<HTMLDivElement>>' is not assignable to parameter of type 'ComponentType<{ text: string; } & RefAttributes<HTMLDivElement> & { ref?: Ref<HTMLDivElement>; }>'.
#23 9.459   Type 'ForwardRefExoticComponent<{ text: string; } & RefAttributes<HTMLDivElement>>' is not assignable to type 'FunctionComponent<{ text: string; } & RefAttributes<HTMLDivElement> & { ref?: Ref<HTMLDivElement>; }>'.
#23 9.459     The types of 'propTypes.ref' are incompatible between these types.
#23 9.459       Type 'Validator<LegacyRef<HTMLDivElement>>' is not assignable to type 'Validator<LegacyRef<HTMLDivElement> & Ref<HTMLDivElement>>'.
#23 9.459         Type 'LegacyRef<HTMLDivElement>' is not assignable to type 'LegacyRef<HTMLDivElement> & Ref<HTMLDivElement>'.
#23 9.459           Type 'string' is not assignable to type 'LegacyRef<HTMLDivElement> & Ref<HTMLDivElement>'.
#23 9.459 src/utils/__tests__/memoization.test.tsx(84,55): error TS2345: Argument of type 'ForwardRefExoticComponent<{ text: string; } & RefAttributes<HTMLDivElement>>' is not assignable to parameter of type 'ComponentType<{ text: string; } & RefAttributes<HTMLDivElement> & { ref?: Ref<HTMLDivElement>; }>'.
#23 9.459   Type 'ForwardRefExoticComponent<{ text: string; } & RefAttributes<HTMLDivElement>>' is not assignable to type 'FunctionComponent<{ text: string; } & RefAttributes<HTMLDivElement> & { ref?: Ref<HTMLDivElement>; }>'.
#23 9.459     The types of 'propTypes.ref' are incompatible between these types.
#23 9.459       Type 'Validator<LegacyRef<HTMLDivElement>>' is not assignable to type 'Validator<LegacyRef<HTMLDivElement> & Ref<HTMLDivElement>>'.
#23 9.459         Type 'LegacyRef<HTMLDivElement>' is not assignable to type 'LegacyRef<HTMLDivElement> & Ref<HTMLDivElement>'.
#23 9.459           Type 'string' is not assignable to type 'LegacyRef<HTMLDivElement> & Ref<HTMLDivElement>'.
#23 9.459 src/utils/apiCache.ts(426,9): error TS2322: Type 'Promise<R>' is not assignable to type 'Promise<AxiosResponse<any, any>>'.
#23 9.459   Type 'R' is not assignable to type 'AxiosResponse<any, any>'.
#23 9.459 src/utils/drivePickerUtils.ts(121,5): error TS2717: Subsequent property declarations must have the same type.  Property 'gapi' must be of type '{ load: (api: string, options: { callback: () => void; onerror: (error: any) => void; }) => void; client: any; }', but here has type 'any'.
#23 9.459 src/utils/drivePickerUtils.ts(122,5): error TS2717: Subsequent property declarations must have the same type.  Property 'google' must be of type '{ picker: { DocsView: new (viewId: string) => { setIncludeFolders: (include: boolean) => any; setSelectFolderEnabled: (enabled: boolean) => any; setMode: (mode: string) => any; }; ViewId: { FOLDERS: string; DOCS: string; }; DocsViewMode: { ...; }; PickerBuilder: new () => { ...; }; Action: { ...; }; }; }', but here has type '{ picker: any; }'.
#23 9.459 src/utils/enhancedApiClient.ts(13,10): error TS2724: '"./errors"' has no exported member named 'APIError'. Did you mean 'ApiError'?
#23 9.459 src/utils/enhancedApiClient.ts(135,13): error TS2554: Expected 1 arguments, but got 3.
#23 9.459 src/utils/enhancedApiClient.ts(181,30): error TS2347: Untyped function calls may not accept type arguments.
#23 9.459 src/utils/enhancedApiClient.ts(186,30): error TS2347: Untyped function calls may not accept type arguments.
#23 9.459 src/utils/enhancedApiClient.ts(191,30): error TS2347: Untyped function calls may not accept type arguments.
#23 9.459 src/utils/enhancedApiClient.ts(196,30): error TS2347: Untyped function calls may not accept type arguments.
#23 9.459 src/utils/enhancedApiClient.ts(201,30): error TS2347: Untyped function calls may not accept type arguments.
#23 9.460 src/utils/enhancedApiClient.ts(207,30): error TS2347: Untyped function calls may not accept type arguments.
#23 9.460 src/utils/errors.ts(166,9): error TS2739: Type 'ValidationError' is missing the following properties from type 'ApiError': status, details
#23 9.460 src/utils/errors.ts(174,9): error TS2739: Type 'AuthError' is missing the following properties from type 'ApiError': status, details
#23 9.460 src/utils/errors.ts(181,5): error TS2739: Type 'NetworkError' is missing the following properties from type 'ApiError': status, details
#23 9.460 src/utils/errors.ts(244,19): error TS2339: Property 'message' does not exist on type 'never'.
#23 9.460 src/utils/memoization.tsx(112,13): error TS2322: Type 'PropsWithoutRef<P> & { ref: ForwardedRef<T>; }' is not assignable to type 'IntrinsicAttributes & P & { ref?: Ref<T>; }'.
#23 9.460   Type 'PropsWithoutRef<P> & { ref: ForwardedRef<T>; }' is not assignable to type 'P'.
#23 9.460     'PropsWithoutRef<P> & { ref: ForwardedRef<T>; }' is assignable to the constraint of type 'P', but 'P' could be instantiated with a different subtype of constraint 'object'.
#23 9.460 src/utils/memoization.tsx(150,7): error TS2322: Type '(value: any, key: any) => string' is not assignable to type '(value: any) => string'.
#23 9.460   Target signature provides too few arguments. Expected 2 or more, but got 1.
#23 9.460 src/utils/memoization.tsx(189,7): error TS2322: Type '(value: any, key: any) => string' is not assignable to type '(value: any) => string'.
#23 9.460   Target signature provides too few arguments. Expected 2 or more, but got 1.
#23 9.460 src/utils/prefetch.ts(174,31): error TS2686: 'React' refers to a UMD global, but the current file is a module. Consider adding an import instead.
#23 9.460 src/utils/prefetch.ts(224,31): error TS2686: 'React' refers to a UMD global, but the current file is a module. Consider adding an import instead.
#23 9.460 src/utils/relationshipLoader.ts(358,64): error TS2345: Argument of type '{ field: string; operator: string; value: string; }[]' is not assignable to parameter of type 'FilterConfig[]'.
#23 9.460   Type '{ field: string; operator: string; value: string; }' is not assignable to type 'FilterConfig'.
#23 9.460     Types of property 'operator' are incompatible.
#23 9.460       Type 'string' is not assignable to type '"eq" | "neq" | "gt" | "lt" | "contains" | "startswith" | "endswith"'.
#23 9.460 src/utils/relationshipLoader.ts(360,32): error TS2339: Property 'items' does not exist on type 'unknown'.
#23 9.460 src/utils/relationshipLoader.ts(490,7): error TS2740: Type '{}' is missing the following properties from type 'Record<EntityType, any[]>': production, league, division_conference, team, and 7 more.
#23 9.460 src/utils/relationshipLoader.ts(512,34): error TS2339: Property 'items' does not exist on type 'unknown'.
#23 9.460 src/utils/validation.ts(163,24): error TS2345: Argument of type '{ type: string; required: boolean; properties: { headers: { type: string; required: boolean; items: { type: string; }; minItems: number; }; rows: { type: string; required: boolean; items: { type: string; }; }; }; }' is not assignable to parameter of type 'DataSchema'.
#23 9.460   Types of property 'type' are incompatible.
#23 9.460     Type 'string' is not assignable to type '"string" | "number" | "boolean" | "object" | "array"'.
#23 9.486 info Visit https://yarnpkg.com/en/docs/cli/run for documentation about this command.
#23 9.486 error Command failed with exit code 2.
#23 ERROR: process "/bin/sh -c yarn build" did not complete successfully: exit code: 2
------
 > [app frontend-builder 12/12] RUN yarn build:
9.460     Types of property 'operator' are incompatible.
9.460       Type 'string' is not assignable to type '"eq" | "neq" | "gt" | "lt" | "contains" | "startswith" | "endswith"'.
9.460 src/utils/relationshipLoader.ts(360,32): error TS2339: Property 'items' does not exist on type 'unknown'.
9.460 src/utils/relationshipLoader.ts(490,7): error TS2740: Type '{}' is missing the following properties from type 'Record<EntityType, any[]>': production, league, division_conference, team, and 7 more.
9.460 src/utils/relationshipLoader.ts(512,34): error TS2339: Property 'items' does not exist on type 'unknown'.
9.460 src/utils/validation.ts(163,24): error TS2345: Argument of type '{ type: string; required: boolean; properties: { headers: { type: string; required: boolean; items: { type: string; }; minItems: number; }; rows: { type: string; required: boolean; items: { type: string; }; }; }; }' is not assignable to parameter of type 'DataSchema'.
9.460   Types of property 'type' are incompatible.
9.460     Type 'string' is not assignable to type '"string" | "number" | "boolean" | "object" | "array"'.
9.486 info Visit https://yarnpkg.com/en/docs/cli/run for documentation about this command.
9.486 error Command failed with exit code 2.
------
failed to solve: process "/bin/sh -c yarn build" did not complete successfully: exit code: 2
